<?xml version="1.0" encoding="UTF-8"?>
<coverage generated="1768996225023" clover="3.2.0">
  <project timestamp="1768996225023" name="All files">
    <metrics statements="380" coveredstatements="376" conditionals="88" coveredconditionals="86" methods="93" coveredmethods="92" elements="561" coveredelements="554" complexity="0" loc="380" ncloc="380" packages="13" files="27" classes="27"/>
    <package name="src">
      <metrics statements="2" coveredstatements="1" conditionals="0" coveredconditionals="0" methods="1" coveredmethods="0"/>
      <file name="main.ts" path="/home/vin_enault/OpenClassrooms/Testez-et-am-liorez-une-application-full-stack/front/src/main.ts">
        <metrics statements="2" coveredstatements="1" conditionals="0" coveredconditionals="0" methods="1" coveredmethods="0"/>
        <line num="5" count="866" type="stmt"/>
        <line num="6" count="0" type="stmt"/>
      </file>
    </package>
    <package name="src.app">
      <metrics statements="22" coveredstatements="22" conditionals="4" coveredconditionals="4" methods="4" coveredmethods="4"/>
      <file name="app.component.html" path="/home/vin_enault/OpenClassrooms/Testez-et-am-liorez-une-application-full-stack/front/src/app/app.component.html">
        <metrics statements="13" coveredstatements="13" conditionals="2" coveredconditionals="2" methods="1" coveredmethods="1"/>
        <line num="3" count="866" type="stmt"/>
        <line num="4" count="68724" type="cond" truecount="2" falsecount="0"/>
        <line num="5" count="308" type="stmt"/>
        <line num="6" count="308" type="stmt"/>
        <line num="7" count="308" type="stmt"/>
        <line num="8" count="866" type="stmt"/>
        <line num="10" count="956" type="stmt"/>
        <line num="11" count="956" type="stmt"/>
        <line num="12" count="956" type="stmt"/>
        <line num="14" count="866" type="stmt"/>
        <line num="15" count="866" type="stmt"/>
        <line num="16" count="866" type="stmt"/>
        <line num="18" count="866" type="stmt"/>
      </file>
      <file name="app.component.ts" path="/home/vin_enault/OpenClassrooms/Testez-et-am-liorez-une-application-full-stack/front/src/app/app.component.ts">
        <metrics statements="7" coveredstatements="7" conditionals="2" coveredconditionals="2" methods="3" coveredmethods="3"/>
        <line num="15" count="1732" type="cond" truecount="2" falsecount="0"/>
        <line num="16" count="866" type="stmt"/>
        <line num="17" count="866" type="stmt"/>
        <line num="18" count="866" type="stmt"/>
        <line num="21" count="34362" type="stmt"/>
        <line num="25" count="26" type="stmt"/>
        <line num="26" count="26" type="stmt"/>
      </file>
      <file name="app.config.ts" path="/home/vin_enault/OpenClassrooms/Testez-et-am-liorez-une-application-full-stack/front/src/app/app.config.ts">
        <metrics statements="1" coveredstatements="1" conditionals="0" coveredconditionals="0" methods="0" coveredmethods="0"/>
        <line num="7" count="866" type="stmt"/>
      </file>
      <file name="app.routes.ts" path="/home/vin_enault/OpenClassrooms/Testez-et-am-liorez-une-application-full-stack/front/src/app/app.routes.ts">
        <metrics statements="1" coveredstatements="1" conditionals="0" coveredconditionals="0" methods="0" coveredmethods="0"/>
        <line num="12" count="866" type="stmt"/>
      </file>
    </package>
    <package name="src.app.components.me">
      <metrics statements="33" coveredstatements="33" conditionals="6" coveredconditionals="6" methods="7" coveredmethods="7"/>
      <file name="me.component.html" path="/home/vin_enault/OpenClassrooms/Testez-et-am-liorez-une-application-full-stack/front/src/app/components/me/me.component.html">
        <metrics statements="22" coveredstatements="22" conditionals="4" coveredconditionals="4" methods="2" coveredmethods="2"/>
        <line num="5" count="131" type="stmt"/>
        <line num="6" count="131" type="stmt"/>
        <line num="7" count="131" type="stmt"/>
        <line num="8" count="131" type="stmt"/>
        <line num="10" count="131" type="stmt"/>
        <line num="11" count="131" type="stmt"/>
        <line num="12" count="492" type="stmt"/>
        <line num="13" count="722" type="cond" truecount="2" falsecount="0"/>
        <line num="15" count="591" type="stmt"/>
        <line num="16" count="591" type="stmt"/>
        <line num="17" count="460" type="cond" truecount="2" falsecount="0"/>
        <line num="18" count="67" type="stmt"/>
        <line num="19" count="131" type="stmt"/>
        <line num="21" count="64" type="stmt"/>
        <line num="22" count="128" type="stmt"/>
        <line num="23" count="64" type="stmt"/>
        <line num="24" count="64" type="stmt"/>
        <line num="26" count="64" type="stmt"/>
        <line num="29" count="591" type="stmt"/>
        <line num="30" count="591" type="stmt"/>
        <line num="32" count="131" type="stmt"/>
        <line num="36" count="131" type="stmt"/>
      </file>
      <file name="me.component.ts" path="/home/vin_enault/OpenClassrooms/Testez-et-am-liorez-une-application-full-stack/front/src/app/components/me/me.component.ts">
        <metrics statements="11" coveredstatements="11" conditionals="2" coveredconditionals="2" methods="5" coveredmethods="5"/>
        <line num="16" count="997" type="cond" truecount="2" falsecount="0"/>
        <line num="17" count="131" type="stmt"/>
        <line num="18" count="131" type="stmt"/>
        <line num="19" count="131" type="stmt"/>
        <line num="20" count="131" type="stmt"/>
        <line num="21" count="131" type="stmt"/>
        <line num="28" count="34" type="stmt"/>
        <line num="32" count="64" type="stmt"/>
        <line num="35" count="64" type="stmt"/>
        <line num="36" count="64" type="stmt"/>
        <line num="37" count="64" type="stmt"/>
      </file>
    </package>
    <package name="src.app.core.service">
      <metrics statements="36" coveredstatements="36" conditionals="10" coveredconditionals="10" methods="26" coveredmethods="26"/>
      <file name="auth.service.ts" path="/home/vin_enault/OpenClassrooms/Testez-et-am-liorez-une-application-full-stack/front/src/app/core/service/auth.service.ts">
        <metrics statements="5" coveredstatements="5" conditionals="2" coveredconditionals="2" methods="4" coveredmethods="4"/>
        <line num="11" count="1732" type="cond" truecount="2" falsecount="0"/>
        <line num="13" count="866" type="stmt"/>
        <line num="15" count="866" type="stmt"/>
        <line num="18" count="167" type="stmt"/>
        <line num="22" count="518" type="stmt"/>
      </file>
      <file name="session-api.service.ts" path="/home/vin_enault/OpenClassrooms/Testez-et-am-liorez-une-application-full-stack/front/src/app/core/service/session-api.service.ts">
        <metrics statements="10" coveredstatements="10" conditionals="2" coveredconditionals="2" methods="9" coveredmethods="9"/>
        <line num="9" count="1176" type="cond" truecount="2" falsecount="0"/>
        <line num="11" count="310" type="stmt"/>
        <line num="13" count="310" type="stmt"/>
        <line num="17" count="525" type="stmt"/>
        <line num="21" count="222" type="stmt"/>
        <line num="25" count="28" type="stmt"/>
        <line num="29" count="34" type="stmt"/>
        <line num="33" count="30" type="stmt"/>
        <line num="37" count="33" type="stmt"/>
        <line num="41" count="33" type="stmt"/>
      </file>
      <file name="session.service.ts" path="/home/vin_enault/OpenClassrooms/Testez-et-am-liorez-une-application-full-stack/front/src/app/core/service/session.service.ts">
        <metrics statements="11" coveredstatements="11" conditionals="2" coveredconditionals="2" methods="5" coveredmethods="5"/>
        <line num="8" count="1732" type="cond" truecount="2" falsecount="0"/>
        <line num="10" count="866" type="stmt"/>
        <line num="13" count="866" type="stmt"/>
        <line num="16" count="34362" type="stmt"/>
        <line num="20" count="310" type="stmt"/>
        <line num="21" count="310" type="stmt"/>
        <line num="22" count="310" type="stmt"/>
        <line num="26" count="90" type="stmt"/>
        <line num="27" count="90" type="stmt"/>
        <line num="28" count="90" type="stmt"/>
        <line num="32" count="400" type="stmt"/>
      </file>
      <file name="teacher.service.ts" path="/home/vin_enault/OpenClassrooms/Testez-et-am-liorez-une-application-full-stack/front/src/app/core/service/teacher.service.ts">
        <metrics statements="5" coveredstatements="5" conditionals="2" coveredconditionals="2" methods="4" coveredmethods="4"/>
        <line num="9" count="998" type="cond" truecount="2" falsecount="0"/>
        <line num="11" count="132" type="stmt"/>
        <line num="13" count="132" type="stmt"/>
        <line num="16" count="64" type="stmt"/>
        <line num="20" count="192" type="stmt"/>
      </file>
      <file name="user.service.ts" path="/home/vin_enault/OpenClassrooms/Testez-et-am-liorez-une-application-full-stack/front/src/app/core/service/user.service.ts">
        <metrics statements="5" coveredstatements="5" conditionals="2" coveredconditionals="2" methods="4" coveredmethods="4"/>
        <line num="9" count="997" type="cond" truecount="2" falsecount="0"/>
        <line num="11" count="131" type="stmt"/>
        <line num="13" count="131" type="stmt"/>
        <line num="16" count="131" type="stmt"/>
        <line num="20" count="64" type="stmt"/>
      </file>
    </package>
    <package name="src.app.guards">
      <metrics statements="14" coveredstatements="12" conditionals="8" coveredconditionals="7" methods="6" coveredmethods="6"/>
      <file name="auth.guard.ts" path="/home/vin_enault/OpenClassrooms/Testez-et-am-liorez-une-application-full-stack/front/src/app/guards/auth.guard.ts">
        <metrics statements="7" coveredstatements="7" conditionals="4" coveredconditionals="4" methods="3" coveredmethods="3"/>
        <line num="6" count="1212" type="cond" truecount="2" falsecount="0"/>
        <line num="9" count="346" type="stmt"/>
        <line num="10" count="346" type="stmt"/>
        <line num="15" count="511" type="cond" truecount="2" falsecount="0"/>
        <line num="16" count="36" type="stmt"/>
        <line num="17" count="36" type="stmt"/>
        <line num="19" count="475" type="stmt"/>
      </file>
      <file name="unauth.guard.ts" path="/home/vin_enault/OpenClassrooms/Testez-et-am-liorez-une-application-full-stack/front/src/app/guards/unauth.guard.ts">
        <metrics statements="7" coveredstatements="5" conditionals="4" coveredconditionals="3" methods="3" coveredmethods="3"/>
        <line num="6" count="1696" type="cond" truecount="2" falsecount="0"/>
        <line num="9" count="830" type="stmt"/>
        <line num="10" count="830" type="stmt"/>
        <line num="15" count="1022" type="cond" truecount="1" falsecount="1"/>
        <line num="16" count="0" type="stmt"/>
        <line num="17" count="0" type="stmt"/>
        <line num="19" count="1022" type="stmt"/>
      </file>
    </package>
    <package name="src.app.interceptors">
      <metrics statements="4" coveredstatements="4" conditionals="2" coveredconditionals="2" methods="1" coveredmethods="1"/>
      <file name="customJwtInterceptorFn.ts" path="/home/vin_enault/OpenClassrooms/Testez-et-am-liorez-une-application-full-stack/front/src/app/interceptors/customJwtInterceptorFn.ts">
        <metrics statements="4" coveredstatements="4" conditionals="2" coveredconditionals="2" methods="1" coveredmethods="1"/>
        <line num="7" count="2039" type="stmt"/>
        <line num="8" count="2039" type="cond" truecount="2" falsecount="0"/>
        <line num="9" count="1354" type="stmt"/>
        <line num="15" count="2039" type="stmt"/>
      </file>
    </package>
    <package name="src.app.pages.login">
      <metrics statements="59" coveredstatements="59" conditionals="14" coveredconditionals="14" methods="10" coveredmethods="10"/>
      <file name="login.component.ts" path="/home/vin_enault/OpenClassrooms/Testez-et-am-liorez-une-application-full-stack/front/src/app/pages/login/login.component.ts">
        <metrics statements="59" coveredstatements="59" conditionals="14" coveredconditionals="14" methods="10" coveredmethods="10"/>
        <line num="1" count="1" type="stmt"/>
        <line num="10" count="1" type="stmt"/>
        <line num="15" count="375" type="cond" truecount="2" falsecount="0"/>
        <line num="16" count="188" type="stmt"/>
        <line num="17" count="188" type="stmt"/>
        <line num="18" count="188" type="stmt"/>
        <line num="21" count="866" type="stmt"/>
        <line num="24" count="784" type="stmt"/>
        <line num="25" count="784" type="stmt"/>
        <line num="26" count="784" type="stmt"/>
        <line num="27" count="784" type="stmt"/>
        <line num="28" count="784" type="stmt"/>
        <line num="29" count="784" type="stmt"/>
        <line num="30" count="784" type="stmt"/>
        <line num="36" count="519" type="stmt"/>
        <line num="37" count="519" type="stmt"/>
        <line num="39" count="311" type="stmt"/>
        <line num="40" count="311" type="stmt"/>
        <line num="42" count="188" type="stmt"/>
        <line num="46" count="867" type="stmt"/>
        <line num="47" count="784" type="cond" truecount="2" falsecount="0"/>
        <line num="51" count="866" type="stmt"/>
        <line num="58" count="18497" type="cond" truecount="2" falsecount="0"/>
        <line num="59" count="783" type="stmt"/>
        <line num="60" count="783" type="stmt"/>
        <line num="61" count="783" type="stmt"/>
        <line num="62" count="783" type="stmt"/>
        <line num="63" count="783" type="stmt"/>
        <line num="64" count="518" type="stmt"/>
        <line num="66" count="783" type="stmt"/>
        <line num="67" count="783" type="stmt"/>
        <line num="68" count="783" type="stmt"/>
        <line num="69" count="783" type="stmt"/>
        <line num="70" count="783" type="stmt"/>
        <line num="71" count="783" type="stmt"/>
        <line num="72" count="783" type="stmt"/>
        <line num="73" count="148" type="stmt"/>
        <line num="75" count="783" type="stmt"/>
        <line num="76" count="783" type="stmt"/>
        <line num="77" count="783" type="stmt"/>
        <line num="78" count="783" type="stmt"/>
        <line num="79" count="783" type="stmt"/>
        <line num="80" count="783" type="stmt"/>
        <line num="81" count="783" type="stmt"/>
        <line num="82" count="783" type="stmt"/>
        <line num="84" count="18497" type="cond" truecount="2" falsecount="0"/>
        <line num="85" count="17714" type="stmt"/>
        <line num="86" count="17714" type="stmt"/>
        <line num="87" count="17714" type="stmt"/>
        <line num="88" count="17714" type="cond" truecount="2" falsecount="0"/>
        <line num="89" count="17714" type="stmt"/>
        <line num="90" count="17714" type="stmt"/>
        <line num="91" count="17714" type="stmt"/>
        <line num="92" count="17714" type="cond" truecount="2" falsecount="0"/>
        <line num="93" count="17714" type="stmt"/>
        <line num="94" count="17714" type="stmt"/>
        <line num="95" count="17714" type="stmt"/>
        <line num="96" count="17714" type="cond" truecount="2" falsecount="0"/>
        <line num="104" count="866" type="stmt"/>
      </file>
    </package>
    <package name="src.app.pages.not-found">
      <metrics statements="3" coveredstatements="3" conditionals="2" coveredconditionals="2" methods="1" coveredmethods="1"/>
      <file name="not-found.component.html" path="/home/vin_enault/OpenClassrooms/Testez-et-am-liorez-une-application-full-stack/front/src/app/pages/not-found/not-found.component.html">
        <metrics statements="2" coveredstatements="2" conditionals="0" coveredconditionals="0" methods="0" coveredmethods="0"/>
        <line num="2" count="36" type="stmt"/>
        <line num="3" count="36" type="stmt"/>
      </file>
      <file name="not-found.component.ts" path="/home/vin_enault/OpenClassrooms/Testez-et-am-liorez-une-application-full-stack/front/src/app/pages/not-found/not-found.component.ts">
        <metrics statements="1" coveredstatements="1" conditionals="2" coveredconditionals="2" methods="1" coveredmethods="1"/>
        <line num="8" count="902" type="cond" truecount="2" falsecount="0"/>
      </file>
    </package>
    <package name="src.app.pages.register">
      <metrics statements="29" coveredstatements="29" conditionals="4" coveredconditionals="4" methods="5" coveredmethods="5"/>
      <file name="register.component.html" path="/home/vin_enault/OpenClassrooms/Testez-et-am-liorez-une-application-full-stack/front/src/app/pages/register/register.component.html">
        <metrics statements="19" coveredstatements="19" conditionals="2" coveredconditionals="2" methods="1" coveredmethods="1"/>
        <line num="4" count="239" type="stmt"/>
        <line num="5" count="239" type="stmt"/>
        <line num="6" count="20462" type="stmt"/>
        <line num="8" count="239" type="stmt"/>
        <line num="9" count="239" type="stmt"/>
        <line num="10" count="239" type="stmt"/>
        <line num="11" count="239" type="stmt"/>
        <line num="12" count="239" type="stmt"/>
        <line num="13" count="239" type="stmt"/>
        <line num="14" count="239" type="stmt"/>
        <line num="15" count="239" type="stmt"/>
        <line num="16" count="239" type="stmt"/>
        <line num="17" count="239" type="stmt"/>
        <line num="18" count="239" type="stmt"/>
        <line num="20" count="239" type="stmt"/>
        <line num="21" count="20462" type="stmt"/>
        <line num="22" count="20462" type="cond" truecount="2" falsecount="0"/>
        <line num="23" count="39" type="stmt"/>
        <line num="27" count="239" type="stmt"/>
      </file>
      <file name="register.component.ts" path="/home/vin_enault/OpenClassrooms/Testez-et-am-liorez-une-application-full-stack/front/src/app/pages/register/register.component.ts">
        <metrics statements="10" coveredstatements="10" conditionals="2" coveredconditionals="2" methods="4" coveredmethods="4"/>
        <line num="14" count="1105" type="cond" truecount="2" falsecount="0"/>
        <line num="15" count="239" type="stmt"/>
        <line num="16" count="239" type="stmt"/>
        <line num="17" count="239" type="stmt"/>
        <line num="18" count="239" type="stmt"/>
        <line num="20" count="239" type="stmt"/>
        <line num="56" count="167" type="stmt"/>
        <line num="57" count="167" type="stmt"/>
        <line num="58" count="30" type="stmt"/>
        <line num="59" count="73" type="stmt"/>
      </file>
    </package>
    <package name="src.app.pages.sessions.components.detail">
      <metrics statements="82" coveredstatements="82" conditionals="10" coveredconditionals="10" methods="19" coveredmethods="19"/>
      <file name="detail.component.html" path="/home/vin_enault/OpenClassrooms/Testez-et-am-liorez-une-application-full-stack/front/src/app/pages/sessions/components/detail/detail.component.html">
        <metrics statements="54" coveredstatements="54" conditionals="8" coveredconditionals="8" methods="4" coveredmethods="4"/>
        <line num="1" count="126" type="stmt"/>
        <line num="2" count="1596" type="cond" truecount="2" falsecount="0"/>
        <line num="7" count="186" type="stmt"/>
        <line num="8" count="126" type="stmt"/>
        <line num="9" count="126" type="stmt"/>
        <line num="10" count="1450" type="stmt"/>
        <line num="11" count="126" type="stmt"/>
        <line num="12" count="126" type="stmt"/>
        <line num="14" count="1324" type="cond" truecount="2" falsecount="0"/>
        <line num="15" count="60" type="stmt"/>
        <line num="16" count="60" type="stmt"/>
        <line num="17" count="60" type="stmt"/>
        <line num="18" count="60" type="stmt"/>
        <line num="20" count="126" type="stmt"/>
        <line num="21" count="66" type="stmt"/>
        <line num="22" count="940" type="cond" truecount="2" falsecount="0"/>
        <line num="23" count="66" type="stmt"/>
        <line num="24" count="33" type="stmt"/>
        <line num="25" count="33" type="stmt"/>
        <line num="26" count="33" type="stmt"/>
        <line num="27" count="66" type="stmt"/>
        <line num="28" count="99" type="stmt"/>
        <line num="29" count="99" type="stmt"/>
        <line num="30" count="99" type="stmt"/>
        <line num="31" count="99" type="stmt"/>
        <line num="33" count="66" type="stmt"/>
        <line num="37" count="126" type="stmt"/>
        <line num="39" count="1324" type="cond" truecount="2" falsecount="0"/>
        <line num="42" count="126" type="stmt"/>
        <line num="43" count="126" type="stmt"/>
        <line num="44" count="126" type="stmt"/>
        <line num="45" count="1176" type="stmt"/>
        <line num="47" count="126" type="stmt"/>
        <line num="49" count="126" type="stmt"/>
        <line num="50" count="126" type="stmt"/>
        <line num="51" count="126" type="stmt"/>
        <line num="55" count="126" type="stmt"/>
        <line num="56" count="126" type="stmt"/>
        <line num="57" count="126" type="stmt"/>
        <line num="58" count="1450" type="stmt"/>
        <line num="59" count="126" type="stmt"/>
        <line num="61" count="126" type="stmt"/>
        <line num="62" count="126" type="stmt"/>
        <line num="63" count="126" type="stmt"/>
        <line num="64" count="1450" type="stmt"/>
        <line num="66" count="126" type="stmt"/>
        <line num="68" count="126" type="stmt"/>
        <line num="69" count="1450" type="stmt"/>
        <line num="70" count="126" type="stmt"/>
        <line num="71" count="126" type="stmt"/>
        <line num="73" count="1450" type="stmt"/>
        <line num="74" count="1450" type="stmt"/>
        <line num="77" count="126" type="stmt"/>
        <line num="79" count="126" type="stmt"/>
      </file>
      <file name="detail.component.ts" path="/home/vin_enault/OpenClassrooms/Testez-et-am-liorez-une-application-full-stack/front/src/app/pages/sessions/components/detail/detail.component.ts">
        <metrics statements="28" coveredstatements="28" conditionals="2" coveredconditionals="2" methods="15" coveredmethods="15"/>
        <line num="21" count="992" type="cond" truecount="2" falsecount="0"/>
        <line num="22" count="126" type="stmt"/>
        <line num="25" count="126" type="stmt"/>
        <line num="26" count="126" type="stmt"/>
        <line num="30" count="126" type="stmt"/>
        <line num="31" count="126" type="stmt"/>
        <line num="32" count="126" type="stmt"/>
        <line num="33" count="126" type="stmt"/>
        <line num="34" count="126" type="stmt"/>
        <line num="35" count="126" type="stmt"/>
        <line num="36" count="126" type="stmt"/>
        <line num="39" count="126" type="stmt"/>
        <line num="40" count="126" type="stmt"/>
        <line num="41" count="126" type="stmt"/>
        <line num="45" count="126" type="stmt"/>
        <line num="49" count="121" type="stmt"/>
        <line num="50" count="121" type="stmt"/>
        <line num="55" count="93" type="stmt"/>
        <line num="59" count="28" type="stmt"/>
        <line num="62" count="28" type="stmt"/>
        <line num="63" count="28" type="stmt"/>
        <line num="69" count="33" type="stmt"/>
        <line num="73" count="33" type="stmt"/>
        <line num="77" count="192" type="stmt"/>
        <line num="81" count="192" type="stmt"/>
        <line num="82" count="192" type="stmt"/>
        <line num="83" count="192" type="stmt"/>
        <line num="86" count="192" type="stmt"/>
      </file>
    </package>
    <package name="src.app.pages.sessions.components.form">
      <metrics statements="60" coveredstatements="59" conditionals="20" coveredconditionals="19" methods="10" coveredmethods="10"/>
      <file name="form.component.html" path="/home/vin_enault/OpenClassrooms/Testez-et-am-liorez-une-application-full-stack/front/src/app/pages/sessions/components/form/form.component.html">
        <metrics statements="29" coveredstatements="29" conditionals="4" coveredconditionals="4" methods="1" coveredmethods="1"/>
        <line num="6" count="64" type="stmt"/>
        <line num="7" count="64" type="stmt"/>
        <line num="8" count="6592" type="cond" truecount="2" falsecount="0"/>
        <line num="9" count="30" type="stmt"/>
        <line num="11" count="64" type="stmt"/>
        <line num="13" count="34" type="stmt"/>
        <line num="16" count="64" type="stmt"/>
        <line num="18" count="6592" type="cond" truecount="2" falsecount="0"/>
        <line num="20" count="6530" type="stmt"/>
        <line num="22" count="64" type="stmt"/>
        <line num="23" count="64" type="stmt"/>
        <line num="24" count="64" type="stmt"/>
        <line num="26" count="64" type="stmt"/>
        <line num="27" count="64" type="stmt"/>
        <line num="28" count="64" type="stmt"/>
        <line num="30" count="64" type="stmt"/>
        <line num="31" count="64" type="stmt"/>
        <line num="32" count="6594" type="stmt"/>
        <line num="33" count="6272" type="stmt"/>
        <line num="34" count="12672" type="stmt"/>
        <line num="35" count="128" type="stmt"/>
        <line num="38" count="64" type="stmt"/>
        <line num="40" count="64" type="stmt"/>
        <line num="41" count="64" type="stmt"/>
        <line num="42" count="64" type="stmt"/>
        <line num="44" count="6530" type="stmt"/>
        <line num="45" count="64" type="stmt"/>
        <line num="49" count="64" type="stmt"/>
        <line num="52" count="64" type="stmt"/>
      </file>
      <file name="form.component.ts" path="/home/vin_enault/OpenClassrooms/Testez-et-am-liorez-une-application-full-stack/front/src/app/pages/sessions/components/form/form.component.ts">
        <metrics statements="31" coveredstatements="30" conditionals="16" coveredconditionals="15" methods="9" coveredmethods="9"/>
        <line num="20" count="930" type="cond" truecount="2" falsecount="0"/>
        <line num="21" count="64" type="stmt"/>
        <line num="22" count="64" type="stmt"/>
        <line num="23" count="64" type="stmt"/>
        <line num="24" count="64" type="stmt"/>
        <line num="25" count="64" type="stmt"/>
        <line num="26" count="64" type="stmt"/>
        <line num="27" count="64" type="stmt"/>
        <line num="28" count="64" type="stmt"/>
        <line num="30" count="64" type="stmt"/>
        <line num="32" count="64" type="stmt"/>
        <line num="36" count="64" type="cond" truecount="1" falsecount="1"/>
        <line num="37" count="0" type="stmt"/>
        <line num="39" count="64" type="stmt"/>
        <line num="40" count="64" type="cond" truecount="2" falsecount="0"/>
        <line num="41" count="30" type="stmt"/>
        <line num="42" count="30" type="stmt"/>
        <line num="43" count="30" type="stmt"/>
        <line num="46" count="30" type="stmt"/>
        <line num="48" count="34" type="stmt"/>
        <line num="53" count="60" type="stmt"/>
        <line num="54" count="60" type="stmt"/>
        <line num="58" count="64" type="stmt"/>
        <line num="60" count="64" type="cond" truecount="2" falsecount="0"/>
        <line num="61" count="34" type="stmt"/>
        <line num="63" count="30" type="stmt"/>
        <line num="65" count="30" type="stmt"/>
        <line num="67" count="30" type="stmt"/>
        <line num="72" count="64" type="stmt"/>
        <line num="96" count="60" type="stmt"/>
        <line num="97" count="60" type="stmt"/>
      </file>
    </package>
    <package name="src.app.pages.sessions.components.list">
      <metrics statements="34" coveredstatements="34" conditionals="6" coveredconditionals="6" methods="2" coveredmethods="2"/>
      <file name="list.component.html" path="/home/vin_enault/OpenClassrooms/Testez-et-am-liorez-une-application-full-stack/front/src/app/pages/sessions/components/list/list.component.html">
        <metrics statements="29" coveredstatements="29" conditionals="4" coveredconditionals="4" methods="0" coveredmethods="0"/>
        <line num="4" count="525" type="stmt"/>
        <line num="5" count="2120" type="cond" truecount="2" falsecount="0"/>
        <line num="7" count="329" type="stmt"/>
        <line num="8" count="329" type="stmt"/>
        <line num="9" count="329" type="stmt"/>
        <line num="11" count="525" type="stmt"/>
        <line num="12" count="525" type="stmt"/>
        <line num="13" count="2645" type="stmt"/>
        <line num="16" count="1909" type="stmt"/>
        <line num="17" count="633" type="stmt"/>
        <line num="18" count="1909" type="stmt"/>
        <line num="20" count="633" type="stmt"/>
        <line num="21" count="633" type="stmt"/>
        <line num="22" count="633" type="stmt"/>
        <line num="23" count="633" type="stmt"/>
        <line num="25" count="633" type="stmt"/>
        <line num="26" count="1909" type="stmt"/>
        <line num="28" count="633" type="stmt"/>
        <line num="30" count="1276" type="stmt"/>
        <line num="31" count="633" type="stmt"/>
        <line num="32" count="633" type="stmt"/>
        <line num="33" count="633" type="stmt"/>
        <line num="35" count="1276" type="cond" truecount="2" falsecount="0"/>
        <line num="36" count="414" type="stmt"/>
        <line num="37" count="409" type="stmt"/>
        <line num="38" count="409" type="stmt"/>
        <line num="39" count="409" type="stmt"/>
        <line num="42" count="633" type="stmt"/>
        <line num="46" count="525" type="stmt"/>
      </file>
      <file name="list.component.ts" path="/home/vin_enault/OpenClassrooms/Testez-et-am-liorez-une-application-full-stack/front/src/app/pages/sessions/components/list/list.component.ts">
        <metrics statements="5" coveredstatements="5" conditionals="2" coveredconditionals="2" methods="2" coveredmethods="2"/>
        <line num="17" count="1391" type="cond" truecount="2" falsecount="0"/>
        <line num="18" count="525" type="stmt"/>
        <line num="19" count="525" type="stmt"/>
        <line num="21" count="525" type="stmt"/>
        <line num="24" count="1698" type="stmt"/>
      </file>
    </package>
    <package name="src.app.shared">
      <metrics statements="2" coveredstatements="2" conditionals="2" coveredconditionals="2" methods="1" coveredmethods="1"/>
      <file name="material.module.ts" path="/home/vin_enault/OpenClassrooms/Testez-et-am-liorez-une-application-full-stack/front/src/app/shared/material.module.ts">
        <metrics statements="2" coveredstatements="2" conditionals="2" coveredconditionals="2" methods="1" coveredmethods="1"/>
        <line num="32" count="866" type="stmt"/>
        <line num="71" count="3265" type="cond" truecount="2" falsecount="0"/>
      </file>
    </package>
  </project>
</coverage>
