{"/home/vin_enault/OpenClassrooms/Testez-et-am-liorez-une-application-full-stack/front/src/main.ts": {"path":"/home/vin_enault/OpenClassrooms/Testez-et-am-liorez-une-application-full-stack/front/src/main.ts","statementMap":{"0":{"start":{"line":5,"column":0},"end":{"line":6,"column":null}},"1":{"start":{"line":6,"column":18},"end":{"line":6,"column":36}}},"fnMap":{"0":{"name":"(anonymous_0)","decl":{"start":{"line":6,"column":10},"end":{"line":6,"column":13}},"loc":{"start":{"line":6,"column":18},"end":{"line":6,"column":36}}}},"branchMap":{},"s":{"0":866,"1":0},"f":{"0":0},"b":{}}
,"/home/vin_enault/OpenClassrooms/Testez-et-am-liorez-une-application-full-stack/front/src/app/app.component.html": {"path":"/home/vin_enault/OpenClassrooms/Testez-et-am-liorez-une-application-full-stack/front/src/app/app.component.html","statementMap":{"0":{"start":{"line":5,"column":4},"end":{"line":5,"column":53}},"1":{"start":{"line":5,"column":45},"end":{"line":5,"column":60}},"2":{"start":{"line":5,"column":53},"end":{"line":5,"column":null}},"3":{"start":{"line":6,"column":4},"end":{"line":6,"column":46}},"4":{"start":{"line":6,"column":39},"end":{"line":6,"column":53}},"5":{"start":{"line":6,"column":46},"end":{"line":6,"column":null}},"6":{"start":{"line":7,"column":4},"end":{"line":7,"column":48}},"7":{"start":{"line":7,"column":10},"end":{"line":7,"column":42}},"8":{"start":{"line":7,"column":10},"end":{"line":7,"column":19}},"9":{"start":{"line":7,"column":10},"end":{"line":7,"column":28}},"10":{"start":{"line":7,"column":42},"end":{"line":7,"column":55}},"11":{"start":{"line":7,"column":48},"end":{"line":7,"column":null}},"12":{"start":{"line":10,"column":6},"end":{"line":10,"column":73}},"13":{"start":{"line":10,"column":68},"end":{"line":10,"column":77}},"14":{"start":{"line":10,"column":73},"end":{"line":10,"column":null}},"15":{"start":{"line":11,"column":6},"end":{"line":11,"column":79}},"16":{"start":{"line":11,"column":71},"end":{"line":11,"column":83}},"17":{"start":{"line":12,"column":4},"end":{"line":12,"column":null}},"18":{"start":{"line":3,"column":4},"end":{"line":3,"column":18}},"19":{"start":{"line":3,"column":10},"end":{"line":3,"column":25}},"20":{"start":{"line":3,"column":18},"end":{"line":3,"column":null}},"21":{"start":{"line":4,"column":4},"end":{"line":4,"column":null}},"22":{"start":{"line":8,"column":6},"end":{"line":8,"column":null}},"23":{"start":{"line":14,"column":2},"end":{"line":14,"column":null}},"24":{"start":{"line":15,"column":2},"end":{"line":15,"column":null}},"25":{"start":{"line":16,"column":4},"end":{"line":16,"column":null}},"26":{"start":{"line":18,"column":0},"end":{"line":18,"column":null}},"27":{"start":{"line":4,"column":4},"end":{"line":13,"column":null}}},"fnMap":{"0":{"name":"AppComponent_Conditional_4_Template_span_click_4_listener","decl":{"start":{"line":7,"column":10},"end":{"line":7,"column":19}},"loc":{"start":{"line":7,"column":10},"end":{"line":7,"column":28}}}},"branchMap":{"0":{"loc":{"start":{"line":4,"column":4},"end":{"line":4,"column":31}},"type":"cond-expr","locations":[{"start":{"line":4,"column":4},"end":{"line":4,"column":31}},{"start":{"line":4,"column":4},"end":{"line":4,"column":31}}]}},"s":{"0":308,"1":308,"2":308,"3":308,"4":308,"5":308,"6":308,"7":308,"8":52,"9":26,"10":308,"11":308,"12":956,"13":956,"14":956,"15":956,"16":956,"17":956,"18":866,"19":866,"20":866,"21":866,"22":866,"23":866,"24":866,"25":866,"26":866,"27":68724},"f":{"0":26},"b":{"0":[5515,28847]}}
,"/home/vin_enault/OpenClassrooms/Testez-et-am-liorez-une-application-full-stack/front/src/app/app.component.ts": {"path":"/home/vin_enault/OpenClassrooms/Testez-et-am-liorez-une-application-full-stack/front/src/app/app.component.ts","statementMap":{"0":{"start":{"line":15,"column":25},"end":{"line":15,"column":null}},"1":{"start":{"line":16,"column":10},"end":{"line":16,"column":null}},"2":{"start":{"line":17,"column":10},"end":{"line":17,"column":null}},"3":{"start":{"line":18,"column":10},"end":{"line":18,"column":null}},"4":{"start":{"line":21,"column":4},"end":{"line":21,"column":null}},"5":{"start":{"line":25,"column":4},"end":{"line":25,"column":null}},"6":{"start":{"line":26,"column":4},"end":{"line":26,"column":null}},"7":{"start":{"line":15,"column":13},"end":{"line":15,"column":null}}},"fnMap":{"0":{"name":"(anonymous_3)","decl":{"start":{"line":15,"column":25},"end":{"line":15,"column":null}},"loc":{"start":{"line":15,"column":25},"end":{"line":15,"column":null}}},"1":{"name":"(anonymous_5)","decl":{"start":{"line":20,"column":9},"end":{"line":20,"column":18}},"loc":{"start":{"line":20,"column":18},"end":{"line":22,"column":null}}},"2":{"name":"(anonymous_6)","decl":{"start":{"line":24,"column":9},"end":{"line":24,"column":15}},"loc":{"start":{"line":24,"column":15},"end":{"line":27,"column":null}}}},"branchMap":{"0":{"loc":{"start":{"line":15,"column":13},"end":{"line":15,"column":25}},"type":"binary-expr","locations":[{"start":{"line":15,"column":13},"end":{"line":15,"column":25}},{"start":{"line":15,"column":13},"end":{"line":15,"column":25}}]}},"s":{"0":866,"1":866,"2":866,"3":866,"4":34362,"5":26,"6":26,"7":1732},"f":{"0":866,"1":34362,"2":26},"b":{"0":[866,866]}}
,"/home/vin_enault/OpenClassrooms/Testez-et-am-liorez-une-application-full-stack/front/src/app/app.config.ts": {"path":"/home/vin_enault/OpenClassrooms/Testez-et-am-liorez-une-application-full-stack/front/src/app/app.config.ts","statementMap":{"0":{"start":{"line":7,"column":44},"end":{"line":14,"column":null}}},"fnMap":{},"branchMap":{},"s":{"0":866},"f":{},"b":{}}
,"/home/vin_enault/OpenClassrooms/Testez-et-am-liorez-une-application-full-stack/front/src/app/app.routes.ts": {"path":"/home/vin_enault/OpenClassrooms/Testez-et-am-liorez-une-application-full-stack/front/src/app/app.routes.ts","statementMap":{"0":{"start":{"line":12,"column":30},"end":{"line":61,"column":null}}},"fnMap":{},"branchMap":{},"s":{"0":866},"f":{},"b":{}}
,"/home/vin_enault/OpenClassrooms/Testez-et-am-liorez-une-application-full-stack/front/src/app/components/me/me.component.html": {"path":"/home/vin_enault/OpenClassrooms/Testez-et-am-liorez-une-application-full-stack/front/src/app/components/me/me.component.html","statementMap":{"0":{"start":{"line":18,"column":8},"end":{"line":18,"column":36}},"1":{"start":{"line":18,"column":23},"end":{"line":18,"column":40}},"2":{"start":{"line":18,"column":36},"end":{"line":18,"column":null}},"3":{"start":{"line":21,"column":10},"end":{"line":21,"column":31}},"4":{"start":{"line":21,"column":13},"end":{"line":21,"column":35}},"5":{"start":{"line":21,"column":31},"end":{"line":21,"column":null}},"6":{"start":{"line":22,"column":10},"end":{"line":22,"column":null}},"7":{"start":{"line":22,"column":49},"end":{"line":22,"column":68}},"8":{"start":{"line":22,"column":49},"end":{"line":22,"column":58}},"9":{"start":{"line":22,"column":49},"end":{"line":22,"column":67}},"10":{"start":{"line":23,"column":12},"end":{"line":23,"column":28}},"11":{"start":{"line":23,"column":22},"end":{"line":23,"column":39}},"12":{"start":{"line":23,"column":28},"end":{"line":23,"column":null}},"13":{"start":{"line":24,"column":12},"end":{"line":24,"column":36}},"14":{"start":{"line":24,"column":30},"end":{"line":24,"column":43}},"15":{"start":{"line":26,"column":8},"end":{"line":26,"column":null}},"16":{"start":{"line":15,"column":8},"end":{"line":15,"column":69}},"17":{"start":{"line":15,"column":11},"end":{"line":15,"column":73}},"18":{"start":{"line":15,"column":69},"end":{"line":15,"column":null}},"19":{"start":{"line":16,"column":8},"end":{"line":16,"column":34}},"20":{"start":{"line":16,"column":11},"end":{"line":16,"column":38}},"21":{"start":{"line":16,"column":34},"end":{"line":16,"column":null}},"22":{"start":{"line":19,"column":10},"end":{"line":19,"column":null}},"23":{"start":{"line":29,"column":13},"end":{"line":29,"column":27}},"24":{"start":{"line":29,"column":16},"end":{"line":29,"column":31}},"25":{"start":{"line":29,"column":27},"end":{"line":29,"column":32}},"26":{"start":{"line":29,"column":32},"end":{"line":29,"column":74}},"27":{"start":{"line":29,"column":70},"end":{"line":29,"column":null}},"28":{"start":{"line":30,"column":13},"end":{"line":30,"column":29}},"29":{"start":{"line":30,"column":16},"end":{"line":30,"column":33}},"30":{"start":{"line":30,"column":29},"end":{"line":30,"column":34}},"31":{"start":{"line":30,"column":34},"end":{"line":30,"column":75}},"32":{"start":{"line":32,"column":6},"end":{"line":32,"column":null}},"33":{"start":{"line":17,"column":8},"end":{"line":27,"column":null}},"34":{"start":{"line":5,"column":8},"end":{"line":5,"column":null}},"35":{"start":{"line":5,"column":32},"end":{"line":5,"column":49}},"36":{"start":{"line":5,"column":32},"end":{"line":5,"column":41}},"37":{"start":{"line":5,"column":32},"end":{"line":5,"column":48}},"38":{"start":{"line":6,"column":10},"end":{"line":6,"column":30}},"39":{"start":{"line":6,"column":20},"end":{"line":6,"column":41}},"40":{"start":{"line":7,"column":8},"end":{"line":7,"column":null}},"41":{"start":{"line":8,"column":8},"end":{"line":8,"column":28}},"42":{"start":{"line":8,"column":12},"end":{"line":8,"column":33}},"43":{"start":{"line":10,"column":4},"end":{"line":10,"column":null}},"44":{"start":{"line":11,"column":4},"end":{"line":11,"column":null}},"45":{"start":{"line":12,"column":6},"end":{"line":12,"column":null}},"46":{"start":{"line":13,"column":6},"end":{"line":13,"column":null}},"47":{"start":{"line":36,"column":0},"end":{"line":36,"column":null}},"48":{"start":{"line":12,"column":6},"end":{"line":12,"column":37}},"49":{"start":{"line":13,"column":6},"end":{"line":33,"column":null}}},"fnMap":{"0":{"name":"MeComponent_Conditional_12_Conditional_7_Template_button_click_3_listener","decl":{"start":{"line":22,"column":49},"end":{"line":22,"column":58}},"loc":{"start":{"line":22,"column":49},"end":{"line":22,"column":67}}},"1":{"name":"MeComponent_Template_button_click_4_listener","decl":{"start":{"line":5,"column":32},"end":{"line":5,"column":41}},"loc":{"start":{"line":5,"column":32},"end":{"line":5,"column":48}}}},"branchMap":{"0":{"loc":{"start":{"line":17,"column":8},"end":{"line":17,"column":26}},"type":"cond-expr","locations":[{"start":{"line":17,"column":8},"end":{"line":17,"column":26}},{"start":{"line":17,"column":8},"end":{"line":17,"column":26}}]},"1":{"loc":{"start":{"line":13,"column":6},"end":{"line":13,"column":17}},"type":"cond-expr","locations":[{"start":{"line":13,"column":6},"end":{"line":13,"column":17}},{"start":{"line":13,"column":6},"end":{"line":13,"column":17}}]}},"s":{"0":67,"1":67,"2":67,"3":64,"4":64,"5":64,"6":64,"7":64,"8":128,"9":64,"10":64,"11":64,"12":64,"13":64,"14":64,"15":64,"16":131,"17":591,"18":131,"19":131,"20":591,"21":131,"22":131,"23":131,"24":131,"25":131,"26":591,"27":131,"28":131,"29":131,"30":131,"31":591,"32":131,"33":460,"34":131,"35":131,"36":34,"37":34,"38":131,"39":131,"40":131,"41":131,"42":131,"43":131,"44":131,"45":492,"46":131,"47":131,"48":361,"49":722},"f":{"0":64,"1":34},"b":{"0":[102,128],"1":[230,131]}}
,"/home/vin_enault/OpenClassrooms/Testez-et-am-liorez-une-application-full-stack/front/src/app/components/me/me.component.ts": {"path":"/home/vin_enault/OpenClassrooms/Testez-et-am-liorez-une-application-full-stack/front/src/app/components/me/me.component.ts","statementMap":{"0":{"start":{"line":16,"column":24},"end":{"line":16,"column":null}},"1":{"start":{"line":17,"column":10},"end":{"line":17,"column":null}},"2":{"start":{"line":18,"column":10},"end":{"line":18,"column":null}},"3":{"start":{"line":19,"column":10},"end":{"line":19,"column":null}},"4":{"start":{"line":20,"column":10},"end":{"line":20,"column":null}},"5":{"start":{"line":21,"column":9},"end":{"line":21,"column":null}},"6":{"start":{"line":28,"column":4},"end":{"line":28,"column":null}},"7":{"start":{"line":32,"column":4},"end":{"line":38,"column":null}},"8":{"start":{"line":35,"column":8},"end":{"line":35,"column":null}},"9":{"start":{"line":36,"column":8},"end":{"line":36,"column":null}},"10":{"start":{"line":37,"column":8},"end":{"line":37,"column":null}},"11":{"start":{"line":16,"column":13},"end":{"line":16,"column":null}}},"fnMap":{"0":{"name":"(anonymous_4)","decl":{"start":{"line":16,"column":24},"end":{"line":16,"column":null}},"loc":{"start":{"line":16,"column":24},"end":{"line":16,"column":null}}},"1":{"name":"(anonymous_6)","decl":{"start":{"line":24,"column":2},"end":{"line":24,"column":10}},"loc":{"start":{"line":24,"column":10},"end":{"line":25,"column":null}}},"2":{"name":"(anonymous_7)","decl":{"start":{"line":27,"column":9},"end":{"line":27,"column":13}},"loc":{"start":{"line":27,"column":13},"end":{"line":29,"column":null}}},"3":{"name":"(anonymous_8)","decl":{"start":{"line":31,"column":9},"end":{"line":31,"column":15}},"loc":{"start":{"line":31,"column":15},"end":{"line":39,"column":null}}},"4":{"name":"(anonymous_9)","decl":{"start":{"line":34,"column":18},"end":{"line":34,"column":19}},"loc":{"start":{"line":34,"column":23},"end":{"line":38,"column":7}}}},"branchMap":{"0":{"loc":{"start":{"line":16,"column":13},"end":{"line":16,"column":24}},"type":"binary-expr","locations":[{"start":{"line":16,"column":13},"end":{"line":16,"column":24}},{"start":{"line":16,"column":13},"end":{"line":16,"column":24}}]}},"s":{"0":866,"1":131,"2":131,"3":131,"4":131,"5":131,"6":34,"7":64,"8":64,"9":64,"10":64,"11":997},"f":{"0":866,"1":131,"2":34,"3":64,"4":64},"b":{"0":[131,131]}}
,"/home/vin_enault/OpenClassrooms/Testez-et-am-liorez-une-application-full-stack/front/src/app/core/service/auth.service.ts": {"path":"/home/vin_enault/OpenClassrooms/Testez-et-am-liorez-une-application-full-stack/front/src/app/core/service/auth.service.ts","statementMap":{"0":{"start":{"line":11,"column":24},"end":{"line":11,"column":null}},"1":{"start":{"line":15,"column":22},"end":{"line":15,"column":44}},"2":{"start":{"line":13,"column":10},"end":{"line":13,"column":null}},"3":{"start":{"line":18,"column":4},"end":{"line":18,"column":null}},"4":{"start":{"line":22,"column":4},"end":{"line":22,"column":null}},"5":{"start":{"line":11,"column":13},"end":{"line":11,"column":null}}},"fnMap":{"0":{"name":"(anonymous_0)","decl":{"start":{"line":11,"column":24},"end":{"line":11,"column":null}},"loc":{"start":{"line":11,"column":24},"end":{"line":11,"column":null}}},"1":{"name":"(anonymous_1)","decl":{"start":{"line":15,"column":2},"end":{"line":15,"column":22}},"loc":{"start":{"line":15,"column":44},"end":{"line":15,"column":null}}},"2":{"name":"(anonymous_2)","decl":{"start":{"line":17,"column":9},"end":{"line":17,"column":17}},"loc":{"start":{"line":17,"column":50},"end":{"line":19,"column":null}}},"3":{"name":"(anonymous_3)","decl":{"start":{"line":21,"column":9},"end":{"line":21,"column":14}},"loc":{"start":{"line":21,"column":41},"end":{"line":23,"column":null}}}},"branchMap":{"0":{"loc":{"start":{"line":11,"column":13},"end":{"line":11,"column":24}},"type":"binary-expr","locations":[{"start":{"line":11,"column":13},"end":{"line":11,"column":24}},{"start":{"line":11,"column":13},"end":{"line":11,"column":24}}]}},"s":{"0":866,"1":866,"2":866,"3":167,"4":518,"5":1732},"f":{"0":866,"1":866,"2":167,"3":518},"b":{"0":[866,866]}}
,"/home/vin_enault/OpenClassrooms/Testez-et-am-liorez-une-application-full-stack/front/src/app/core/service/session-api.service.ts": {"path":"/home/vin_enault/OpenClassrooms/Testez-et-am-liorez-une-application-full-stack/front/src/app/core/service/session-api.service.ts","statementMap":{"0":{"start":{"line":9,"column":30},"end":{"line":9,"column":null}},"1":{"start":{"line":13,"column":22},"end":{"line":13,"column":44}},"2":{"start":{"line":11,"column":10},"end":{"line":11,"column":null}},"3":{"start":{"line":17,"column":4},"end":{"line":17,"column":null}},"4":{"start":{"line":21,"column":4},"end":{"line":21,"column":null}},"5":{"start":{"line":25,"column":4},"end":{"line":25,"column":null}},"6":{"start":{"line":29,"column":4},"end":{"line":29,"column":null}},"7":{"start":{"line":33,"column":4},"end":{"line":33,"column":null}},"8":{"start":{"line":37,"column":4},"end":{"line":37,"column":null}},"9":{"start":{"line":41,"column":4},"end":{"line":41,"column":null}},"10":{"start":{"line":9,"column":13},"end":{"line":9,"column":null}}},"fnMap":{"0":{"name":"(anonymous_0)","decl":{"start":{"line":9,"column":30},"end":{"line":9,"column":null}},"loc":{"start":{"line":9,"column":30},"end":{"line":9,"column":null}}},"1":{"name":"(anonymous_1)","decl":{"start":{"line":13,"column":2},"end":{"line":13,"column":22}},"loc":{"start":{"line":13,"column":44},"end":{"line":14,"column":null}}},"2":{"name":"(anonymous_2)","decl":{"start":{"line":16,"column":9},"end":{"line":16,"column":12}},"loc":{"start":{"line":16,"column":12},"end":{"line":18,"column":null}}},"3":{"name":"(anonymous_3)","decl":{"start":{"line":20,"column":9},"end":{"line":20,"column":15}},"loc":{"start":{"line":20,"column":26},"end":{"line":22,"column":null}}},"4":{"name":"(anonymous_4)","decl":{"start":{"line":24,"column":9},"end":{"line":24,"column":15}},"loc":{"start":{"line":24,"column":26},"end":{"line":26,"column":null}}},"5":{"name":"(anonymous_5)","decl":{"start":{"line":28,"column":9},"end":{"line":28,"column":15}},"loc":{"start":{"line":28,"column":32},"end":{"line":30,"column":null}}},"6":{"name":"(anonymous_6)","decl":{"start":{"line":32,"column":9},"end":{"line":32,"column":15}},"loc":{"start":{"line":32,"column":44},"end":{"line":34,"column":null}}},"7":{"name":"(anonymous_7)","decl":{"start":{"line":36,"column":9},"end":{"line":36,"column":20}},"loc":{"start":{"line":36,"column":47},"end":{"line":38,"column":null}}},"8":{"name":"(anonymous_8)","decl":{"start":{"line":40,"column":9},"end":{"line":40,"column":22}},"loc":{"start":{"line":40,"column":49},"end":{"line":42,"column":null}}}},"branchMap":{"0":{"loc":{"start":{"line":9,"column":13},"end":{"line":9,"column":30}},"type":"binary-expr","locations":[{"start":{"line":9,"column":13},"end":{"line":9,"column":30}},{"start":{"line":9,"column":13},"end":{"line":9,"column":30}}]}},"s":{"0":866,"1":310,"2":310,"3":525,"4":222,"5":28,"6":34,"7":30,"8":33,"9":33,"10":1176},"f":{"0":866,"1":310,"2":525,"3":222,"4":28,"5":34,"6":30,"7":33,"8":33},"b":{"0":[310,310]}}
,"/home/vin_enault/OpenClassrooms/Testez-et-am-liorez-une-application-full-stack/front/src/app/core/service/session.service.ts": {"path":"/home/vin_enault/OpenClassrooms/Testez-et-am-liorez-une-application-full-stack/front/src/app/core/service/session.service.ts","statementMap":{"0":{"start":{"line":8,"column":27},"end":{"line":8,"column":null}},"1":{"start":{"line":10,"column":9},"end":{"line":10,"column":null}},"2":{"start":{"line":13,"column":10},"end":{"line":13,"column":null}},"3":{"start":{"line":16,"column":4},"end":{"line":16,"column":null}},"4":{"start":{"line":20,"column":4},"end":{"line":20,"column":null}},"5":{"start":{"line":21,"column":4},"end":{"line":21,"column":null}},"6":{"start":{"line":22,"column":4},"end":{"line":22,"column":null}},"7":{"start":{"line":26,"column":4},"end":{"line":26,"column":null}},"8":{"start":{"line":27,"column":4},"end":{"line":27,"column":null}},"9":{"start":{"line":28,"column":4},"end":{"line":28,"column":null}},"10":{"start":{"line":32,"column":4},"end":{"line":32,"column":null}},"11":{"start":{"line":8,"column":13},"end":{"line":8,"column":null}}},"fnMap":{"0":{"name":"(anonymous_0)","decl":{"start":{"line":8,"column":27},"end":{"line":8,"column":null}},"loc":{"start":{"line":8,"column":27},"end":{"line":8,"column":null}}},"1":{"name":"(anonymous_2)","decl":{"start":{"line":15,"column":9},"end":{"line":15,"column":18}},"loc":{"start":{"line":15,"column":18},"end":{"line":17,"column":null}}},"2":{"name":"(anonymous_3)","decl":{"start":{"line":19,"column":9},"end":{"line":19,"column":14}},"loc":{"start":{"line":19,"column":39},"end":{"line":23,"column":null}}},"3":{"name":"(anonymous_4)","decl":{"start":{"line":25,"column":9},"end":{"line":25,"column":15}},"loc":{"start":{"line":25,"column":15},"end":{"line":29,"column":null}}},"4":{"name":"(anonymous_5)","decl":{"start":{"line":31,"column":10},"end":{"line":31,"column":14}},"loc":{"start":{"line":31,"column":14},"end":{"line":33,"column":null}}}},"branchMap":{"0":{"loc":{"start":{"line":8,"column":13},"end":{"line":8,"column":27}},"type":"binary-expr","locations":[{"start":{"line":8,"column":13},"end":{"line":8,"column":27}},{"start":{"line":8,"column":13},"end":{"line":8,"column":27}}]}},"s":{"0":866,"1":866,"2":866,"3":34362,"4":310,"5":310,"6":310,"7":90,"8":90,"9":90,"10":400,"11":1732},"f":{"0":866,"1":34362,"2":310,"3":90,"4":400},"b":{"0":[866,866]}}
,"/home/vin_enault/OpenClassrooms/Testez-et-am-liorez-une-application-full-stack/front/src/app/core/service/teacher.service.ts": {"path":"/home/vin_enault/OpenClassrooms/Testez-et-am-liorez-une-application-full-stack/front/src/app/core/service/teacher.service.ts","statementMap":{"0":{"start":{"line":9,"column":27},"end":{"line":9,"column":null}},"1":{"start":{"line":13,"column":22},"end":{"line":13,"column":44}},"2":{"start":{"line":11,"column":10},"end":{"line":11,"column":null}},"3":{"start":{"line":16,"column":4},"end":{"line":16,"column":null}},"4":{"start":{"line":20,"column":4},"end":{"line":20,"column":null}},"5":{"start":{"line":9,"column":13},"end":{"line":9,"column":null}}},"fnMap":{"0":{"name":"(anonymous_0)","decl":{"start":{"line":9,"column":27},"end":{"line":9,"column":null}},"loc":{"start":{"line":9,"column":27},"end":{"line":9,"column":null}}},"1":{"name":"(anonymous_1)","decl":{"start":{"line":13,"column":2},"end":{"line":13,"column":22}},"loc":{"start":{"line":13,"column":44},"end":{"line":13,"column":null}}},"2":{"name":"(anonymous_2)","decl":{"start":{"line":15,"column":9},"end":{"line":15,"column":12}},"loc":{"start":{"line":15,"column":12},"end":{"line":17,"column":null}}},"3":{"name":"(anonymous_3)","decl":{"start":{"line":19,"column":9},"end":{"line":19,"column":15}},"loc":{"start":{"line":19,"column":26},"end":{"line":21,"column":null}}}},"branchMap":{"0":{"loc":{"start":{"line":9,"column":13},"end":{"line":9,"column":27}},"type":"binary-expr","locations":[{"start":{"line":9,"column":13},"end":{"line":9,"column":27}},{"start":{"line":9,"column":13},"end":{"line":9,"column":27}}]}},"s":{"0":866,"1":132,"2":132,"3":64,"4":192,"5":998},"f":{"0":866,"1":132,"2":64,"3":192},"b":{"0":[132,132]}}
,"/home/vin_enault/OpenClassrooms/Testez-et-am-liorez-une-application-full-stack/front/src/app/core/service/user.service.ts": {"path":"/home/vin_enault/OpenClassrooms/Testez-et-am-liorez-une-application-full-stack/front/src/app/core/service/user.service.ts","statementMap":{"0":{"start":{"line":9,"column":24},"end":{"line":9,"column":null}},"1":{"start":{"line":13,"column":22},"end":{"line":13,"column":44}},"2":{"start":{"line":11,"column":10},"end":{"line":11,"column":null}},"3":{"start":{"line":16,"column":4},"end":{"line":16,"column":null}},"4":{"start":{"line":20,"column":4},"end":{"line":20,"column":null}},"5":{"start":{"line":9,"column":13},"end":{"line":9,"column":null}}},"fnMap":{"0":{"name":"(anonymous_0)","decl":{"start":{"line":9,"column":24},"end":{"line":9,"column":null}},"loc":{"start":{"line":9,"column":24},"end":{"line":9,"column":null}}},"1":{"name":"(anonymous_1)","decl":{"start":{"line":13,"column":2},"end":{"line":13,"column":22}},"loc":{"start":{"line":13,"column":44},"end":{"line":13,"column":null}}},"2":{"name":"(anonymous_2)","decl":{"start":{"line":15,"column":9},"end":{"line":15,"column":16}},"loc":{"start":{"line":15,"column":27},"end":{"line":17,"column":null}}},"3":{"name":"(anonymous_3)","decl":{"start":{"line":19,"column":9},"end":{"line":19,"column":15}},"loc":{"start":{"line":19,"column":26},"end":{"line":21,"column":null}}}},"branchMap":{"0":{"loc":{"start":{"line":9,"column":13},"end":{"line":9,"column":24}},"type":"binary-expr","locations":[{"start":{"line":9,"column":13},"end":{"line":9,"column":24}},{"start":{"line":9,"column":13},"end":{"line":9,"column":24}}]}},"s":{"0":866,"1":131,"2":131,"3":131,"4":64,"5":997},"f":{"0":866,"1":131,"2":131,"3":64},"b":{"0":[131,131]}}
,"/home/vin_enault/OpenClassrooms/Testez-et-am-liorez-une-application-full-stack/front/src/app/guards/auth.guard.ts": {"path":"/home/vin_enault/OpenClassrooms/Testez-et-am-liorez-une-application-full-stack/front/src/app/guards/auth.guard.ts","statementMap":{"0":{"start":{"line":6,"column":22},"end":{"line":6,"column":null}},"1":{"start":{"line":9,"column":12},"end":{"line":9,"column":26}},"2":{"start":{"line":10,"column":12},"end":{"line":10,"column":42}},"3":{"start":{"line":15,"column":4},"end":{"line":18,"column":null}},"4":{"start":{"line":16,"column":6},"end":{"line":16,"column":null}},"5":{"start":{"line":17,"column":6},"end":{"line":17,"column":null}},"6":{"start":{"line":19,"column":4},"end":{"line":19,"column":null}},"7":{"start":{"line":6,"column":13},"end":{"line":6,"column":null}}},"fnMap":{"0":{"name":"(anonymous_0)","decl":{"start":{"line":6,"column":22},"end":{"line":6,"column":null}},"loc":{"start":{"line":6,"column":22},"end":{"line":6,"column":null}}},"1":{"name":"(anonymous_1)","decl":{"start":{"line":8,"column":2},"end":{"line":8,"column":null}},"loc":{"start":{"line":10,"column":42},"end":{"line":12,"column":null}}},"2":{"name":"(anonymous_2)","decl":{"start":{"line":14,"column":9},"end":{"line":14,"column":20}},"loc":{"start":{"line":14,"column":20},"end":{"line":20,"column":null}}}},"branchMap":{"0":{"loc":{"start":{"line":15,"column":4},"end":{"line":18,"column":null}},"type":"if","locations":[{"start":{"line":15,"column":4},"end":{"line":18,"column":null}},{"start":{"line":15,"column":4},"end":{"line":18,"column":null}}]},"1":{"loc":{"start":{"line":6,"column":13},"end":{"line":6,"column":22}},"type":"binary-expr","locations":[{"start":{"line":6,"column":13},"end":{"line":6,"column":22}},{"start":{"line":6,"column":13},"end":{"line":6,"column":22}}]}},"s":{"0":866,"1":346,"2":346,"3":511,"4":36,"5":36,"6":475,"7":1212},"f":{"0":866,"1":346,"2":511},"b":{"0":[36,475],"1":[346,346]}}
,"/home/vin_enault/OpenClassrooms/Testez-et-am-liorez-une-application-full-stack/front/src/app/guards/unauth.guard.ts": {"path":"/home/vin_enault/OpenClassrooms/Testez-et-am-liorez-une-application-full-stack/front/src/app/guards/unauth.guard.ts","statementMap":{"0":{"start":{"line":6,"column":24},"end":{"line":6,"column":null}},"1":{"start":{"line":9,"column":12},"end":{"line":9,"column":26}},"2":{"start":{"line":10,"column":12},"end":{"line":10,"column":42}},"3":{"start":{"line":15,"column":4},"end":{"line":18,"column":null}},"4":{"start":{"line":16,"column":6},"end":{"line":16,"column":null}},"5":{"start":{"line":17,"column":6},"end":{"line":17,"column":null}},"6":{"start":{"line":19,"column":4},"end":{"line":19,"column":null}},"7":{"start":{"line":6,"column":13},"end":{"line":6,"column":null}}},"fnMap":{"0":{"name":"(anonymous_0)","decl":{"start":{"line":6,"column":24},"end":{"line":6,"column":null}},"loc":{"start":{"line":6,"column":24},"end":{"line":6,"column":null}}},"1":{"name":"(anonymous_1)","decl":{"start":{"line":8,"column":2},"end":{"line":8,"column":null}},"loc":{"start":{"line":10,"column":42},"end":{"line":12,"column":null}}},"2":{"name":"(anonymous_2)","decl":{"start":{"line":14,"column":9},"end":{"line":14,"column":20}},"loc":{"start":{"line":14,"column":20},"end":{"line":20,"column":null}}}},"branchMap":{"0":{"loc":{"start":{"line":15,"column":4},"end":{"line":18,"column":null}},"type":"if","locations":[{"start":{"line":15,"column":4},"end":{"line":18,"column":null}},{"start":{"line":15,"column":4},"end":{"line":18,"column":null}}]},"1":{"loc":{"start":{"line":6,"column":13},"end":{"line":6,"column":24}},"type":"binary-expr","locations":[{"start":{"line":6,"column":13},"end":{"line":6,"column":24}},{"start":{"line":6,"column":13},"end":{"line":6,"column":24}}]}},"s":{"0":866,"1":830,"2":830,"3":1022,"4":0,"5":0,"6":1022,"7":1696},"f":{"0":866,"1":830,"2":1022},"b":{"0":[0,1022],"1":[830,830]}}
,"/home/vin_enault/OpenClassrooms/Testez-et-am-liorez-une-application-full-stack/front/src/app/interceptors/customJwtInterceptorFn.ts": {"path":"/home/vin_enault/OpenClassrooms/Testez-et-am-liorez-une-application-full-stack/front/src/app/interceptors/customJwtInterceptorFn.ts","statementMap":{"0":{"start":{"line":7,"column":25},"end":{"line":7,"column":47}},"1":{"start":{"line":8,"column":2},"end":{"line":14,"column":null}},"2":{"start":{"line":9,"column":4},"end":{"line":13,"column":null}},"3":{"start":{"line":15,"column":2},"end":{"line":15,"column":null}}},"fnMap":{"0":{"name":"customJwtInterceptorFn","decl":{"start":{"line":6,"column":16},"end":{"line":6,"column":38}},"loc":{"start":{"line":6,"column":89},"end":{"line":16,"column":null}}}},"branchMap":{"0":{"loc":{"start":{"line":8,"column":2},"end":{"line":14,"column":null}},"type":"if","locations":[{"start":{"line":8,"column":2},"end":{"line":14,"column":null}},{"start":{"line":8,"column":2},"end":{"line":14,"column":null}}]}},"s":{"0":2039,"1":2039,"2":1354,"3":2039},"f":{"0":2039},"b":{"0":[1354,685]}}
,"/home/vin_enault/OpenClassrooms/Testez-et-am-liorez-une-application-full-stack/front/src/app/pages/login/login.component.ts": {"path":"/home/vin_enault/OpenClassrooms/Testez-et-am-liorez-une-application-full-stack/front/src/app/pages/login/login.component.ts","statementMap":{"0":{"start":{"line":1,"column":0},"end":{"line":50,"column":0}},"1":{"start":{"line":10,"column":0},"end":{"line":20,"column":0}},"2":{"start":{"line":15,"column":2},"end":{"line":19,"column":3}},"3":{"start":{"line":16,"column":4},"end":{"line":16,"column":33}},"4":{"start":{"line":17,"column":4},"end":{"line":17,"column":38}},"5":{"start":{"line":18,"column":4},"end":{"line":18,"column":22}},"6":{"start":{"line":21,"column":41},"end":{"line":105,"column":4}},"7":{"start":{"line":24,"column":6},"end":{"line":24,"column":45}},"8":{"start":{"line":25,"column":6},"end":{"line":25,"column":36}},"9":{"start":{"line":26,"column":6},"end":{"line":26,"column":35}},"10":{"start":{"line":27,"column":6},"end":{"line":27,"column":51}},"11":{"start":{"line":28,"column":6},"end":{"line":28,"column":23}},"12":{"start":{"line":29,"column":6},"end":{"line":29,"column":27}},"13":{"start":{"line":30,"column":6},"end":{"line":33,"column":9}},"14":{"start":{"line":36,"column":27},"end":{"line":36,"column":42}},"15":{"start":{"line":37,"column":6},"end":{"line":43,"column":9}},"16":{"start":{"line":39,"column":10},"end":{"line":39,"column":46}},"17":{"start":{"line":40,"column":10},"end":{"line":40,"column":46}},"18":{"start":{"line":42,"column":24},"end":{"line":42,"column":43}},"19":{"start":{"line":46,"column":6},"end":{"line":48,"column":8}},"20":{"start":{"line":47,"column":8},"end":{"line":47,"column":59}},"21":{"start":{"line":51,"column":6},"end":{"line":101,"column":9}},"22":{"start":{"line":58,"column":10},"end":{"line":83,"column":11}},"23":{"start":{"line":59,"column":12},"end":{"line":59,"column":104}},"24":{"start":{"line":60,"column":12},"end":{"line":60,"column":34}},"25":{"start":{"line":61,"column":12},"end":{"line":61,"column":32}},"26":{"start":{"line":62,"column":12},"end":{"line":62,"column":44}},"27":{"start":{"line":63,"column":12},"end":{"line":65,"column":15}},"28":{"start":{"line":64,"column":14},"end":{"line":64,"column":34}},"29":{"start":{"line":66,"column":12},"end":{"line":66,"column":80}},"30":{"start":{"line":67,"column":12},"end":{"line":67,"column":40}},"31":{"start":{"line":68,"column":12},"end":{"line":68,"column":30}},"32":{"start":{"line":69,"column":12},"end":{"line":69,"column":54}},"33":{"start":{"line":70,"column":12},"end":{"line":70,"column":41}},"34":{"start":{"line":71,"column":12},"end":{"line":71,"column":47}},"35":{"start":{"line":72,"column":12},"end":{"line":74,"column":15}},"36":{"start":{"line":73,"column":14},"end":{"line":73,"column":42}},"37":{"start":{"line":75,"column":12},"end":{"line":75,"column":46}},"38":{"start":{"line":76,"column":12},"end":{"line":76,"column":26}},"39":{"start":{"line":77,"column":12},"end":{"line":77,"column":36}},"40":{"start":{"line":78,"column":12},"end":{"line":78,"column":47}},"41":{"start":{"line":79,"column":12},"end":{"line":79,"column":36}},"42":{"start":{"line":80,"column":12},"end":{"line":80,"column":30}},"43":{"start":{"line":81,"column":12},"end":{"line":81,"column":84}},"44":{"start":{"line":82,"column":12},"end":{"line":82,"column":34}},"45":{"start":{"line":84,"column":10},"end":{"line":97,"column":11}},"46":{"start":{"line":85,"column":12},"end":{"line":85,"column":28}},"47":{"start":{"line":86,"column":12},"end":{"line":86,"column":49}},"48":{"start":{"line":87,"column":12},"end":{"line":87,"column":28}},"49":{"start":{"line":88,"column":12},"end":{"line":88,"column":66}},"50":{"start":{"line":89,"column":12},"end":{"line":89,"column":27}},"51":{"start":{"line":90,"column":12},"end":{"line":90,"column":84}},"52":{"start":{"line":91,"column":12},"end":{"line":91,"column":28}},"53":{"start":{"line":92,"column":12},"end":{"line":92,"column":77}},"54":{"start":{"line":93,"column":12},"end":{"line":93,"column":27}},"55":{"start":{"line":94,"column":12},"end":{"line":94,"column":56}},"56":{"start":{"line":95,"column":12},"end":{"line":95,"column":28}},"57":{"start":{"line":96,"column":12},"end":{"line":96,"column":52}},"58":{"start":{"line":104,"column":2},"end":{"line":104,"column":24}}},"fnMap":{"0":{"name":"LoginComponent_Conditional_16_Template","decl":{"start":{"line":14,"column":9},"end":{"line":14,"column":47}},"loc":{"start":{"line":14,"column":57},"end":{"line":20,"column":1}},"line":14},"1":{"name":"(anonymous_1)","decl":{"start":{"line":21,"column":42},"end":{"line":21,"column":43}},"loc":{"start":{"line":21,"column":48},"end":{"line":105,"column":1}},"line":21},"2":{"name":"(anonymous_2)","decl":{"start":{"line":23,"column":4},"end":{"line":23,"column":5}},"loc":{"start":{"line":23,"column":18},"end":{"line":34,"column":5}},"line":23},"3":{"name":"(anonymous_3)","decl":{"start":{"line":35,"column":4},"end":{"line":35,"column":5}},"loc":{"start":{"line":35,"column":13},"end":{"line":44,"column":5}},"line":35},"4":{"name":"(anonymous_4)","decl":{"start":{"line":38,"column":14},"end":{"line":38,"column":15}},"loc":{"start":{"line":38,"column":26},"end":{"line":41,"column":9}},"line":38},"5":{"name":"(anonymous_5)","decl":{"start":{"line":42,"column":15},"end":{"line":42,"column":16}},"loc":{"start":{"line":42,"column":24},"end":{"line":42,"column":43}},"line":42},"6":{"name":"LoginComponent_Factory","decl":{"start":{"line":46,"column":27},"end":{"line":46,"column":49}},"loc":{"start":{"line":46,"column":69},"end":{"line":48,"column":7}},"line":46},"7":{"name":"LoginComponent_Template","decl":{"start":{"line":57,"column":27},"end":{"line":57,"column":50}},"loc":{"start":{"line":57,"column":60},"end":{"line":98,"column":9}},"line":57},"8":{"name":"LoginComponent_Template_form_ngSubmit_5_listener","decl":{"start":{"line":63,"column":47},"end":{"line":63,"column":95}},"loc":{"start":{"line":63,"column":98},"end":{"line":65,"column":13}},"line":63},"9":{"name":"LoginComponent_Template_button_click_11_listener","decl":{"start":{"line":72,"column":44},"end":{"line":72,"column":92}},"loc":{"start":{"line":72,"column":95},"end":{"line":74,"column":13}},"line":72}},"branchMap":{"0":{"loc":{"start":{"line":15,"column":2},"end":{"line":19,"column":3}},"type":"if","locations":[{"start":{"line":15,"column":2},"end":{"line":19,"column":3}},{"start":{"line":15,"column":2},"end":{"line":19,"column":3}}],"line":15},"1":{"loc":{"start":{"line":47,"column":20},"end":{"line":47,"column":55}},"type":"binary-expr","locations":[{"start":{"line":47,"column":20},"end":{"line":47,"column":37}},{"start":{"line":47,"column":41},"end":{"line":47,"column":55}}],"line":47},"2":{"loc":{"start":{"line":58,"column":10},"end":{"line":83,"column":11}},"type":"if","locations":[{"start":{"line":58,"column":10},"end":{"line":83,"column":11}},{"start":{"line":58,"column":10},"end":{"line":83,"column":11}}],"line":58},"3":{"loc":{"start":{"line":84,"column":10},"end":{"line":97,"column":11}},"type":"if","locations":[{"start":{"line":84,"column":10},"end":{"line":97,"column":11}},{"start":{"line":84,"column":10},"end":{"line":97,"column":11}}],"line":84},"4":{"loc":{"start":{"line":88,"column":34},"end":{"line":88,"column":64}},"type":"cond-expr","locations":[{"start":{"line":88,"column":45},"end":{"line":88,"column":55}},{"start":{"line":88,"column":58},"end":{"line":88,"column":64}}],"line":88},"5":{"loc":{"start":{"line":92,"column":33},"end":{"line":92,"column":75}},"type":"cond-expr","locations":[{"start":{"line":92,"column":44},"end":{"line":92,"column":60}},{"start":{"line":92,"column":63},"end":{"line":92,"column":75}}],"line":92},"6":{"loc":{"start":{"line":96,"column":29},"end":{"line":96,"column":50}},"type":"cond-expr","locations":[{"start":{"line":96,"column":43},"end":{"line":96,"column":45}},{"start":{"line":96,"column":48},"end":{"line":96,"column":50}}],"line":96}},"s":{"0":1,"1":1,"2":375,"3":188,"4":188,"5":188,"6":866,"7":784,"8":784,"9":784,"10":784,"11":784,"12":784,"13":784,"14":519,"15":519,"16":311,"17":311,"18":188,"19":867,"20":784,"21":866,"22":18497,"23":783,"24":783,"25":783,"26":783,"27":783,"28":518,"29":783,"30":783,"31":783,"32":783,"33":783,"34":783,"35":783,"36":148,"37":783,"38":783,"39":783,"40":783,"41":783,"42":783,"43":783,"44":783,"45":18497,"46":17714,"47":17714,"48":17714,"49":17714,"50":17714,"51":17714,"52":17714,"53":17714,"54":17714,"55":17714,"56":17714,"57":17714,"58":866},"f":{"0":374,"1":866,"2":783,"3":518,"4":310,"5":187,"6":783,"7":18497,"8":518,"9":148},"b":{"0":[187,187],"1":[783,783],"2":[783,17714],"3":[17714,783],"4":[17640,74],"5":[17640,74],"6":[187,17527]}}
,"/home/vin_enault/OpenClassrooms/Testez-et-am-liorez-une-application-full-stack/front/src/app/pages/not-found/not-found.component.html": {"path":"/home/vin_enault/OpenClassrooms/Testez-et-am-liorez-une-application-full-stack/front/src/app/pages/not-found/not-found.component.html","statementMap":{"0":{"start":{"line":2,"column":8},"end":{"line":2,"column":28}},"1":{"start":{"line":2,"column":12},"end":{"line":2,"column":33}},"2":{"start":{"line":3,"column":0},"end":{"line":3,"column":null}}},"fnMap":{},"branchMap":{},"s":{"0":36,"1":36,"2":36},"f":{},"b":{}}
,"/home/vin_enault/OpenClassrooms/Testez-et-am-liorez-une-application-full-stack/front/src/app/pages/not-found/not-found.component.ts": {"path":"/home/vin_enault/OpenClassrooms/Testez-et-am-liorez-une-application-full-stack/front/src/app/pages/not-found/not-found.component.ts","statementMap":{"0":{"start":{"line":8,"column":30},"end":{"line":8,"column":null}},"1":{"start":{"line":8,"column":13},"end":{"line":8,"column":null}}},"fnMap":{"0":{"name":"(anonymous_0)","decl":{"start":{"line":8,"column":30},"end":{"line":8,"column":null}},"loc":{"start":{"line":8,"column":30},"end":{"line":8,"column":null}}}},"branchMap":{"0":{"loc":{"start":{"line":8,"column":13},"end":{"line":8,"column":30}},"type":"binary-expr","locations":[{"start":{"line":8,"column":13},"end":{"line":8,"column":30}},{"start":{"line":8,"column":13},"end":{"line":8,"column":30}}]}},"s":{"0":866,"1":902},"f":{"0":866},"b":{"0":[36,36]}}
,"/home/vin_enault/OpenClassrooms/Testez-et-am-liorez-une-application-full-stack/front/src/app/pages/register/register.component.html": {"path":"/home/vin_enault/OpenClassrooms/Testez-et-am-liorez-une-application-full-stack/front/src/app/pages/register/register.component.html","statementMap":{"0":{"start":{"line":23,"column":12},"end":{"line":23,"column":53}},"1":{"start":{"line":23,"column":36},"end":{"line":23,"column":60}},"2":{"start":{"line":23,"column":53},"end":{"line":23,"column":null}},"3":{"start":{"line":4,"column":12},"end":{"line":4,"column":36}},"4":{"start":{"line":4,"column":28},"end":{"line":4,"column":53}},"5":{"start":{"line":5,"column":8},"end":{"line":5,"column":null}},"6":{"start":{"line":6,"column":8},"end":{"line":6,"column":null}},"7":{"start":{"line":6,"column":55},"end":{"line":6,"column":77}},"8":{"start":{"line":6,"column":55},"end":{"line":6,"column":76}},"9":{"start":{"line":8,"column":16},"end":{"line":8,"column":null}},"10":{"start":{"line":9,"column":20},"end":{"line":9,"column":null}},"11":{"start":{"line":10,"column":16},"end":{"line":10,"column":null}},"12":{"start":{"line":11,"column":16},"end":{"line":11,"column":null}},"13":{"start":{"line":12,"column":20},"end":{"line":12,"column":null}},"14":{"start":{"line":13,"column":16},"end":{"line":13,"column":null}},"15":{"start":{"line":14,"column":16},"end":{"line":14,"column":null}},"16":{"start":{"line":15,"column":20},"end":{"line":15,"column":null}},"17":{"start":{"line":16,"column":16},"end":{"line":16,"column":null}},"18":{"start":{"line":17,"column":16},"end":{"line":17,"column":null}},"19":{"start":{"line":18,"column":20},"end":{"line":18,"column":null}},"20":{"start":{"line":20,"column":12},"end":{"line":20,"column":null}},"21":{"start":{"line":21,"column":12},"end":{"line":21,"column":100}},"22":{"start":{"line":21,"column":94},"end":{"line":21,"column":109}},"23":{"start":{"line":21,"column":100},"end":{"line":21,"column":null}},"24":{"start":{"line":22,"column":12},"end":{"line":22,"column":null}},"25":{"start":{"line":27,"column":0},"end":{"line":27,"column":null}},"26":{"start":{"line":6,"column":36},"end":{"line":6,"column":55}},"27":{"start":{"line":21,"column":68},"end":{"line":21,"column":94}},"28":{"start":{"line":22,"column":12},"end":{"line":24,"column":null}}},"fnMap":{"0":{"name":"RegisterComponent_Template_form_ngSubmit_5_listener","decl":{"start":{"line":6,"column":55},"end":{"line":6,"column":67}},"loc":{"start":{"line":6,"column":55},"end":{"line":6,"column":76}}}},"branchMap":{"0":{"loc":{"start":{"line":22,"column":12},"end":{"line":22,"column":27}},"type":"cond-expr","locations":[{"start":{"line":22,"column":12},"end":{"line":22,"column":27}},{"start":{"line":22,"column":12},"end":{"line":22,"column":27}}]}},"s":{"0":39,"1":39,"2":39,"3":239,"4":239,"5":239,"6":239,"7":239,"8":167,"9":239,"10":239,"11":239,"12":239,"13":239,"14":239,"15":239,"16":239,"17":239,"18":239,"19":239,"20":239,"21":239,"22":239,"23":239,"24":239,"25":239,"26":20462,"27":20462,"28":20462},"f":{"0":167},"b":{"0":[73,10158]}}
,"/home/vin_enault/OpenClassrooms/Testez-et-am-liorez-une-application-full-stack/front/src/app/pages/register/register.component.ts": {"path":"/home/vin_enault/OpenClassrooms/Testez-et-am-liorez-une-application-full-stack/front/src/app/pages/register/register.component.ts","statementMap":{"0":{"start":{"line":14,"column":30},"end":{"line":14,"column":null}},"1":{"start":{"line":15,"column":10},"end":{"line":15,"column":null}},"2":{"start":{"line":16,"column":10},"end":{"line":16,"column":null}},"3":{"start":{"line":17,"column":10},"end":{"line":17,"column":null}},"4":{"start":{"line":18,"column":9},"end":{"line":18,"column":null}},"5":{"start":{"line":20,"column":9},"end":{"line":52,"column":null}},"6":{"start":{"line":56,"column":28},"end":{"line":56,"column":62}},"7":{"start":{"line":57,"column":4},"end":{"line":61,"column":null}},"8":{"start":{"line":58,"column":25},"end":{"line":58,"column":57}},"9":{"start":{"line":59,"column":18},"end":{"line":59,"column":null}},"10":{"start":{"line":14,"column":13},"end":{"line":14,"column":null}}},"fnMap":{"0":{"name":"(anonymous_1)","decl":{"start":{"line":14,"column":30},"end":{"line":14,"column":null}},"loc":{"start":{"line":14,"column":30},"end":{"line":14,"column":null}}},"1":{"name":"(anonymous_3)","decl":{"start":{"line":55,"column":9},"end":{"line":55,"column":15}},"loc":{"start":{"line":55,"column":15},"end":{"line":62,"column":null}}},"2":{"name":"(anonymous_4)","decl":{"start":{"line":58,"column":13},"end":{"line":58,"column":20}},"loc":{"start":{"line":58,"column":25},"end":{"line":58,"column":57}}},"3":{"name":"(anonymous_5)","decl":{"start":{"line":59,"column":13},"end":{"line":59,"column":14}},"loc":{"start":{"line":59,"column":18},"end":{"line":59,"column":null}}}},"branchMap":{"0":{"loc":{"start":{"line":14,"column":13},"end":{"line":14,"column":30}},"type":"binary-expr","locations":[{"start":{"line":14,"column":13},"end":{"line":14,"column":30}},{"start":{"line":14,"column":13},"end":{"line":14,"column":30}}]}},"s":{"0":866,"1":239,"2":239,"3":239,"4":239,"5":239,"6":167,"7":167,"8":30,"9":73,"10":1105},"f":{"0":866,"1":167,"2":30,"3":73},"b":{"0":[239,239]}}
,"/home/vin_enault/OpenClassrooms/Testez-et-am-liorez-une-application-full-stack/front/src/app/pages/sessions/components/detail/detail.component.html": {"path":"/home/vin_enault/OpenClassrooms/Testez-et-am-liorez-une-application-full-stack/front/src/app/pages/sessions/components/detail/detail.component.html","statementMap":{"0":{"start":{"line":15,"column":10},"end":{"line":15,"column":null}},"1":{"start":{"line":15,"column":49},"end":{"line":15,"column":68}},"2":{"start":{"line":15,"column":49},"end":{"line":15,"column":58}},"3":{"start":{"line":15,"column":49},"end":{"line":15,"column":67}},"4":{"start":{"line":16,"column":12},"end":{"line":16,"column":28}},"5":{"start":{"line":16,"column":22},"end":{"line":16,"column":39}},"6":{"start":{"line":16,"column":28},"end":{"line":16,"column":null}},"7":{"start":{"line":17,"column":12},"end":{"line":17,"column":36}},"8":{"start":{"line":17,"column":30},"end":{"line":17,"column":43}},"9":{"start":{"line":18,"column":10},"end":{"line":18,"column":null}},"10":{"start":{"line":23,"column":12},"end":{"line":23,"column":null}},"11":{"start":{"line":23,"column":51},"end":{"line":23,"column":77}},"12":{"start":{"line":23,"column":51},"end":{"line":23,"column":60}},"13":{"start":{"line":23,"column":51},"end":{"line":23,"column":76}},"14":{"start":{"line":24,"column":14},"end":{"line":24,"column":37}},"15":{"start":{"line":24,"column":24},"end":{"line":24,"column":48}},"16":{"start":{"line":24,"column":37},"end":{"line":24,"column":null}},"17":{"start":{"line":25,"column":14},"end":{"line":25,"column":50}},"18":{"start":{"line":25,"column":32},"end":{"line":25,"column":57}},"19":{"start":{"line":26,"column":12},"end":{"line":26,"column":null}},"20":{"start":{"line":28,"column":12},"end":{"line":28,"column":null}},"21":{"start":{"line":28,"column":54},"end":{"line":28,"column":78}},"22":{"start":{"line":28,"column":54},"end":{"line":28,"column":63}},"23":{"start":{"line":28,"column":54},"end":{"line":28,"column":77}},"24":{"start":{"line":29,"column":14},"end":{"line":29,"column":34}},"25":{"start":{"line":29,"column":24},"end":{"line":29,"column":45}},"26":{"start":{"line":29,"column":34},"end":{"line":29,"column":null}},"27":{"start":{"line":30,"column":14},"end":{"line":30,"column":43}},"28":{"start":{"line":30,"column":32},"end":{"line":30,"column":50}},"29":{"start":{"line":31,"column":12},"end":{"line":31,"column":null}},"30":{"start":{"line":21,"column":10},"end":{"line":21,"column":null}},"31":{"start":{"line":27,"column":14},"end":{"line":27,"column":null}},"32":{"start":{"line":33,"column":10},"end":{"line":33,"column":null}},"33":{"start":{"line":22,"column":12},"end":{"line":32,"column":null}},"34":{"start":{"line":42,"column":8},"end":{"line":42,"column":null}},"35":{"start":{"line":43,"column":10},"end":{"line":44,"column":19}},"36":{"start":{"line":44,"column":8},"end":{"line":44,"column":null}},"37":{"start":{"line":45,"column":8},"end":{"line":45,"column":84}},"38":{"start":{"line":45,"column":26},"end":{"line":45,"column":91}},"39":{"start":{"line":47,"column":4},"end":{"line":47,"column":null}},"40":{"start":{"line":7,"column":10},"end":{"line":7,"column":null}},"41":{"start":{"line":7,"column":34},"end":{"line":7,"column":51}},"42":{"start":{"line":7,"column":34},"end":{"line":7,"column":43}},"43":{"start":{"line":7,"column":34},"end":{"line":7,"column":50}},"44":{"start":{"line":8,"column":12},"end":{"line":8,"column":32}},"45":{"start":{"line":8,"column":22},"end":{"line":8,"column":43}},"46":{"start":{"line":9,"column":10},"end":{"line":9,"column":null}},"47":{"start":{"line":10,"column":10},"end":{"line":10,"column":42}},"48":{"start":{"line":10,"column":14},"end":{"line":10,"column":47}},"49":{"start":{"line":11,"column":8},"end":{"line":11,"column":null}},"50":{"start":{"line":12,"column":8},"end":{"line":12,"column":null}},"51":{"start":{"line":20,"column":10},"end":{"line":20,"column":null}},"52":{"start":{"line":37,"column":4},"end":{"line":37,"column":null}},"53":{"start":{"line":39,"column":4},"end":{"line":39,"column":null}},"54":{"start":{"line":49,"column":4},"end":{"line":49,"column":null}},"55":{"start":{"line":50,"column":6},"end":{"line":50,"column":null}},"56":{"start":{"line":51,"column":4},"end":{"line":51,"column":null}},"57":{"start":{"line":55,"column":10},"end":{"line":55,"column":null}},"58":{"start":{"line":56,"column":12},"end":{"line":57,"column":21}},"59":{"start":{"line":57,"column":10},"end":{"line":57,"column":null}},"60":{"start":{"line":58,"column":10},"end":{"line":58,"column":64}},"61":{"start":{"line":58,"column":28},"end":{"line":58,"column":71}},"62":{"start":{"line":59,"column":8},"end":{"line":59,"column":null}},"63":{"start":{"line":61,"column":10},"end":{"line":61,"column":null}},"64":{"start":{"line":62,"column":12},"end":{"line":63,"column":21}},"65":{"start":{"line":63,"column":10},"end":{"line":63,"column":null}},"66":{"start":{"line":64,"column":10},"end":{"line":64,"column":64}},"67":{"start":{"line":64,"column":28},"end":{"line":64,"column":71}},"68":{"start":{"line":66,"column":6},"end":{"line":66,"column":null}},"69":{"start":{"line":68,"column":8},"end":{"line":68,"column":23}},"70":{"start":{"line":68,"column":11},"end":{"line":68,"column":27}},"71":{"start":{"line":68,"column":23},"end":{"line":68,"column":null}},"72":{"start":{"line":69,"column":8},"end":{"line":70,"column":12}},"73":{"start":{"line":70,"column":8},"end":{"line":70,"column":null}},"74":{"start":{"line":71,"column":6},"end":{"line":71,"column":null}},"75":{"start":{"line":73,"column":29},"end":{"line":73,"column":43}},"76":{"start":{"line":73,"column":32},"end":{"line":73,"column":47}},"77":{"start":{"line":73,"column":43},"end":{"line":73,"column":48}},"78":{"start":{"line":73,"column":48},"end":{"line":73,"column":94}},"79":{"start":{"line":73,"column":88},"end":{"line":73,"column":null}},"80":{"start":{"line":74,"column":29},"end":{"line":74,"column":45}},"81":{"start":{"line":74,"column":32},"end":{"line":74,"column":49}},"82":{"start":{"line":74,"column":45},"end":{"line":74,"column":50}},"83":{"start":{"line":74,"column":50},"end":{"line":74,"column":96}},"84":{"start":{"line":77,"column":2},"end":{"line":77,"column":null}},"85":{"start":{"line":14,"column":10},"end":{"line":34,"column":null}},"86":{"start":{"line":39,"column":4},"end":{"line":48,"column":null}},"87":{"start":{"line":1,"column":0},"end":{"line":1,"column":null}},"88":{"start":{"line":2,"column":2},"end":{"line":2,"column":null}},"89":{"start":{"line":79,"column":0},"end":{"line":79,"column":null}},"90":{"start":{"line":2,"column":2},"end":{"line":78,"column":null}}},"fnMap":{"0":{"name":"DetailComponent_Conditional_1_Conditional_11_Template_button_click_0_listener","decl":{"start":{"line":15,"column":49},"end":{"line":15,"column":58}},"loc":{"start":{"line":15,"column":49},"end":{"line":15,"column":67}}},"1":{"name":"DetailComponent_Conditional_1_Conditional_12_Conditional_1_Template_button_click_0_listener","decl":{"start":{"line":23,"column":51},"end":{"line":23,"column":60}},"loc":{"start":{"line":23,"column":51},"end":{"line":23,"column":76}}},"2":{"name":"DetailComponent_Conditional_1_Conditional_12_Conditional_2_Template_button_click_0_listener","decl":{"start":{"line":28,"column":54},"end":{"line":28,"column":63}},"loc":{"start":{"line":28,"column":54},"end":{"line":28,"column":77}}},"3":{"name":"DetailComponent_Conditional_1_Template_button_click_4_listener","decl":{"start":{"line":7,"column":34},"end":{"line":7,"column":43}},"loc":{"start":{"line":7,"column":34},"end":{"line":7,"column":50}}}},"branchMap":{"0":{"loc":{"start":{"line":22,"column":12},"end":{"line":22,"column":33}},"type":"cond-expr","locations":[{"start":{"line":22,"column":12},"end":{"line":22,"column":33}},{"start":{"line":22,"column":12},"end":{"line":22,"column":33}}]},"1":{"loc":{"start":{"line":14,"column":10},"end":{"line":14,"column":25}},"type":"cond-expr","locations":[{"start":{"line":14,"column":10},"end":{"line":14,"column":25}},{"start":{"line":14,"column":10},"end":{"line":14,"column":25}}]},"2":{"loc":{"start":{"line":39,"column":4},"end":{"line":39,"column":19}},"type":"cond-expr","locations":[{"start":{"line":39,"column":4},"end":{"line":39,"column":19}},{"start":{"line":39,"column":4},"end":{"line":39,"column":19}}]},"3":{"loc":{"start":{"line":2,"column":2},"end":{"line":2,"column":17}},"type":"cond-expr","locations":[{"start":{"line":2,"column":2},"end":{"line":2,"column":17}},{"start":{"line":2,"column":2},"end":{"line":2,"column":17}}]}},"s":{"0":60,"1":60,"2":56,"3":28,"4":60,"5":60,"6":60,"7":60,"8":60,"9":60,"10":33,"11":33,"12":66,"13":33,"14":33,"15":33,"16":33,"17":33,"18":33,"19":33,"20":99,"21":99,"22":66,"23":33,"24":99,"25":99,"26":99,"27":99,"28":99,"29":99,"30":66,"31":66,"32":66,"33":940,"34":126,"35":126,"36":126,"37":126,"38":1176,"39":126,"40":126,"41":126,"42":186,"43":93,"44":126,"45":126,"46":126,"47":126,"48":1450,"49":126,"50":126,"51":126,"52":126,"53":126,"54":126,"55":126,"56":126,"57":126,"58":126,"59":126,"60":126,"61":1450,"62":126,"63":126,"64":126,"65":126,"66":126,"67":1450,"68":126,"69":126,"70":126,"71":126,"72":1450,"73":126,"74":126,"75":126,"76":126,"77":126,"78":1450,"79":126,"80":126,"81":126,"82":126,"83":1450,"84":126,"85":1324,"86":1324,"87":126,"88":126,"89":126,"90":1596},"f":{"0":28,"1":33,"2":33,"3":93},"b":{"0":[132,338],"1":[192,470],"2":[525,137],"3":[662,136]}}
,"/home/vin_enault/OpenClassrooms/Testez-et-am-liorez-une-application-full-stack/front/src/app/pages/sessions/components/detail/detail.component.ts": {"path":"/home/vin_enault/OpenClassrooms/Testez-et-am-liorez-une-application-full-stack/front/src/app/pages/sessions/components/detail/detail.component.ts","statementMap":{"0":{"start":{"line":21,"column":28},"end":{"line":21,"column":null}},"1":{"start":{"line":22,"column":10},"end":{"line":22,"column":null}},"2":{"start":{"line":25,"column":9},"end":{"line":25,"column":null}},"3":{"start":{"line":26,"column":9},"end":{"line":26,"column":null}},"4":{"start":{"line":30,"column":10},"end":{"line":30,"column":null}},"5":{"start":{"line":31,"column":10},"end":{"line":31,"column":null}},"6":{"start":{"line":32,"column":10},"end":{"line":32,"column":null}},"7":{"start":{"line":33,"column":10},"end":{"line":33,"column":null}},"8":{"start":{"line":34,"column":10},"end":{"line":34,"column":null}},"9":{"start":{"line":35,"column":10},"end":{"line":35,"column":null}},"10":{"start":{"line":36,"column":10},"end":{"line":36,"column":null}},"11":{"start":{"line":39,"column":4},"end":{"line":39,"column":null}},"12":{"start":{"line":40,"column":4},"end":{"line":40,"column":null}},"13":{"start":{"line":41,"column":4},"end":{"line":41,"column":null}},"14":{"start":{"line":45,"column":4},"end":{"line":45,"column":null}},"15":{"start":{"line":49,"column":4},"end":{"line":49,"column":null}},"16":{"start":{"line":50,"column":4},"end":{"line":50,"column":null}},"17":{"start":{"line":55,"column":4},"end":{"line":55,"column":null}},"18":{"start":{"line":59,"column":4},"end":{"line":65,"column":null}},"19":{"start":{"line":62,"column":8},"end":{"line":62,"column":null}},"20":{"start":{"line":63,"column":8},"end":{"line":63,"column":null}},"21":{"start":{"line":69,"column":4},"end":{"line":69,"column":null}},"22":{"start":{"line":69,"column":83},"end":{"line":69,"column":102}},"23":{"start":{"line":73,"column":4},"end":{"line":73,"column":null}},"24":{"start":{"line":73,"column":85},"end":{"line":73,"column":104}},"25":{"start":{"line":77,"column":4},"end":{"line":87,"column":null}},"26":{"start":{"line":81,"column":8},"end":{"line":81,"column":null}},"27":{"start":{"line":82,"column":8},"end":{"line":82,"column":null}},"28":{"start":{"line":82,"column":56},"end":{"line":82,"column":107}},"29":{"start":{"line":83,"column":8},"end":{"line":86,"column":null}},"30":{"start":{"line":86,"column":43},"end":{"line":86,"column":65}},"31":{"start":{"line":21,"column":13},"end":{"line":21,"column":null}}},"fnMap":{"0":{"name":"(anonymous_10)","decl":{"start":{"line":21,"column":28},"end":{"line":21,"column":null}},"loc":{"start":{"line":21,"column":28},"end":{"line":21,"column":null}}},"1":{"name":"(anonymous_11)","decl":{"start":{"line":38,"column":2},"end":{"line":38,"column":null}},"loc":{"start":{"line":38,"column":2},"end":{"line":42,"column":null}}},"2":{"name":"(anonymous_12)","decl":{"start":{"line":44,"column":2},"end":{"line":44,"column":10}},"loc":{"start":{"line":44,"column":10},"end":{"line":46,"column":null}}},"3":{"name":"(anonymous_13)","decl":{"start":{"line":48,"column":2},"end":{"line":48,"column":13}},"loc":{"start":{"line":48,"column":13},"end":{"line":51,"column":null}}},"4":{"name":"(anonymous_14)","decl":{"start":{"line":54,"column":9},"end":{"line":54,"column":13}},"loc":{"start":{"line":54,"column":13},"end":{"line":56,"column":null}}},"5":{"name":"(anonymous_15)","decl":{"start":{"line":58,"column":9},"end":{"line":58,"column":15}},"loc":{"start":{"line":58,"column":15},"end":{"line":66,"column":null}}},"6":{"name":"(anonymous_16)","decl":{"start":{"line":61,"column":17},"end":{"line":61,"column":22}},"loc":{"start":{"line":61,"column":22},"end":{"line":64,"column":7}}},"7":{"name":"(anonymous_17)","decl":{"start":{"line":68,"column":9},"end":{"line":68,"column":20}},"loc":{"start":{"line":68,"column":20},"end":{"line":70,"column":null}}},"8":{"name":"(anonymous_18)","decl":{"start":{"line":69,"column":78},"end":{"line":69,"column":79}},"loc":{"start":{"line":69,"column":83},"end":{"line":69,"column":102}}},"9":{"name":"(anonymous_19)","decl":{"start":{"line":72,"column":9},"end":{"line":72,"column":22}},"loc":{"start":{"line":72,"column":22},"end":{"line":74,"column":null}}},"10":{"name":"(anonymous_20)","decl":{"start":{"line":73,"column":80},"end":{"line":73,"column":81}},"loc":{"start":{"line":73,"column":85},"end":{"line":73,"column":104}}},"11":{"name":"(anonymous_21)","decl":{"start":{"line":76,"column":10},"end":{"line":76,"column":22}},"loc":{"start":{"line":76,"column":22},"end":{"line":88,"column":null}}},"12":{"name":"(anonymous_22)","decl":{"start":{"line":80,"column":18},"end":{"line":80,"column":34}},"loc":{"start":{"line":80,"column":38},"end":{"line":87,"column":7}}},"13":{"name":"(anonymous_23)","decl":{"start":{"line":82,"column":48},"end":{"line":82,"column":52}},"loc":{"start":{"line":82,"column":56},"end":{"line":82,"column":107}}},"14":{"name":"(anonymous_24)","decl":{"start":{"line":86,"column":22},"end":{"line":86,"column":38}},"loc":{"start":{"line":86,"column":43},"end":{"line":86,"column":65}}}},"branchMap":{"0":{"loc":{"start":{"line":21,"column":13},"end":{"line":21,"column":28}},"type":"binary-expr","locations":[{"start":{"line":21,"column":13},"end":{"line":21,"column":28}},{"start":{"line":21,"column":13},"end":{"line":21,"column":28}}]}},"s":{"0":866,"1":126,"2":126,"3":126,"4":126,"5":126,"6":126,"7":126,"8":126,"9":126,"10":126,"11":126,"12":126,"13":126,"14":126,"15":121,"16":121,"17":93,"18":28,"19":28,"20":28,"21":33,"22":33,"23":33,"24":33,"25":192,"26":192,"27":192,"28":33,"29":192,"30":192,"31":992},"f":{"0":866,"1":126,"2":126,"3":121,"4":93,"5":28,"6":28,"7":33,"8":33,"9":33,"10":33,"11":192,"12":192,"13":33,"14":192},"b":{"0":[126,126]}}
,"/home/vin_enault/OpenClassrooms/Testez-et-am-liorez-une-application-full-stack/front/src/app/pages/sessions/components/form/form.component.html": {"path":"/home/vin_enault/OpenClassrooms/Testez-et-am-liorez-une-application-full-stack/front/src/app/pages/sessions/components/form/form.component.html","statementMap":{"0":{"start":{"line":9,"column":8},"end":{"line":9,"column":26}},"1":{"start":{"line":9,"column":12},"end":{"line":9,"column":31}},"2":{"start":{"line":9,"column":26},"end":{"line":9,"column":null}},"3":{"start":{"line":13,"column":8},"end":{"line":13,"column":26}},"4":{"start":{"line":13,"column":12},"end":{"line":13,"column":31}},"5":{"start":{"line":13,"column":26},"end":{"line":13,"column":null}},"6":{"start":{"line":33,"column":12},"end":{"line":33,"column":null}},"7":{"start":{"line":34,"column":14},"end":{"line":35,"column":25}},"8":{"start":{"line":35,"column":12},"end":{"line":35,"column":null}},"9":{"start":{"line":33,"column":24},"end":{"line":33,"column":45}},"10":{"start":{"line":20,"column":6},"end":{"line":20,"column":null}},"11":{"start":{"line":20,"column":68},"end":{"line":20,"column":90}},"12":{"start":{"line":20,"column":68},"end":{"line":20,"column":80}},"13":{"start":{"line":20,"column":68},"end":{"line":20,"column":89}},"14":{"start":{"line":22,"column":10},"end":{"line":22,"column":25}},"15":{"start":{"line":22,"column":21},"end":{"line":22,"column":37}},"16":{"start":{"line":22,"column":25},"end":{"line":22,"column":null}},"17":{"start":{"line":23,"column":10},"end":{"line":23,"column":null}},"18":{"start":{"line":24,"column":8},"end":{"line":24,"column":null}},"19":{"start":{"line":26,"column":10},"end":{"line":26,"column":25}},"20":{"start":{"line":26,"column":21},"end":{"line":26,"column":37}},"21":{"start":{"line":26,"column":25},"end":{"line":26,"column":null}},"22":{"start":{"line":27,"column":10},"end":{"line":27,"column":null}},"23":{"start":{"line":28,"column":8},"end":{"line":28,"column":null}},"24":{"start":{"line":30,"column":10},"end":{"line":30,"column":28}},"25":{"start":{"line":30,"column":21},"end":{"line":30,"column":40}},"26":{"start":{"line":30,"column":28},"end":{"line":30,"column":null}},"27":{"start":{"line":31,"column":10},"end":{"line":31,"column":null}},"28":{"start":{"line":32,"column":12},"end":{"line":36,"column":null}},"29":{"start":{"line":38,"column":8},"end":{"line":38,"column":null}},"30":{"start":{"line":40,"column":10},"end":{"line":40,"column":32}},"31":{"start":{"line":40,"column":21},"end":{"line":40,"column":44}},"32":{"start":{"line":40,"column":32},"end":{"line":40,"column":null}},"33":{"start":{"line":41,"column":10},"end":{"line":41,"column":null}},"34":{"start":{"line":42,"column":8},"end":{"line":42,"column":null}},"35":{"start":{"line":44,"column":10},"end":{"line":44,"column":null}},"36":{"start":{"line":45,"column":12},"end":{"line":46,"column":19}},"37":{"start":{"line":49,"column":4},"end":{"line":49,"column":null}},"38":{"start":{"line":20,"column":42},"end":{"line":20,"column":68}},"39":{"start":{"line":44,"column":66},"end":{"line":44,"column":99}},"40":{"start":{"line":6,"column":10},"end":{"line":6,"column":30}},"41":{"start":{"line":6,"column":20},"end":{"line":6,"column":41}},"42":{"start":{"line":7,"column":8},"end":{"line":7,"column":null}},"43":{"start":{"line":11,"column":8},"end":{"line":12,"column":null}},"44":{"start":{"line":16,"column":4},"end":{"line":16,"column":null}},"45":{"start":{"line":18,"column":4},"end":{"line":18,"column":null}},"46":{"start":{"line":52,"column":0},"end":{"line":52,"column":null}},"47":{"start":{"line":8,"column":8},"end":{"line":14,"column":null}},"48":{"start":{"line":18,"column":4},"end":{"line":50,"column":null}}},"fnMap":{"0":{"name":"FormComponent_Conditional_9_Template_form_ngSubmit_1_listener","decl":{"start":{"line":20,"column":68},"end":{"line":20,"column":80}},"loc":{"start":{"line":20,"column":68},"end":{"line":20,"column":89}}}},"branchMap":{"0":{"loc":{"start":{"line":8,"column":8},"end":{"line":8,"column":24}},"type":"cond-expr","locations":[{"start":{"line":8,"column":8},"end":{"line":8,"column":24}},{"start":{"line":8,"column":8},"end":{"line":8,"column":24}}]},"1":{"loc":{"start":{"line":18,"column":4},"end":{"line":18,"column":23}},"type":"cond-expr","locations":[{"start":{"line":18,"column":4},"end":{"line":18,"column":23}},{"start":{"line":18,"column":4},"end":{"line":18,"column":23}}]}},"s":{"0":30,"1":30,"2":30,"3":34,"4":34,"5":34,"6":128,"7":12672,"8":128,"9":6272,"10":64,"11":64,"12":128,"13":64,"14":64,"15":64,"16":64,"17":64,"18":64,"19":64,"20":64,"21":64,"22":64,"23":64,"24":64,"25":64,"26":64,"27":64,"28":6594,"29":64,"30":64,"31":64,"32":64,"33":64,"34":64,"35":64,"36":64,"37":64,"38":6530,"39":6530,"40":64,"41":64,"42":64,"43":64,"44":64,"45":64,"46":64,"47":6592,"48":6592},"f":{"0":64},"b":{"0":[1286,2010],"1":[3265,31]}}
,"/home/vin_enault/OpenClassrooms/Testez-et-am-liorez-une-application-full-stack/front/src/app/pages/sessions/components/form/form.component.ts": {"path":"/home/vin_enault/OpenClassrooms/Testez-et-am-liorez-une-application-full-stack/front/src/app/pages/sessions/components/form/form.component.ts","statementMap":{"0":{"start":{"line":20,"column":26},"end":{"line":20,"column":null}},"1":{"start":{"line":21,"column":10},"end":{"line":21,"column":null}},"2":{"start":{"line":22,"column":10},"end":{"line":22,"column":null}},"3":{"start":{"line":23,"column":10},"end":{"line":23,"column":null}},"4":{"start":{"line":24,"column":10},"end":{"line":24,"column":null}},"5":{"start":{"line":25,"column":10},"end":{"line":25,"column":null}},"6":{"start":{"line":26,"column":10},"end":{"line":26,"column":null}},"7":{"start":{"line":27,"column":10},"end":{"line":27,"column":null}},"8":{"start":{"line":28,"column":10},"end":{"line":28,"column":null}},"9":{"start":{"line":30,"column":9},"end":{"line":30,"column":null}},"10":{"start":{"line":32,"column":9},"end":{"line":32,"column":null}},"11":{"start":{"line":36,"column":4},"end":{"line":38,"column":null}},"12":{"start":{"line":37,"column":6},"end":{"line":37,"column":null}},"13":{"start":{"line":39,"column":16},"end":{"line":39,"column":31}},"14":{"start":{"line":40,"column":4},"end":{"line":49,"column":null}},"15":{"start":{"line":41,"column":6},"end":{"line":41,"column":null}},"16":{"start":{"line":42,"column":6},"end":{"line":42,"column":null}},"17":{"start":{"line":43,"column":6},"end":{"line":46,"column":null}},"18":{"start":{"line":46,"column":41},"end":{"line":46,"column":63}},"19":{"start":{"line":48,"column":6},"end":{"line":48,"column":null}},"20":{"start":{"line":53,"column":4},"end":{"line":53,"column":null}},"21":{"start":{"line":54,"column":4},"end":{"line":54,"column":null}},"22":{"start":{"line":58,"column":20},"end":{"line":58,"column":54}},"23":{"start":{"line":60,"column":4},"end":{"line":68,"column":null}},"24":{"start":{"line":61,"column":6},"end":{"line":63,"column":null}},"25":{"start":{"line":63,"column":35},"end":{"line":63,"column":69}},"26":{"start":{"line":65,"column":6},"end":{"line":67,"column":null}},"27":{"start":{"line":67,"column":35},"end":{"line":67,"column":69}},"28":{"start":{"line":72,"column":4},"end":{"line":92,"column":null}},"29":{"start":{"line":96,"column":4},"end":{"line":96,"column":null}},"30":{"start":{"line":97,"column":4},"end":{"line":97,"column":null}},"31":{"start":{"line":20,"column":13},"end":{"line":20,"column":null}}},"fnMap":{"0":{"name":"(anonymous_6)","decl":{"start":{"line":20,"column":26},"end":{"line":20,"column":null}},"loc":{"start":{"line":20,"column":26},"end":{"line":20,"column":null}}},"1":{"name":"(anonymous_8)","decl":{"start":{"line":35,"column":2},"end":{"line":35,"column":10}},"loc":{"start":{"line":35,"column":10},"end":{"line":50,"column":null}}},"2":{"name":"(anonymous_9)","decl":{"start":{"line":46,"column":20},"end":{"line":46,"column":36}},"loc":{"start":{"line":46,"column":41},"end":{"line":46,"column":63}}},"3":{"name":"(anonymous_10)","decl":{"start":{"line":52,"column":2},"end":{"line":52,"column":13}},"loc":{"start":{"line":52,"column":13},"end":{"line":55,"column":null}}},"4":{"name":"(anonymous_11)","decl":{"start":{"line":57,"column":9},"end":{"line":57,"column":15}},"loc":{"start":{"line":57,"column":15},"end":{"line":69,"column":null}}},"5":{"name":"(anonymous_12)","decl":{"start":{"line":63,"column":20},"end":{"line":63,"column":30}},"loc":{"start":{"line":63,"column":35},"end":{"line":63,"column":69}}},"6":{"name":"(anonymous_13)","decl":{"start":{"line":67,"column":20},"end":{"line":67,"column":30}},"loc":{"start":{"line":67,"column":35},"end":{"line":67,"column":69}}},"7":{"name":"(anonymous_14)","decl":{"start":{"line":71,"column":10},"end":{"line":71,"column":18}},"loc":{"start":{"line":71,"column":36},"end":{"line":93,"column":null}}},"8":{"name":"(anonymous_15)","decl":{"start":{"line":95,"column":10},"end":{"line":95,"column":18}},"loc":{"start":{"line":95,"column":34},"end":{"line":98,"column":null}}}},"branchMap":{"0":{"loc":{"start":{"line":36,"column":4},"end":{"line":38,"column":null}},"type":"if","locations":[{"start":{"line":36,"column":4},"end":{"line":38,"column":null}},{"start":{"line":36,"column":4},"end":{"line":38,"column":null}}]},"1":{"loc":{"start":{"line":40,"column":4},"end":{"line":49,"column":null}},"type":"if","locations":[{"start":{"line":40,"column":4},"end":{"line":49,"column":null}},{"start":{"line":40,"column":4},"end":{"line":49,"column":null}}]},"2":{"loc":{"start":{"line":60,"column":4},"end":{"line":68,"column":null}},"type":"if","locations":[{"start":{"line":60,"column":4},"end":{"line":68,"column":null}},{"start":{"line":60,"column":4},"end":{"line":68,"column":null}}]},"3":{"loc":{"start":{"line":74,"column":8},"end":{"line":74,"column":35}},"type":"cond-expr","locations":[{"start":{"line":74,"column":18},"end":{"line":74,"column":30}},{"start":{"line":74,"column":33},"end":{"line":74,"column":35}}]},"4":{"loc":{"start":{"line":78,"column":8},"end":{"line":78,"column":73}},"type":"cond-expr","locations":[{"start":{"line":78,"column":18},"end":{"line":78,"column":68}},{"start":{"line":78,"column":71},"end":{"line":78,"column":73}}]},"5":{"loc":{"start":{"line":82,"column":8},"end":{"line":82,"column":41}},"type":"cond-expr","locations":[{"start":{"line":82,"column":18},"end":{"line":82,"column":36}},{"start":{"line":82,"column":39},"end":{"line":82,"column":41}}]},"6":{"loc":{"start":{"line":86,"column":8},"end":{"line":86,"column":42}},"type":"cond-expr","locations":[{"start":{"line":86,"column":18},"end":{"line":86,"column":37}},{"start":{"line":86,"column":40},"end":{"line":86,"column":42}}]},"7":{"loc":{"start":{"line":20,"column":13},"end":{"line":20,"column":26}},"type":"binary-expr","locations":[{"start":{"line":20,"column":13},"end":{"line":20,"column":26}},{"start":{"line":20,"column":13},"end":{"line":20,"column":26}}]}},"s":{"0":866,"1":64,"2":64,"3":64,"4":64,"5":64,"6":64,"7":64,"8":64,"9":64,"10":64,"11":64,"12":0,"13":64,"14":64,"15":30,"16":30,"17":30,"18":30,"19":34,"20":60,"21":60,"22":64,"23":64,"24":34,"25":30,"26":30,"27":30,"28":64,"29":60,"30":60,"31":930},"f":{"0":866,"1":64,"2":30,"3":60,"4":64,"5":30,"6":30,"7":64,"8":60},"b":{"0":[0,64],"1":[30,34],"2":[34,30],"3":[30,34],"4":[30,34],"5":[30,34],"6":[30,34],"7":[64,64]}}
,"/home/vin_enault/OpenClassrooms/Testez-et-am-liorez-une-application-full-stack/front/src/app/pages/sessions/components/list/list.component.html": {"path":"/home/vin_enault/OpenClassrooms/Testez-et-am-liorez-une-application-full-stack/front/src/app/pages/sessions/components/list/list.component.html","statementMap":{"0":{"start":{"line":7,"column":8},"end":{"line":7,"column":21}},"1":{"start":{"line":7,"column":18},"end":{"line":7,"column":32}},"2":{"start":{"line":7,"column":21},"end":{"line":7,"column":null}},"3":{"start":{"line":8,"column":8},"end":{"line":8,"column":32}},"4":{"start":{"line":8,"column":26},"end":{"line":8,"column":39}},"5":{"start":{"line":9,"column":6},"end":{"line":9,"column":null}},"6":{"start":{"line":37,"column":12},"end":{"line":37,"column":26}},"7":{"start":{"line":37,"column":22},"end":{"line":37,"column":37}},"8":{"start":{"line":37,"column":26},"end":{"line":37,"column":null}},"9":{"start":{"line":38,"column":12},"end":{"line":38,"column":34}},"10":{"start":{"line":38,"column":30},"end":{"line":38,"column":41}},"11":{"start":{"line":39,"column":10},"end":{"line":39,"column":null}},"12":{"start":{"line":36,"column":52},"end":{"line":36,"column":89}},"13":{"start":{"line":16,"column":10},"end":{"line":16,"column":44}},"14":{"start":{"line":16,"column":26},"end":{"line":16,"column":61}},"15":{"start":{"line":16,"column":44},"end":{"line":16,"column":null}},"16":{"start":{"line":17,"column":10},"end":{"line":17,"column":null}},"17":{"start":{"line":18,"column":12},"end":{"line":19,"column":30}},"18":{"start":{"line":20,"column":8},"end":{"line":20,"column":null}},"19":{"start":{"line":21,"column":8},"end":{"line":21,"column":null}},"20":{"start":{"line":22,"column":10},"end":{"line":22,"column":null}},"21":{"start":{"line":23,"column":8},"end":{"line":23,"column":null}},"22":{"start":{"line":25,"column":10},"end":{"line":25,"column":null}},"23":{"start":{"line":26,"column":12},"end":{"line":27,"column":14}},"24":{"start":{"line":28,"column":8},"end":{"line":28,"column":null}},"25":{"start":{"line":31,"column":12},"end":{"line":31,"column":28}},"26":{"start":{"line":31,"column":22},"end":{"line":31,"column":39}},"27":{"start":{"line":31,"column":28},"end":{"line":31,"column":null}},"28":{"start":{"line":32,"column":12},"end":{"line":32,"column":36}},"29":{"start":{"line":32,"column":30},"end":{"line":32,"column":43}},"30":{"start":{"line":33,"column":10},"end":{"line":33,"column":null}},"31":{"start":{"line":35,"column":10},"end":{"line":35,"column":null}},"32":{"start":{"line":42,"column":6},"end":{"line":42,"column":null}},"33":{"start":{"line":30,"column":52},"end":{"line":30,"column":89}},"34":{"start":{"line":35,"column":10},"end":{"line":40,"column":null}},"35":{"start":{"line":4,"column":6},"end":{"line":4,"column":52}},"36":{"start":{"line":4,"column":33},"end":{"line":4,"column":69}},"37":{"start":{"line":4,"column":52},"end":{"line":4,"column":null}},"38":{"start":{"line":5,"column":6},"end":{"line":5,"column":null}},"39":{"start":{"line":11,"column":4},"end":{"line":11,"column":null}},"40":{"start":{"line":12,"column":4},"end":{"line":12,"column":null}},"41":{"start":{"line":13,"column":6},"end":{"line":43,"column":null}},"42":{"start":{"line":46,"column":0},"end":{"line":46,"column":null}},"43":{"start":{"line":5,"column":6},"end":{"line":10,"column":null}}},"fnMap":{},"branchMap":{"0":{"loc":{"start":{"line":35,"column":10},"end":{"line":35,"column":29}},"type":"cond-expr","locations":[{"start":{"line":35,"column":10},"end":{"line":35,"column":29}},{"start":{"line":35,"column":10},"end":{"line":35,"column":29}}]},"1":{"loc":{"start":{"line":5,"column":6},"end":{"line":5,"column":25}},"type":"cond-expr","locations":[{"start":{"line":5,"column":6},"end":{"line":5,"column":25}},{"start":{"line":5,"column":6},"end":{"line":5,"column":25}}]}},"s":{"0":329,"1":329,"2":329,"3":329,"4":329,"5":329,"6":409,"7":409,"8":409,"9":409,"10":409,"11":409,"12":414,"13":633,"14":1909,"15":633,"16":633,"17":1909,"18":633,"19":633,"20":633,"21":633,"22":633,"23":1909,"24":633,"25":633,"26":633,"27":633,"28":633,"29":633,"30":633,"31":633,"32":633,"33":1276,"34":1276,"35":525,"36":525,"37":525,"38":525,"39":525,"40":525,"41":2645,"42":525,"43":2120},"f":{},"b":{"0":[414,224],"1":[672,388]}}
,"/home/vin_enault/OpenClassrooms/Testez-et-am-liorez-une-application-full-stack/front/src/app/pages/sessions/components/list/list.component.ts": {"path":"/home/vin_enault/OpenClassrooms/Testez-et-am-liorez-une-application-full-stack/front/src/app/pages/sessions/components/list/list.component.ts","statementMap":{"0":{"start":{"line":17,"column":26},"end":{"line":17,"column":null}},"1":{"start":{"line":18,"column":10},"end":{"line":18,"column":null}},"2":{"start":{"line":19,"column":10},"end":{"line":19,"column":null}},"3":{"start":{"line":21,"column":9},"end":{"line":21,"column":null}},"4":{"start":{"line":24,"column":4},"end":{"line":24,"column":null}},"5":{"start":{"line":17,"column":13},"end":{"line":17,"column":null}}},"fnMap":{"0":{"name":"(anonymous_6)","decl":{"start":{"line":17,"column":26},"end":{"line":17,"column":null}},"loc":{"start":{"line":17,"column":26},"end":{"line":17,"column":null}}},"1":{"name":"(anonymous_8)","decl":{"start":{"line":23,"column":2},"end":{"line":23,"column":6}},"loc":{"start":{"line":23,"column":10},"end":{"line":25,"column":null}}}},"branchMap":{"0":{"loc":{"start":{"line":17,"column":13},"end":{"line":17,"column":26}},"type":"binary-expr","locations":[{"start":{"line":17,"column":13},"end":{"line":17,"column":26}},{"start":{"line":17,"column":13},"end":{"line":17,"column":26}}]}},"s":{"0":866,"1":525,"2":525,"3":525,"4":1698,"5":1391},"f":{"0":866,"1":1698},"b":{"0":[525,525]}}
,"/home/vin_enault/OpenClassrooms/Testez-et-am-liorez-une-application-full-stack/front/src/app/shared/material.module.ts": {"path":"/home/vin_enault/OpenClassrooms/Testez-et-am-liorez-une-application-full-stack/front/src/app/shared/material.module.ts","statementMap":{"0":{"start":{"line":32,"column":24},"end":{"line":60,"column":null}},"1":{"start":{"line":71,"column":27},"end":{"line":71,"column":null}},"2":{"start":{"line":71,"column":13},"end":{"line":71,"column":null}}},"fnMap":{"0":{"name":"(anonymous_0)","decl":{"start":{"line":71,"column":27},"end":{"line":71,"column":null}},"loc":{"start":{"line":71,"column":27},"end":{"line":71,"column":null}}}},"branchMap":{"0":{"loc":{"start":{"line":71,"column":13},"end":{"line":71,"column":27}},"type":"binary-expr","locations":[{"start":{"line":71,"column":13},"end":{"line":71,"column":27}},{"start":{"line":71,"column":13},"end":{"line":71,"column":27}}]}},"s":{"0":866,"1":866,"2":3265},"f":{"0":866},"b":{"0":[2399,2399]}}
}
