{"total": {"lines":{"total":380,"covered":376,"skipped":0,"pct":98.94},"statements":{"total":524,"covered":520,"skipped":0,"pct":99.23},"functions":{"total":93,"covered":92,"skipped":0,"pct":98.92},"branches":{"total":88,"covered":86,"skipped":0,"pct":97.72},"branchesTrue":{"total":0,"covered":0,"skipped":0,"pct":100}}
,"/home/vin_enault/OpenClassrooms/Testez-et-am-liorez-une-application-full-stack/front/src/main.ts": {"lines":{"total":2,"covered":1,"skipped":0,"pct":50},"functions":{"total":1,"covered":0,"skipped":0,"pct":0},"statements":{"total":2,"covered":1,"skipped":0,"pct":50},"branches":{"total":0,"covered":0,"skipped":0,"pct":100}}
,"/home/vin_enault/OpenClassrooms/Testez-et-am-liorez-une-application-full-stack/front/src/app/app.component.html": {"lines":{"total":13,"covered":13,"skipped":0,"pct":100},"functions":{"total":1,"covered":1,"skipped":0,"pct":100},"statements":{"total":28,"covered":28,"skipped":0,"pct":100},"branches":{"total":2,"covered":2,"skipped":0,"pct":100}}
,"/home/vin_enault/OpenClassrooms/Testez-et-am-liorez-une-application-full-stack/front/src/app/app.component.ts": {"lines":{"total":7,"covered":7,"skipped":0,"pct":100},"functions":{"total":3,"covered":3,"skipped":0,"pct":100},"statements":{"total":8,"covered":8,"skipped":0,"pct":100},"branches":{"total":2,"covered":2,"skipped":0,"pct":100}}
,"/home/vin_enault/OpenClassrooms/Testez-et-am-liorez-une-application-full-stack/front/src/app/app.config.ts": {"lines":{"total":1,"covered":1,"skipped":0,"pct":100},"functions":{"total":0,"covered":0,"skipped":0,"pct":100},"statements":{"total":1,"covered":1,"skipped":0,"pct":100},"branches":{"total":0,"covered":0,"skipped":0,"pct":100}}
,"/home/vin_enault/OpenClassrooms/Testez-et-am-liorez-une-application-full-stack/front/src/app/app.routes.ts": {"lines":{"total":1,"covered":1,"skipped":0,"pct":100},"functions":{"total":0,"covered":0,"skipped":0,"pct":100},"statements":{"total":1,"covered":1,"skipped":0,"pct":100},"branches":{"total":0,"covered":0,"skipped":0,"pct":100}}
,"/home/vin_enault/OpenClassrooms/Testez-et-am-liorez-une-application-full-stack/front/src/app/components/me/me.component.html": {"lines":{"total":22,"covered":22,"skipped":0,"pct":100},"functions":{"total":2,"covered":2,"skipped":0,"pct":100},"statements":{"total":50,"covered":50,"skipped":0,"pct":100},"branches":{"total":4,"covered":4,"skipped":0,"pct":100}}
,"/home/vin_enault/OpenClassrooms/Testez-et-am-liorez-une-application-full-stack/front/src/app/components/me/me.component.ts": {"lines":{"total":11,"covered":11,"skipped":0,"pct":100},"functions":{"total":5,"covered":5,"skipped":0,"pct":100},"statements":{"total":12,"covered":12,"skipped":0,"pct":100},"branches":{"total":2,"covered":2,"skipped":0,"pct":100}}
,"/home/vin_enault/OpenClassrooms/Testez-et-am-liorez-une-application-full-stack/front/src/app/core/service/auth.service.ts": {"lines":{"total":5,"covered":5,"skipped":0,"pct":100},"functions":{"total":4,"covered":4,"skipped":0,"pct":100},"statements":{"total":6,"covered":6,"skipped":0,"pct":100},"branches":{"total":2,"covered":2,"skipped":0,"pct":100}}
,"/home/vin_enault/OpenClassrooms/Testez-et-am-liorez-une-application-full-stack/front/src/app/core/service/session-api.service.ts": {"lines":{"total":10,"covered":10,"skipped":0,"pct":100},"functions":{"total":9,"covered":9,"skipped":0,"pct":100},"statements":{"total":11,"covered":11,"skipped":0,"pct":100},"branches":{"total":2,"covered":2,"skipped":0,"pct":100}}
,"/home/vin_enault/OpenClassrooms/Testez-et-am-liorez-une-application-full-stack/front/src/app/core/service/session.service.ts": {"lines":{"total":11,"covered":11,"skipped":0,"pct":100},"functions":{"total":5,"covered":5,"skipped":0,"pct":100},"statements":{"total":12,"covered":12,"skipped":0,"pct":100},"branches":{"total":2,"covered":2,"skipped":0,"pct":100}}
,"/home/vin_enault/OpenClassrooms/Testez-et-am-liorez-une-application-full-stack/front/src/app/core/service/teacher.service.ts": {"lines":{"total":5,"covered":5,"skipped":0,"pct":100},"functions":{"total":4,"covered":4,"skipped":0,"pct":100},"statements":{"total":6,"covered":6,"skipped":0,"pct":100},"branches":{"total":2,"covered":2,"skipped":0,"pct":100}}
,"/home/vin_enault/OpenClassrooms/Testez-et-am-liorez-une-application-full-stack/front/src/app/core/service/user.service.ts": {"lines":{"total":5,"covered":5,"skipped":0,"pct":100},"functions":{"total":4,"covered":4,"skipped":0,"pct":100},"statements":{"total":6,"covered":6,"skipped":0,"pct":100},"branches":{"total":2,"covered":2,"skipped":0,"pct":100}}
,"/home/vin_enault/OpenClassrooms/Testez-et-am-liorez-une-application-full-stack/front/src/app/guards/auth.guard.ts": {"lines":{"total":7,"covered":7,"skipped":0,"pct":100},"functions":{"total":3,"covered":3,"skipped":0,"pct":100},"statements":{"total":8,"covered":8,"skipped":0,"pct":100},"branches":{"total":4,"covered":4,"skipped":0,"pct":100}}
,"/home/vin_enault/OpenClassrooms/Testez-et-am-liorez-une-application-full-stack/front/src/app/guards/unauth.guard.ts": {"lines":{"total":7,"covered":5,"skipped":0,"pct":71.42},"functions":{"total":3,"covered":3,"skipped":0,"pct":100},"statements":{"total":8,"covered":6,"skipped":0,"pct":75},"branches":{"total":4,"covered":3,"skipped":0,"pct":75}}
,"/home/vin_enault/OpenClassrooms/Testez-et-am-liorez-une-application-full-stack/front/src/app/interceptors/customJwtInterceptorFn.ts": {"lines":{"total":4,"covered":4,"skipped":0,"pct":100},"functions":{"total":1,"covered":1,"skipped":0,"pct":100},"statements":{"total":4,"covered":4,"skipped":0,"pct":100},"branches":{"total":2,"covered":2,"skipped":0,"pct":100}}
,"/home/vin_enault/OpenClassrooms/Testez-et-am-liorez-une-application-full-stack/front/src/app/pages/login/login.component.ts": {"lines":{"total":59,"covered":59,"skipped":0,"pct":100},"functions":{"total":10,"covered":10,"skipped":0,"pct":100},"statements":{"total":59,"covered":59,"skipped":0,"pct":100},"branches":{"total":14,"covered":14,"skipped":0,"pct":100}}
,"/home/vin_enault/OpenClassrooms/Testez-et-am-liorez-une-application-full-stack/front/src/app/pages/not-found/not-found.component.html": {"lines":{"total":2,"covered":2,"skipped":0,"pct":100},"functions":{"total":0,"covered":0,"skipped":0,"pct":100},"statements":{"total":3,"covered":3,"skipped":0,"pct":100},"branches":{"total":0,"covered":0,"skipped":0,"pct":100}}
,"/home/vin_enault/OpenClassrooms/Testez-et-am-liorez-une-application-full-stack/front/src/app/pages/not-found/not-found.component.ts": {"lines":{"total":1,"covered":1,"skipped":0,"pct":100},"functions":{"total":1,"covered":1,"skipped":0,"pct":100},"statements":{"total":2,"covered":2,"skipped":0,"pct":100},"branches":{"total":2,"covered":2,"skipped":0,"pct":100}}
,"/home/vin_enault/OpenClassrooms/Testez-et-am-liorez-une-application-full-stack/front/src/app/pages/register/register.component.html": {"lines":{"total":19,"covered":19,"skipped":0,"pct":100},"functions":{"total":1,"covered":1,"skipped":0,"pct":100},"statements":{"total":29,"covered":29,"skipped":0,"pct":100},"branches":{"total":2,"covered":2,"skipped":0,"pct":100}}
,"/home/vin_enault/OpenClassrooms/Testez-et-am-liorez-une-application-full-stack/front/src/app/pages/register/register.component.ts": {"lines":{"total":10,"covered":10,"skipped":0,"pct":100},"functions":{"total":4,"covered":4,"skipped":0,"pct":100},"statements":{"total":11,"covered":11,"skipped":0,"pct":100},"branches":{"total":2,"covered":2,"skipped":0,"pct":100}}
,"/home/vin_enault/OpenClassrooms/Testez-et-am-liorez-une-application-full-stack/front/src/app/pages/sessions/components/detail/detail.component.html": {"lines":{"total":54,"covered":54,"skipped":0,"pct":100},"functions":{"total":4,"covered":4,"skipped":0,"pct":100},"statements":{"total":91,"covered":91,"skipped":0,"pct":100},"branches":{"total":8,"covered":8,"skipped":0,"pct":100}}
,"/home/vin_enault/OpenClassrooms/Testez-et-am-liorez-une-application-full-stack/front/src/app/pages/sessions/components/detail/detail.component.ts": {"lines":{"total":28,"covered":28,"skipped":0,"pct":100},"functions":{"total":15,"covered":15,"skipped":0,"pct":100},"statements":{"total":32,"covered":32,"skipped":0,"pct":100},"branches":{"total":2,"covered":2,"skipped":0,"pct":100}}
,"/home/vin_enault/OpenClassrooms/Testez-et-am-liorez-une-application-full-stack/front/src/app/pages/sessions/components/form/form.component.html": {"lines":{"total":29,"covered":29,"skipped":0,"pct":100},"functions":{"total":1,"covered":1,"skipped":0,"pct":100},"statements":{"total":49,"covered":49,"skipped":0,"pct":100},"branches":{"total":4,"covered":4,"skipped":0,"pct":100}}
,"/home/vin_enault/OpenClassrooms/Testez-et-am-liorez-une-application-full-stack/front/src/app/pages/sessions/components/form/form.component.ts": {"lines":{"total":31,"covered":30,"skipped":0,"pct":96.77},"functions":{"total":9,"covered":9,"skipped":0,"pct":100},"statements":{"total":32,"covered":31,"skipped":0,"pct":96.87},"branches":{"total":16,"covered":15,"skipped":0,"pct":93.75}}
,"/home/vin_enault/OpenClassrooms/Testez-et-am-liorez-une-application-full-stack/front/src/app/pages/sessions/components/list/list.component.html": {"lines":{"total":29,"covered":29,"skipped":0,"pct":100},"functions":{"total":0,"covered":0,"skipped":0,"pct":100},"statements":{"total":44,"covered":44,"skipped":0,"pct":100},"branches":{"total":4,"covered":4,"skipped":0,"pct":100}}
,"/home/vin_enault/OpenClassrooms/Testez-et-am-liorez-une-application-full-stack/front/src/app/pages/sessions/components/list/list.component.ts": {"lines":{"total":5,"covered":5,"skipped":0,"pct":100},"functions":{"total":2,"covered":2,"skipped":0,"pct":100},"statements":{"total":6,"covered":6,"skipped":0,"pct":100},"branches":{"total":2,"covered":2,"skipped":0,"pct":100}}
,"/home/vin_enault/OpenClassrooms/Testez-et-am-liorez-une-application-full-stack/front/src/app/shared/material.module.ts": {"lines":{"total":2,"covered":2,"skipped":0,"pct":100},"functions":{"total":1,"covered":1,"skipped":0,"pct":100},"statements":{"total":3,"covered":3,"skipped":0,"pct":100},"branches":{"total":2,"covered":2,"skipped":0,"pct":100}}
}
