TN:
SF:src/main.ts
FN:6,(anonymous_0)
FNF:1
FNH:0
FNDA:0,(anonymous_0)
DA:5,866
DA:6,0
LF:2
LH:1
BRF:0
BRH:0
end_of_record
TN:
SF:src/app/app.component.html
FN:7,AppComponent_Conditional_4_Template_span_click_4_listener
FNF:1
FNH:1
FNDA:26,AppComponent_Conditional_4_Template_span_click_4_listener
DA:3,866
DA:4,68724
DA:5,308
DA:6,308
DA:7,308
DA:8,866
DA:10,956
DA:11,956
DA:12,956
DA:14,866
DA:15,866
DA:16,866
DA:18,866
LF:13
LH:13
BRDA:4,0,0,5515
BRDA:4,0,1,28847
BRF:2
BRH:2
end_of_record
TN:
SF:src/app/app.component.ts
FN:15,(anonymous_3)
FN:20,(anonymous_5)
FN:24,(anonymous_6)
FNF:3
FNH:3
FNDA:866,(anonymous_3)
FNDA:34362,(anonymous_5)
FNDA:26,(anonymous_6)
DA:15,1732
DA:16,866
DA:17,866
DA:18,866
DA:21,34362
DA:25,26
DA:26,26
LF:7
LH:7
BRDA:15,0,0,866
BRDA:15,0,1,866
BRF:2
BRH:2
end_of_record
TN:
SF:src/app/app.config.ts
FNF:0
FNH:0
DA:7,866
LF:1
LH:1
BRF:0
BRH:0
end_of_record
TN:
SF:src/app/app.routes.ts
FNF:0
FNH:0
DA:12,866
LF:1
LH:1
BRF:0
BRH:0
end_of_record
TN:
SF:src/app/components/me/me.component.html
FN:22,MeComponent_Conditional_12_Conditional_7_Template_button_click_3_listener
FN:5,MeComponent_Template_button_click_4_listener
FNF:2
FNH:2
FNDA:64,MeComponent_Conditional_12_Conditional_7_Template_button_click_3_listener
FNDA:34,MeComponent_Template_button_click_4_listener
DA:5,131
DA:6,131
DA:7,131
DA:8,131
DA:10,131
DA:11,131
DA:12,492
DA:13,722
DA:15,591
DA:16,591
DA:17,460
DA:18,67
DA:19,131
DA:21,64
DA:22,128
DA:23,64
DA:24,64
DA:26,64
DA:29,591
DA:30,591
DA:32,131
DA:36,131
LF:22
LH:22
BRDA:17,0,0,102
BRDA:17,0,1,128
BRDA:13,1,0,230
BRDA:13,1,1,131
BRF:4
BRH:4
end_of_record
TN:
SF:src/app/components/me/me.component.ts
FN:16,(anonymous_4)
FN:24,(anonymous_6)
FN:27,(anonymous_7)
FN:31,(anonymous_8)
FN:34,(anonymous_9)
FNF:5
FNH:5
FNDA:866,(anonymous_4)
FNDA:131,(anonymous_6)
FNDA:34,(anonymous_7)
FNDA:64,(anonymous_8)
FNDA:64,(anonymous_9)
DA:16,997
DA:17,131
DA:18,131
DA:19,131
DA:20,131
DA:21,131
DA:28,34
DA:32,64
DA:35,64
DA:36,64
DA:37,64
LF:11
LH:11
BRDA:16,0,0,131
BRDA:16,0,1,131
BRF:2
BRH:2
end_of_record
TN:
SF:src/app/core/service/auth.service.ts
FN:11,(anonymous_0)
FN:15,(anonymous_1)
FN:17,(anonymous_2)
FN:21,(anonymous_3)
FNF:4
FNH:4
FNDA:866,(anonymous_0)
FNDA:866,(anonymous_1)
FNDA:167,(anonymous_2)
FNDA:518,(anonymous_3)
DA:11,1732
DA:13,866
DA:15,866
DA:18,167
DA:22,518
LF:5
LH:5
BRDA:11,0,0,866
BRDA:11,0,1,866
BRF:2
BRH:2
end_of_record
TN:
SF:src/app/core/service/session-api.service.ts
FN:9,(anonymous_0)
FN:13,(anonymous_1)
FN:16,(anonymous_2)
FN:20,(anonymous_3)
FN:24,(anonymous_4)
FN:28,(anonymous_5)
FN:32,(anonymous_6)
FN:36,(anonymous_7)
FN:40,(anonymous_8)
FNF:9
FNH:9
FNDA:866,(anonymous_0)
FNDA:310,(anonymous_1)
FNDA:525,(anonymous_2)
FNDA:222,(anonymous_3)
FNDA:28,(anonymous_4)
FNDA:34,(anonymous_5)
FNDA:30,(anonymous_6)
FNDA:33,(anonymous_7)
FNDA:33,(anonymous_8)
DA:9,1176
DA:11,310
DA:13,310
DA:17,525
DA:21,222
DA:25,28
DA:29,34
DA:33,30
DA:37,33
DA:41,33
LF:10
LH:10
BRDA:9,0,0,310
BRDA:9,0,1,310
BRF:2
BRH:2
end_of_record
TN:
SF:src/app/core/service/session.service.ts
FN:8,(anonymous_0)
FN:15,(anonymous_2)
FN:19,(anonymous_3)
FN:25,(anonymous_4)
FN:31,(anonymous_5)
FNF:5
FNH:5
FNDA:866,(anonymous_0)
FNDA:34362,(anonymous_2)
FNDA:310,(anonymous_3)
FNDA:90,(anonymous_4)
FNDA:400,(anonymous_5)
DA:8,1732
DA:10,866
DA:13,866
DA:16,34362
DA:20,310
DA:21,310
DA:22,310
DA:26,90
DA:27,90
DA:28,90
DA:32,400
LF:11
LH:11
BRDA:8,0,0,866
BRDA:8,0,1,866
BRF:2
BRH:2
end_of_record
TN:
SF:src/app/core/service/teacher.service.ts
FN:9,(anonymous_0)
FN:13,(anonymous_1)
FN:15,(anonymous_2)
FN:19,(anonymous_3)
FNF:4
FNH:4
FNDA:866,(anonymous_0)
FNDA:132,(anonymous_1)
FNDA:64,(anonymous_2)
FNDA:192,(anonymous_3)
DA:9,998
DA:11,132
DA:13,132
DA:16,64
DA:20,192
LF:5
LH:5
BRDA:9,0,0,132
BRDA:9,0,1,132
BRF:2
BRH:2
end_of_record
TN:
SF:src/app/core/service/user.service.ts
FN:9,(anonymous_0)
FN:13,(anonymous_1)
FN:15,(anonymous_2)
FN:19,(anonymous_3)
FNF:4
FNH:4
FNDA:866,(anonymous_0)
FNDA:131,(anonymous_1)
FNDA:131,(anonymous_2)
FNDA:64,(anonymous_3)
DA:9,997
DA:11,131
DA:13,131
DA:16,131
DA:20,64
LF:5
LH:5
BRDA:9,0,0,131
BRDA:9,0,1,131
BRF:2
BRH:2
end_of_record
TN:
SF:src/app/guards/auth.guard.ts
FN:6,(anonymous_0)
FN:8,(anonymous_1)
FN:14,(anonymous_2)
FNF:3
FNH:3
FNDA:866,(anonymous_0)
FNDA:346,(anonymous_1)
FNDA:511,(anonymous_2)
DA:6,1212
DA:9,346
DA:10,346
DA:15,511
DA:16,36
DA:17,36
DA:19,475
LF:7
LH:7
BRDA:15,0,0,36
BRDA:15,0,1,475
BRDA:6,1,0,346
BRDA:6,1,1,346
BRF:4
BRH:4
end_of_record
TN:
SF:src/app/guards/unauth.guard.ts
FN:6,(anonymous_0)
FN:8,(anonymous_1)
FN:14,(anonymous_2)
FNF:3
FNH:3
FNDA:866,(anonymous_0)
FNDA:830,(anonymous_1)
FNDA:1022,(anonymous_2)
DA:6,1696
DA:9,830
DA:10,830
DA:15,1022
DA:16,0
DA:17,0
DA:19,1022
LF:7
LH:5
BRDA:15,0,0,0
BRDA:15,0,1,1022
BRDA:6,1,0,830
BRDA:6,1,1,830
BRF:4
BRH:3
end_of_record
TN:
SF:src/app/interceptors/customJwtInterceptorFn.ts
FN:6,customJwtInterceptorFn
FNF:1
FNH:1
FNDA:2039,customJwtInterceptorFn
DA:7,2039
DA:8,2039
DA:9,1354
DA:15,2039
LF:4
LH:4
BRDA:8,0,0,1354
BRDA:8,0,1,685
BRF:2
BRH:2
end_of_record
TN:
SF:src/app/pages/login/login.component.ts
FN:14,LoginComponent_Conditional_16_Template
FN:21,(anonymous_1)
FN:23,(anonymous_2)
FN:35,(anonymous_3)
FN:38,(anonymous_4)
FN:42,(anonymous_5)
FN:46,LoginComponent_Factory
FN:57,LoginComponent_Template
FN:63,LoginComponent_Template_form_ngSubmit_5_listener
FN:72,LoginComponent_Template_button_click_11_listener
FNF:10
FNH:10
FNDA:374,LoginComponent_Conditional_16_Template
FNDA:866,(anonymous_1)
FNDA:783,(anonymous_2)
FNDA:518,(anonymous_3)
FNDA:310,(anonymous_4)
FNDA:187,(anonymous_5)
FNDA:783,LoginComponent_Factory
FNDA:18497,LoginComponent_Template
FNDA:518,LoginComponent_Template_form_ngSubmit_5_listener
FNDA:148,LoginComponent_Template_button_click_11_listener
DA:1,1
DA:10,1
DA:15,375
DA:16,188
DA:17,188
DA:18,188
DA:21,866
DA:24,784
DA:25,784
DA:26,784
DA:27,784
DA:28,784
DA:29,784
DA:30,784
DA:36,519
DA:37,519
DA:39,311
DA:40,311
DA:42,188
DA:46,867
DA:47,784
DA:51,866
DA:58,18497
DA:59,783
DA:60,783
DA:61,783
DA:62,783
DA:63,783
DA:64,518
DA:66,783
DA:67,783
DA:68,783
DA:69,783
DA:70,783
DA:71,783
DA:72,783
DA:73,148
DA:75,783
DA:76,783
DA:77,783
DA:78,783
DA:79,783
DA:80,783
DA:81,783
DA:82,783
DA:84,18497
DA:85,17714
DA:86,17714
DA:87,17714
DA:88,17714
DA:89,17714
DA:90,17714
DA:91,17714
DA:92,17714
DA:93,17714
DA:94,17714
DA:95,17714
DA:96,17714
DA:104,866
LF:59
LH:59
BRDA:15,0,0,187
BRDA:15,0,1,187
BRDA:47,1,0,783
BRDA:47,1,1,783
BRDA:58,2,0,783
BRDA:58,2,1,17714
BRDA:84,3,0,17714
BRDA:84,3,1,783
BRDA:88,4,0,17640
BRDA:88,4,1,74
BRDA:92,5,0,17640
BRDA:92,5,1,74
BRDA:96,6,0,187
BRDA:96,6,1,17527
BRF:14
BRH:14
end_of_record
TN:
SF:src/app/pages/not-found/not-found.component.html
FNF:0
FNH:0
DA:2,36
DA:3,36
LF:2
LH:2
BRF:0
BRH:0
end_of_record
TN:
SF:src/app/pages/not-found/not-found.component.ts
FN:8,(anonymous_0)
FNF:1
FNH:1
FNDA:866,(anonymous_0)
DA:8,902
LF:1
LH:1
BRDA:8,0,0,36
BRDA:8,0,1,36
BRF:2
BRH:2
end_of_record
TN:
SF:src/app/pages/register/register.component.html
FN:6,RegisterComponent_Template_form_ngSubmit_5_listener
FNF:1
FNH:1
FNDA:167,RegisterComponent_Template_form_ngSubmit_5_listener
DA:4,239
DA:5,239
DA:6,20462
DA:8,239
DA:9,239
DA:10,239
DA:11,239
DA:12,239
DA:13,239
DA:14,239
DA:15,239
DA:16,239
DA:17,239
DA:18,239
DA:20,239
DA:21,20462
DA:22,20462
DA:23,39
DA:27,239
LF:19
LH:19
BRDA:22,0,0,73
BRDA:22,0,1,10158
BRF:2
BRH:2
end_of_record
TN:
SF:src/app/pages/register/register.component.ts
FN:14,(anonymous_1)
FN:55,(anonymous_3)
FN:58,(anonymous_4)
FN:59,(anonymous_5)
FNF:4
FNH:4
FNDA:866,(anonymous_1)
FNDA:167,(anonymous_3)
FNDA:30,(anonymous_4)
FNDA:73,(anonymous_5)
DA:14,1105
DA:15,239
DA:16,239
DA:17,239
DA:18,239
DA:20,239
DA:56,167
DA:57,167
DA:58,30
DA:59,73
LF:10
LH:10
BRDA:14,0,0,239
BRDA:14,0,1,239
BRF:2
BRH:2
end_of_record
TN:
SF:src/app/pages/sessions/components/detail/detail.component.html
FN:15,DetailComponent_Conditional_1_Conditional_11_Template_button_click_0_listener
FN:23,DetailComponent_Conditional_1_Conditional_12_Conditional_1_Template_button_click_0_listener
FN:28,DetailComponent_Conditional_1_Conditional_12_Conditional_2_Template_button_click_0_listener
FN:7,DetailComponent_Conditional_1_Template_button_click_4_listener
FNF:4
FNH:4
FNDA:28,DetailComponent_Conditional_1_Conditional_11_Template_button_click_0_listener
FNDA:33,DetailComponent_Conditional_1_Conditional_12_Conditional_1_Template_button_click_0_listener
FNDA:33,DetailComponent_Conditional_1_Conditional_12_Conditional_2_Template_button_click_0_listener
FNDA:93,DetailComponent_Conditional_1_Template_button_click_4_listener
DA:1,126
DA:2,1596
DA:7,186
DA:8,126
DA:9,126
DA:10,1450
DA:11,126
DA:12,126
DA:14,1324
DA:15,60
DA:16,60
DA:17,60
DA:18,60
DA:20,126
DA:21,66
DA:22,940
DA:23,66
DA:24,33
DA:25,33
DA:26,33
DA:27,66
DA:28,99
DA:29,99
DA:30,99
DA:31,99
DA:33,66
DA:37,126
DA:39,1324
DA:42,126
DA:43,126
DA:44,126
DA:45,1176
DA:47,126
DA:49,126
DA:50,126
DA:51,126
DA:55,126
DA:56,126
DA:57,126
DA:58,1450
DA:59,126
DA:61,126
DA:62,126
DA:63,126
DA:64,1450
DA:66,126
DA:68,126
DA:69,1450
DA:70,126
DA:71,126
DA:73,1450
DA:74,1450
DA:77,126
DA:79,126
LF:54
LH:54
BRDA:22,0,0,132
BRDA:22,0,1,338
BRDA:14,1,0,192
BRDA:14,1,1,470
BRDA:39,2,0,525
BRDA:39,2,1,137
BRDA:2,3,0,662
BRDA:2,3,1,136
BRF:8
BRH:8
end_of_record
TN:
SF:src/app/pages/sessions/components/detail/detail.component.ts
FN:21,(anonymous_10)
FN:38,(anonymous_11)
FN:44,(anonymous_12)
FN:48,(anonymous_13)
FN:54,(anonymous_14)
FN:58,(anonymous_15)
FN:61,(anonymous_16)
FN:68,(anonymous_17)
FN:69,(anonymous_18)
FN:72,(anonymous_19)
FN:73,(anonymous_20)
FN:76,(anonymous_21)
FN:80,(anonymous_22)
FN:82,(anonymous_23)
FN:86,(anonymous_24)
FNF:15
FNH:15
FNDA:866,(anonymous_10)
FNDA:126,(anonymous_11)
FNDA:126,(anonymous_12)
FNDA:121,(anonymous_13)
FNDA:93,(anonymous_14)
FNDA:28,(anonymous_15)
FNDA:28,(anonymous_16)
FNDA:33,(anonymous_17)
FNDA:33,(anonymous_18)
FNDA:33,(anonymous_19)
FNDA:33,(anonymous_20)
FNDA:192,(anonymous_21)
FNDA:192,(anonymous_22)
FNDA:33,(anonymous_23)
FNDA:192,(anonymous_24)
DA:21,992
DA:22,126
DA:25,126
DA:26,126
DA:30,126
DA:31,126
DA:32,126
DA:33,126
DA:34,126
DA:35,126
DA:36,126
DA:39,126
DA:40,126
DA:41,126
DA:45,126
DA:49,121
DA:50,121
DA:55,93
DA:59,28
DA:62,28
DA:63,28
DA:69,33
DA:73,33
DA:77,192
DA:81,192
DA:82,192
DA:83,192
DA:86,192
LF:28
LH:28
BRDA:21,0,0,126
BRDA:21,0,1,126
BRF:2
BRH:2
end_of_record
TN:
SF:src/app/pages/sessions/components/form/form.component.html
FN:20,FormComponent_Conditional_9_Template_form_ngSubmit_1_listener
FNF:1
FNH:1
FNDA:64,FormComponent_Conditional_9_Template_form_ngSubmit_1_listener
DA:6,64
DA:7,64
DA:8,6592
DA:9,30
DA:11,64
DA:13,34
DA:16,64
DA:18,6592
DA:20,6530
DA:22,64
DA:23,64
DA:24,64
DA:26,64
DA:27,64
DA:28,64
DA:30,64
DA:31,64
DA:32,6594
DA:33,6272
DA:34,12672
DA:35,128
DA:38,64
DA:40,64
DA:41,64
DA:42,64
DA:44,6530
DA:45,64
DA:49,64
DA:52,64
LF:29
LH:29
BRDA:8,0,0,1286
BRDA:8,0,1,2010
BRDA:18,1,0,3265
BRDA:18,1,1,31
BRF:4
BRH:4
end_of_record
TN:
SF:src/app/pages/sessions/components/form/form.component.ts
FN:20,(anonymous_6)
FN:35,(anonymous_8)
FN:46,(anonymous_9)
FN:52,(anonymous_10)
FN:57,(anonymous_11)
FN:63,(anonymous_12)
FN:67,(anonymous_13)
FN:71,(anonymous_14)
FN:95,(anonymous_15)
FNF:9
FNH:9
FNDA:866,(anonymous_6)
FNDA:64,(anonymous_8)
FNDA:30,(anonymous_9)
FNDA:60,(anonymous_10)
FNDA:64,(anonymous_11)
FNDA:30,(anonymous_12)
FNDA:30,(anonymous_13)
FNDA:64,(anonymous_14)
FNDA:60,(anonymous_15)
DA:20,930
DA:21,64
DA:22,64
DA:23,64
DA:24,64
DA:25,64
DA:26,64
DA:27,64
DA:28,64
DA:30,64
DA:32,64
DA:36,64
DA:37,0
DA:39,64
DA:40,64
DA:41,30
DA:42,30
DA:43,30
DA:46,30
DA:48,34
DA:53,60
DA:54,60
DA:58,64
DA:60,64
DA:61,34
DA:63,30
DA:65,30
DA:67,30
DA:72,64
DA:96,60
DA:97,60
LF:31
LH:30
BRDA:36,0,0,0
BRDA:36,0,1,64
BRDA:40,1,0,30
BRDA:40,1,1,34
BRDA:60,2,0,34
BRDA:60,2,1,30
BRDA:74,3,0,30
BRDA:74,3,1,34
BRDA:78,4,0,30
BRDA:78,4,1,34
BRDA:82,5,0,30
BRDA:82,5,1,34
BRDA:86,6,0,30
BRDA:86,6,1,34
BRDA:20,7,0,64
BRDA:20,7,1,64
BRF:16
BRH:15
end_of_record
TN:
SF:src/app/pages/sessions/components/list/list.component.html
FNF:0
FNH:0
DA:4,525
DA:5,2120
DA:7,329
DA:8,329
DA:9,329
DA:11,525
DA:12,525
DA:13,2645
DA:16,1909
DA:17,633
DA:18,1909
DA:20,633
DA:21,633
DA:22,633
DA:23,633
DA:25,633
DA:26,1909
DA:28,633
DA:30,1276
DA:31,633
DA:32,633
DA:33,633
DA:35,1276
DA:36,414
DA:37,409
DA:38,409
DA:39,409
DA:42,633
DA:46,525
LF:29
LH:29
BRDA:35,0,0,414
BRDA:35,0,1,224
BRDA:5,1,0,672
BRDA:5,1,1,388
BRF:4
BRH:4
end_of_record
TN:
SF:src/app/pages/sessions/components/list/list.component.ts
FN:17,(anonymous_6)
FN:23,(anonymous_8)
FNF:2
FNH:2
FNDA:866,(anonymous_6)
FNDA:1698,(anonymous_8)
DA:17,1391
DA:18,525
DA:19,525
DA:21,525
DA:24,1698
LF:5
LH:5
BRDA:17,0,0,525
BRDA:17,0,1,525
BRF:2
BRH:2
end_of_record
TN:
SF:src/app/shared/material.module.ts
FN:71,(anonymous_0)
FNF:1
FNH:1
FNDA:866,(anonymous_0)
DA:32,866
DA:71,3265
LF:2
LH:2
BRDA:71,0,0,2399
BRDA:71,0,1,2399
BRF:2
BRH:2
end_of_record
