{"/home/vin_enault/OpenClassrooms/Testez-et-am-liorez-une-application-full-stack/front/src/app/app.component.html": {"path":"/home/vin_enault/OpenClassrooms/Testez-et-am-liorez-une-application-full-stack/front/src/app/app.component.html","statementMap":{"0":{"start":{"line":1,"column":0},"end":{"line":1,"column":676}}},"fnMap":{},"branchMap":{},"s":{"0":1},"f":{},"b":{},"_coverageSchema":"1a1c01bbd47fc00a2c39e90264f33305004495a9","hash":"8daf0f0445dab4430c05578cbd949695ef6faf1f"}
,"/home/vin_enault/OpenClassrooms/Testez-et-am-liorez-une-application-full-stack/front/src/app/app.component.ts": {"path":"/home/vin_enault/OpenClassrooms/Testez-et-am-liorez-une-application-full-stack/front/src/app/app.component.ts","statementMap":{"0":{"start":{"line":1,"column":0},"end":{"line":1,"column":58}},"1":{"start":{"line":2,"column":0},"end":{"line":2,"column":67}},"2":{"start":{"line":4,"column":0},"end":{"line":4,"column":58}},"3":{"start":{"line":5,"column":0},"end":{"line":5,"column":64}},"4":{"start":{"line":6,"column":0},"end":{"line":6,"column":45}},"5":{"start":{"line":7,"column":0},"end":{"line":7,"column":56}},"6":{"start":{"line":15,"column":7},"end":{"line":28,"column":null}},"7":{"start":{"line":16,"column":10},"end":{"line":16,"column":44}},"8":{"start":{"line":17,"column":10},"end":{"line":17,"column":34}},"9":{"start":{"line":18,"column":10},"end":{"line":18,"column":50}},"10":{"start":{"line":21,"column":4},"end":{"line":21,"column":43}},"11":{"start":{"line":25,"column":4},"end":{"line":25,"column":33}},"12":{"start":{"line":26,"column":4},"end":{"line":26,"column":null}},"13":{"start":{"line":15,"column":13},"end":{"line":15,"column":25}},"14":{"start":{"line":15,"column":13},"end":{"line":28,"column":null}}},"fnMap":{"0":{"name":"(anonymous_0)","decl":{"start":{"line":15,"column":7},"end":{"line":15,"column":13}},"loc":{"start":{"line":15,"column":7},"end":{"line":28,"column":1}}},"1":{"name":"(anonymous_1)","decl":{"start":{"line":20,"column":9},"end":{"line":20,"column":18}},"loc":{"start":{"line":20,"column":18},"end":{"line":22,"column":3}}},"2":{"name":"(anonymous_2)","decl":{"start":{"line":24,"column":9},"end":{"line":24,"column":15}},"loc":{"start":{"line":24,"column":15},"end":{"line":27,"column":3}}}},"branchMap":{},"s":{"0":1,"1":1,"2":1,"3":1,"4":1,"5":1,"6":1,"7":3,"8":3,"9":3,"10":3,"11":1,"12":1,"13":1,"14":1},"f":{"0":3,"1":3,"2":1},"b":{}}
,"/home/vin_enault/OpenClassrooms/Testez-et-am-liorez-une-application-full-stack/front/src/app/components/me/me.component.html": {"path":"/home/vin_enault/OpenClassrooms/Testez-et-am-liorez-une-application-full-stack/front/src/app/components/me/me.component.html","statementMap":{"0":{"start":{"line":1,"column":0},"end":{"line":1,"column":1312}}},"fnMap":{},"branchMap":{},"s":{"0":1},"f":{},"b":{},"_coverageSchema":"1a1c01bbd47fc00a2c39e90264f33305004495a9","hash":"7a8e329fb8908a4052dc3a376929e4645479d377"}
,"/home/vin_enault/OpenClassrooms/Testez-et-am-liorez-une-application-full-stack/front/src/app/components/me/me.component.ts": {"path":"/home/vin_enault/OpenClassrooms/Testez-et-am-liorez-une-application-full-stack/front/src/app/components/me/me.component.ts","statementMap":{"0":{"start":{"line":1,"column":0},"end":{"line":1,"column":58}},"1":{"start":{"line":2,"column":0},"end":{"line":2,"column":58}},"2":{"start":{"line":3,"column":0},"end":{"line":3,"column":41}},"3":{"start":{"line":5,"column":0},"end":{"line":5,"column":68}},"4":{"start":{"line":6,"column":0},"end":{"line":6,"column":62}},"5":{"start":{"line":7,"column":0},"end":{"line":7,"column":62}},"6":{"start":{"line":8,"column":0},"end":{"line":8,"column":47}},"7":{"start":{"line":16,"column":7},"end":{"line":40,"column":null}},"8":{"start":{"line":17,"column":10},"end":{"line":17,"column":34}},"9":{"start":{"line":18,"column":10},"end":{"line":18,"column":50}},"10":{"start":{"line":19,"column":10},"end":{"line":19,"column":44}},"11":{"start":{"line":20,"column":10},"end":{"line":20,"column":44}},"12":{"start":{"line":21,"column":9},"end":{"line":21,"column":103}},"13":{"start":{"line":28,"column":4},"end":{"line":28,"column":26}},"14":{"start":{"line":32,"column":4},"end":{"line":38,"column":null}},"15":{"start":{"line":35,"column":8},"end":{"line":35,"column":94}},"16":{"start":{"line":36,"column":8},"end":{"line":36,"column":37}},"17":{"start":{"line":37,"column":8},"end":{"line":37,"column":36}},"18":{"start":{"line":16,"column":13},"end":{"line":16,"column":24}},"19":{"start":{"line":16,"column":13},"end":{"line":40,"column":null}}},"fnMap":{"0":{"name":"(anonymous_0)","decl":{"start":{"line":16,"column":7},"end":{"line":16,"column":13}},"loc":{"start":{"line":16,"column":7},"end":{"line":40,"column":1}}},"1":{"name":"(anonymous_1)","decl":{"start":{"line":24,"column":2},"end":{"line":24,"column":10}},"loc":{"start":{"line":24,"column":10},"end":{"line":25,"column":3}}},"2":{"name":"(anonymous_2)","decl":{"start":{"line":27,"column":9},"end":{"line":27,"column":13}},"loc":{"start":{"line":27,"column":13},"end":{"line":29,"column":3}}},"3":{"name":"(anonymous_3)","decl":{"start":{"line":31,"column":9},"end":{"line":31,"column":15}},"loc":{"start":{"line":31,"column":15},"end":{"line":39,"column":3}}},"4":{"name":"(anonymous_4)","decl":{"start":{"line":34,"column":17},"end":{"line":34,"column":18}},"loc":{"start":{"line":34,"column":23},"end":{"line":38,"column":7}}}},"branchMap":{},"s":{"0":1,"1":1,"2":1,"3":1,"4":1,"5":1,"6":1,"7":1,"8":2,"9":2,"10":2,"11":2,"12":2,"13":1,"14":1,"15":1,"16":1,"17":1,"18":1,"19":1},"f":{"0":2,"1":4,"2":1,"3":1,"4":1},"b":{}}
,"/home/vin_enault/OpenClassrooms/Testez-et-am-liorez-une-application-full-stack/front/src/app/core/service/auth.service.ts": {"path":"/home/vin_enault/OpenClassrooms/Testez-et-am-liorez-une-application-full-stack/front/src/app/core/service/auth.service.ts","statementMap":{"0":{"start":{"line":1,"column":0},"end":{"line":1,"column":50}},"1":{"start":{"line":2,"column":0},"end":{"line":2,"column":43}},"2":{"start":{"line":15,"column":22},"end":{"line":15,"column":34}},"3":{"start":{"line":13,"column":10},"end":{"line":13,"column":36}},"4":{"start":{"line":18,"column":4},"end":{"line":18,"column":87}},"5":{"start":{"line":22,"column":4},"end":{"line":22,"column":95}},"6":{"start":{"line":11,"column":13},"end":{"line":11,"column":24}},"7":{"start":{"line":11,"column":13},"end":{"line":24,"column":null}}},"fnMap":{"0":{"name":"(anonymous_0)","decl":{"start":{"line":15,"column":2},"end":{"line":15,"column":22}},"loc":{"start":{"line":15,"column":44},"end":{"line":15,"column":49}}},"1":{"name":"(anonymous_1)","decl":{"start":{"line":17,"column":9},"end":{"line":17,"column":17}},"loc":{"start":{"line":17,"column":50},"end":{"line":19,"column":3}}},"2":{"name":"(anonymous_2)","decl":{"start":{"line":21,"column":9},"end":{"line":21,"column":14}},"loc":{"start":{"line":21,"column":41},"end":{"line":23,"column":3}}}},"branchMap":{},"s":{"0":8,"1":8,"2":10,"3":10,"4":3,"5":5,"6":8,"7":8},"f":{"0":10,"1":3,"2":5},"b":{}}
,"/home/vin_enault/OpenClassrooms/Testez-et-am-liorez-une-application-full-stack/front/src/app/core/service/session-api.service.ts": {"path":"/home/vin_enault/OpenClassrooms/Testez-et-am-liorez-une-application-full-stack/front/src/app/core/service/session-api.service.ts","statementMap":{"0":{"start":{"line":1,"column":0},"end":{"line":1,"column":50}},"1":{"start":{"line":2,"column":0},"end":{"line":2,"column":43}},"2":{"start":{"line":13,"column":22},"end":{"line":13,"column":34}},"3":{"start":{"line":11,"column":10},"end":{"line":11,"column":38}},"4":{"start":{"line":17,"column":4},"end":{"line":17,"column":60}},"5":{"start":{"line":21,"column":4},"end":{"line":21,"column":69}},"6":{"start":{"line":25,"column":4},"end":{"line":25,"column":72}},"7":{"start":{"line":29,"column":4},"end":{"line":29,"column":68}},"8":{"start":{"line":33,"column":4},"end":{"line":33,"column":78}},"9":{"start":{"line":37,"column":4},"end":{"line":37,"column":98}},"10":{"start":{"line":41,"column":4},"end":{"line":41,"column":94}},"11":{"start":{"line":9,"column":13},"end":{"line":9,"column":30}},"12":{"start":{"line":9,"column":13},"end":{"line":44,"column":null}}},"fnMap":{"0":{"name":"(anonymous_0)","decl":{"start":{"line":13,"column":2},"end":{"line":13,"column":22}},"loc":{"start":{"line":13,"column":44},"end":{"line":14,"column":3}}},"1":{"name":"(anonymous_1)","decl":{"start":{"line":16,"column":9},"end":{"line":16,"column":12}},"loc":{"start":{"line":16,"column":12},"end":{"line":18,"column":3}}},"2":{"name":"(anonymous_2)","decl":{"start":{"line":20,"column":9},"end":{"line":20,"column":15}},"loc":{"start":{"line":20,"column":26},"end":{"line":22,"column":3}}},"3":{"name":"(anonymous_3)","decl":{"start":{"line":24,"column":9},"end":{"line":24,"column":15}},"loc":{"start":{"line":24,"column":26},"end":{"line":26,"column":3}}},"4":{"name":"(anonymous_4)","decl":{"start":{"line":28,"column":9},"end":{"line":28,"column":15}},"loc":{"start":{"line":28,"column":32},"end":{"line":30,"column":3}}},"5":{"name":"(anonymous_5)","decl":{"start":{"line":32,"column":9},"end":{"line":32,"column":15}},"loc":{"start":{"line":32,"column":44},"end":{"line":34,"column":3}}},"6":{"name":"(anonymous_6)","decl":{"start":{"line":36,"column":9},"end":{"line":36,"column":20}},"loc":{"start":{"line":36,"column":47},"end":{"line":38,"column":3}}},"7":{"name":"(anonymous_7)","decl":{"start":{"line":40,"column":9},"end":{"line":40,"column":22}},"loc":{"start":{"line":40,"column":49},"end":{"line":42,"column":3}}}},"branchMap":{},"s":{"0":8,"1":8,"2":12,"3":12,"4":2,"5":7,"6":2,"7":2,"8":2,"9":2,"10":2,"11":8,"12":8},"f":{"0":12,"1":2,"2":7,"3":2,"4":2,"5":2,"6":2,"7":2},"b":{}}
,"/home/vin_enault/OpenClassrooms/Testez-et-am-liorez-une-application-full-stack/front/src/app/core/service/session.service.ts": {"path":"/home/vin_enault/OpenClassrooms/Testez-et-am-liorez-une-application-full-stack/front/src/app/core/service/session.service.ts","statementMap":{"0":{"start":{"line":1,"column":0},"end":{"line":1,"column":43}},"1":{"start":{"line":2,"column":0},"end":{"line":2,"column":51}},"2":{"start":{"line":8,"column":7},"end":{"line":34,"column":null}},"3":{"start":{"line":10,"column":9},"end":{"line":10,"column":26}},"4":{"start":{"line":13,"column":10},"end":{"line":13,"column":72}},"5":{"start":{"line":16,"column":4},"end":{"line":16,"column":47}},"6":{"start":{"line":20,"column":4},"end":{"line":20,"column":35}},"7":{"start":{"line":21,"column":4},"end":{"line":21,"column":25}},"8":{"start":{"line":22,"column":4},"end":{"line":22,"column":16}},"9":{"start":{"line":26,"column":4},"end":{"line":26,"column":40}},"10":{"start":{"line":27,"column":4},"end":{"line":27,"column":26}},"11":{"start":{"line":28,"column":4},"end":{"line":28,"column":16}},"12":{"start":{"line":32,"column":4},"end":{"line":32,"column":45}},"13":{"start":{"line":8,"column":13},"end":{"line":8,"column":27}},"14":{"start":{"line":8,"column":13},"end":{"line":34,"column":null}}},"fnMap":{"0":{"name":"(anonymous_0)","decl":{"start":{"line":8,"column":7},"end":{"line":8,"column":13}},"loc":{"start":{"line":8,"column":7},"end":{"line":34,"column":1}}},"1":{"name":"(anonymous_1)","decl":{"start":{"line":15,"column":9},"end":{"line":15,"column":18}},"loc":{"start":{"line":15,"column":18},"end":{"line":17,"column":3}}},"2":{"name":"(anonymous_2)","decl":{"start":{"line":19,"column":9},"end":{"line":19,"column":14}},"loc":{"start":{"line":19,"column":39},"end":{"line":23,"column":3}}},"3":{"name":"(anonymous_3)","decl":{"start":{"line":25,"column":9},"end":{"line":25,"column":15}},"loc":{"start":{"line":25,"column":15},"end":{"line":29,"column":3}}},"4":{"name":"(anonymous_4)","decl":{"start":{"line":31,"column":10},"end":{"line":31,"column":14}},"loc":{"start":{"line":31,"column":14},"end":{"line":33,"column":3}}}},"branchMap":{},"s":{"0":10,"1":10,"2":10,"3":14,"4":14,"5":6,"6":4,"7":4,"8":4,"9":3,"10":3,"11":3,"12":7,"13":10,"14":10},"f":{"0":14,"1":6,"2":4,"3":3,"4":7},"b":{}}
,"/home/vin_enault/OpenClassrooms/Testez-et-am-liorez-une-application-full-stack/front/src/app/core/service/teacher.service.ts": {"path":"/home/vin_enault/OpenClassrooms/Testez-et-am-liorez-une-application-full-stack/front/src/app/core/service/teacher.service.ts","statementMap":{"0":{"start":{"line":1,"column":0},"end":{"line":1,"column":50}},"1":{"start":{"line":2,"column":0},"end":{"line":2,"column":43}},"2":{"start":{"line":13,"column":22},"end":{"line":13,"column":34}},"3":{"start":{"line":11,"column":10},"end":{"line":11,"column":38}},"4":{"start":{"line":16,"column":4},"end":{"line":16,"column":60}},"5":{"start":{"line":20,"column":4},"end":{"line":20,"column":69}},"6":{"start":{"line":9,"column":13},"end":{"line":9,"column":27}},"7":{"start":{"line":9,"column":13},"end":{"line":22,"column":null}}},"fnMap":{"0":{"name":"(anonymous_0)","decl":{"start":{"line":13,"column":2},"end":{"line":13,"column":22}},"loc":{"start":{"line":13,"column":44},"end":{"line":13,"column":49}}},"1":{"name":"(anonymous_1)","decl":{"start":{"line":15,"column":9},"end":{"line":15,"column":12}},"loc":{"start":{"line":15,"column":12},"end":{"line":17,"column":3}}},"2":{"name":"(anonymous_2)","decl":{"start":{"line":19,"column":9},"end":{"line":19,"column":15}},"loc":{"start":{"line":19,"column":26},"end":{"line":21,"column":3}}}},"branchMap":{},"s":{"0":5,"1":5,"2":6,"3":6,"4":3,"5":6,"6":5,"7":5},"f":{"0":6,"1":3,"2":6},"b":{}}
,"/home/vin_enault/OpenClassrooms/Testez-et-am-liorez-une-application-full-stack/front/src/app/core/service/user.service.ts": {"path":"/home/vin_enault/OpenClassrooms/Testez-et-am-liorez-une-application-full-stack/front/src/app/core/service/user.service.ts","statementMap":{"0":{"start":{"line":1,"column":0},"end":{"line":1,"column":50}},"1":{"start":{"line":2,"column":0},"end":{"line":2,"column":43}},"2":{"start":{"line":13,"column":22},"end":{"line":13,"column":34}},"3":{"start":{"line":11,"column":10},"end":{"line":11,"column":35}},"4":{"start":{"line":16,"column":4},"end":{"line":16,"column":66}},"5":{"start":{"line":20,"column":4},"end":{"line":20,"column":69}},"6":{"start":{"line":9,"column":13},"end":{"line":9,"column":24}},"7":{"start":{"line":9,"column":13},"end":{"line":22,"column":null}}},"fnMap":{"0":{"name":"(anonymous_0)","decl":{"start":{"line":13,"column":2},"end":{"line":13,"column":22}},"loc":{"start":{"line":13,"column":44},"end":{"line":13,"column":49}}},"1":{"name":"(anonymous_1)","decl":{"start":{"line":15,"column":9},"end":{"line":15,"column":16}},"loc":{"start":{"line":15,"column":27},"end":{"line":17,"column":3}}},"2":{"name":"(anonymous_2)","decl":{"start":{"line":19,"column":9},"end":{"line":19,"column":15}},"loc":{"start":{"line":19,"column":26},"end":{"line":21,"column":3}}}},"branchMap":{},"s":{"0":2,"1":2,"2":4,"3":4,"4":4,"5":2,"6":2,"7":2},"f":{"0":4,"1":4,"2":2},"b":{}}
,"/home/vin_enault/OpenClassrooms/Testez-et-am-liorez-une-application-full-stack/front/src/app/pages/login/login.component.html": {"path":"/home/vin_enault/OpenClassrooms/Testez-et-am-liorez-une-application-full-stack/front/src/app/pages/login/login.component.html","statementMap":{"0":{"start":{"line":1,"column":0},"end":{"line":1,"column":1352}}},"fnMap":{},"branchMap":{},"s":{"0":4},"f":{},"b":{},"_coverageSchema":"1a1c01bbd47fc00a2c39e90264f33305004495a9","hash":"21036638b7c7923591fee7470c0ac6505196aab7"}
,"/home/vin_enault/OpenClassrooms/Testez-et-am-liorez-une-application-full-stack/front/src/app/pages/login/login.component.ts": {"path":"/home/vin_enault/OpenClassrooms/Testez-et-am-liorez-une-application-full-stack/front/src/app/pages/login/login.component.ts","statementMap":{"0":{"start":{"line":1,"column":0},"end":{"line":1,"column":50}},"1":{"start":{"line":2,"column":0},"end":{"line":2,"column":57}},"2":{"start":{"line":3,"column":0},"end":{"line":3,"column":41}},"3":{"start":{"line":5,"column":0},"end":{"line":5,"column":70}},"4":{"start":{"line":7,"column":0},"end":{"line":7,"column":62}},"5":{"start":{"line":8,"column":0},"end":{"line":8,"column":62}},"6":{"start":{"line":9,"column":0},"end":{"line":9,"column":47}},"7":{"start":{"line":17,"column":7},"end":{"line":53,"column":null}},"8":{"start":{"line":18,"column":10},"end":{"line":18,"column":44}},"9":{"start":{"line":19,"column":10},"end":{"line":19,"column":35}},"10":{"start":{"line":20,"column":10},"end":{"line":20,"column":34}},"11":{"start":{"line":21,"column":10},"end":{"line":21,"column":50}},"12":{"start":{"line":23,"column":9},"end":{"line":23,"column":21}},"13":{"start":{"line":24,"column":9},"end":{"line":24,"column":25}},"14":{"start":{"line":26,"column":9},"end":{"line":41,"column":5}},"15":{"start":{"line":44,"column":25},"end":{"line":44,"column":56}},"16":{"start":{"line":45,"column":4},"end":{"line":51,"column":7}},"17":{"start":{"line":47,"column":8},"end":{"line":47,"column":44}},"18":{"start":{"line":48,"column":8},"end":{"line":48,"column":44}},"19":{"start":{"line":50,"column":22},"end":{"line":50,"column":41}},"20":{"start":{"line":17,"column":13},"end":{"line":17,"column":27}},"21":{"start":{"line":17,"column":13},"end":{"line":53,"column":null}}},"fnMap":{"0":{"name":"(anonymous_0)","decl":{"start":{"line":17,"column":7},"end":{"line":17,"column":13}},"loc":{"start":{"line":17,"column":7},"end":{"line":53,"column":1}}},"1":{"name":"(anonymous_1)","decl":{"start":{"line":43,"column":9},"end":{"line":43,"column":15}},"loc":{"start":{"line":43,"column":15},"end":{"line":52,"column":3}}},"2":{"name":"(anonymous_2)","decl":{"start":{"line":46,"column":12},"end":{"line":46,"column":13}},"loc":{"start":{"line":46,"column":45},"end":{"line":49,"column":7}}},"3":{"name":"(anonymous_3)","decl":{"start":{"line":50,"column":13},"end":{"line":50,"column":18}},"loc":{"start":{"line":50,"column":22},"end":{"line":50,"column":41}}}},"branchMap":{},"s":{"0":4,"1":4,"2":4,"3":4,"4":4,"5":4,"6":4,"7":4,"8":4,"9":4,"10":4,"11":4,"12":4,"13":4,"14":4,"15":2,"16":2,"17":1,"18":1,"19":1,"20":4,"21":4},"f":{"0":4,"1":2,"2":1,"3":1},"b":{}}
,"/home/vin_enault/OpenClassrooms/Testez-et-am-liorez-une-application-full-stack/front/src/app/pages/not-found/not-found.component.html": {"path":"/home/vin_enault/OpenClassrooms/Testez-et-am-liorez-une-application-full-stack/front/src/app/pages/not-found/not-found.component.html","statementMap":{"0":{"start":{"line":1,"column":0},"end":{"line":1,"column":99}}},"fnMap":{},"branchMap":{},"s":{"0":1},"f":{},"b":{},"_coverageSchema":"1a1c01bbd47fc00a2c39e90264f33305004495a9","hash":"92b6bc0e3fbda35c76143499408ec70006bde5d5"}
,"/home/vin_enault/OpenClassrooms/Testez-et-am-liorez-une-application-full-stack/front/src/app/pages/not-found/not-found.component.ts": {"path":"/home/vin_enault/OpenClassrooms/Testez-et-am-liorez-une-application-full-stack/front/src/app/pages/not-found/not-found.component.ts","statementMap":{"0":{"start":{"line":1,"column":0},"end":{"line":1,"column":42}},"1":{"start":{"line":8,"column":7},"end":{"line":9,"column":null}},"2":{"start":{"line":8,"column":13},"end":{"line":8,"column":30}},"3":{"start":{"line":8,"column":13},"end":{"line":9,"column":null}}},"fnMap":{},"branchMap":{},"s":{"0":1,"1":1,"2":1,"3":1},"f":{},"b":{}}
,"/home/vin_enault/OpenClassrooms/Testez-et-am-liorez-une-application-full-stack/front/src/app/pages/register/register.component.html": {"path":"/home/vin_enault/OpenClassrooms/Testez-et-am-liorez-une-application-full-stack/front/src/app/pages/register/register.component.html","statementMap":{"0":{"start":{"line":1,"column":0},"end":{"line":1,"column":1355}}},"fnMap":{},"branchMap":{},"s":{"0":2},"f":{},"b":{},"_coverageSchema":"1a1c01bbd47fc00a2c39e90264f33305004495a9","hash":"6c3a82320bfb1d3c5b0810076c855338c9692c7f"}
,"/home/vin_enault/OpenClassrooms/Testez-et-am-liorez-une-application-full-stack/front/src/app/pages/register/register.component.ts": {"path":"/home/vin_enault/OpenClassrooms/Testez-et-am-liorez-une-application-full-stack/front/src/app/pages/register/register.component.ts","statementMap":{"0":{"start":{"line":1,"column":0},"end":{"line":1,"column":50}},"1":{"start":{"line":2,"column":0},"end":{"line":2,"column":57}},"2":{"start":{"line":3,"column":0},"end":{"line":3,"column":41}},"3":{"start":{"line":4,"column":0},"end":{"line":4,"column":62}},"4":{"start":{"line":6,"column":0},"end":{"line":6,"column":62}},"5":{"start":{"line":7,"column":0},"end":{"line":7,"column":47}},"6":{"start":{"line":14,"column":7},"end":{"line":64,"column":null}},"7":{"start":{"line":15,"column":10},"end":{"line":15,"column":44}},"8":{"start":{"line":16,"column":10},"end":{"line":16,"column":35}},"9":{"start":{"line":17,"column":10},"end":{"line":17,"column":34}},"10":{"start":{"line":18,"column":9},"end":{"line":18,"column":25}},"11":{"start":{"line":20,"column":9},"end":{"line":52,"column":5}},"12":{"start":{"line":56,"column":28},"end":{"line":56,"column":62}},"13":{"start":{"line":57,"column":4},"end":{"line":61,"column":6}},"14":{"start":{"line":58,"column":25},"end":{"line":58,"column":57}},"15":{"start":{"line":59,"column":18},"end":{"line":59,"column":37}},"16":{"start":{"line":14,"column":13},"end":{"line":14,"column":30}},"17":{"start":{"line":14,"column":13},"end":{"line":64,"column":null}}},"fnMap":{"0":{"name":"(anonymous_0)","decl":{"start":{"line":14,"column":7},"end":{"line":14,"column":13}},"loc":{"start":{"line":14,"column":7},"end":{"line":64,"column":1}}},"1":{"name":"(anonymous_1)","decl":{"start":{"line":55,"column":9},"end":{"line":55,"column":15}},"loc":{"start":{"line":55,"column":15},"end":{"line":62,"column":3}}},"2":{"name":"(anonymous_2)","decl":{"start":{"line":58,"column":12},"end":{"line":58,"column":13}},"loc":{"start":{"line":58,"column":25},"end":{"line":58,"column":57}}},"3":{"name":"(anonymous_3)","decl":{"start":{"line":59,"column":13},"end":{"line":59,"column":14}},"loc":{"start":{"line":59,"column":18},"end":{"line":59,"column":37}}}},"branchMap":{},"s":{"0":2,"1":2,"2":2,"3":2,"4":2,"5":2,"6":2,"7":6,"8":6,"9":6,"10":6,"11":6,"12":2,"13":2,"14":1,"15":1,"16":2,"17":2},"f":{"0":6,"1":2,"2":1,"3":1},"b":{}}
,"/home/vin_enault/OpenClassrooms/Testez-et-am-liorez-une-application-full-stack/front/src/app/pages/sessions/components/detail/detail.component.html": {"path":"/home/vin_enault/OpenClassrooms/Testez-et-am-liorez-une-application-full-stack/front/src/app/pages/sessions/components/detail/detail.component.html","statementMap":{"0":{"start":{"line":1,"column":0},"end":{"line":1,"column":2760}}},"fnMap":{},"branchMap":{},"s":{"0":2},"f":{},"b":{},"_coverageSchema":"1a1c01bbd47fc00a2c39e90264f33305004495a9","hash":"41d0e95a3585cc397b4e3044c659b6a7eb4241c6"}
,"/home/vin_enault/OpenClassrooms/Testez-et-am-liorez-une-application-full-stack/front/src/app/pages/sessions/components/detail/detail.component.ts": {"path":"/home/vin_enault/OpenClassrooms/Testez-et-am-liorez-une-application-full-stack/front/src/app/pages/sessions/components/detail/detail.component.ts","statementMap":{"0":{"start":{"line":1,"column":0},"end":{"line":1,"column":69}},"1":{"start":{"line":2,"column":0},"end":{"line":2,"column":31}},"2":{"start":{"line":3,"column":0},"end":{"line":3,"column":43}},"3":{"start":{"line":4,"column":0},"end":{"line":4,"column":45}},"4":{"start":{"line":5,"column":0},"end":{"line":5,"column":58}},"5":{"start":{"line":6,"column":0},"end":{"line":6,"column":57}},"6":{"start":{"line":8,"column":0},"end":{"line":8,"column":74}},"7":{"start":{"line":9,"column":0},"end":{"line":9,"column":74}},"8":{"start":{"line":11,"column":0},"end":{"line":11,"column":81}},"9":{"start":{"line":12,"column":0},"end":{"line":12,"column":68}},"10":{"start":{"line":13,"column":0},"end":{"line":13,"column":47}},"11":{"start":{"line":22,"column":10},"end":{"line":22,"column":41}},"12":{"start":{"line":25,"column":9},"end":{"line":25,"column":31}},"13":{"start":{"line":26,"column":9},"end":{"line":26,"column":25}},"14":{"start":{"line":30,"column":10},"end":{"line":30,"column":41}},"15":{"start":{"line":31,"column":10},"end":{"line":31,"column":35}},"16":{"start":{"line":32,"column":10},"end":{"line":32,"column":50}},"17":{"start":{"line":33,"column":10},"end":{"line":33,"column":56}},"18":{"start":{"line":34,"column":10},"end":{"line":34,"column":50}},"19":{"start":{"line":35,"column":10},"end":{"line":35,"column":44}},"20":{"start":{"line":36,"column":10},"end":{"line":36,"column":34}},"21":{"start":{"line":39,"column":4},"end":{"line":39,"column":61}},"22":{"start":{"line":40,"column":4},"end":{"line":40,"column":65}},"23":{"start":{"line":41,"column":4},"end":{"line":41,"column":72}},"24":{"start":{"line":45,"column":4},"end":{"line":45,"column":24}},"25":{"start":{"line":49,"column":4},"end":{"line":49,"column":25}},"26":{"start":{"line":50,"column":4},"end":{"line":50,"column":29}},"27":{"start":{"line":55,"column":4},"end":{"line":55,"column":26}},"28":{"start":{"line":59,"column":4},"end":{"line":65,"column":8}},"29":{"start":{"line":62,"column":8},"end":{"line":62,"column":80}},"30":{"start":{"line":63,"column":8},"end":{"line":63,"column":43}},"31":{"start":{"line":69,"column":4},"end":{"line":69,"column":104}},"32":{"start":{"line":69,"column":83},"end":{"line":69,"column":102}},"33":{"start":{"line":73,"column":4},"end":{"line":73,"column":106}},"34":{"start":{"line":73,"column":85},"end":{"line":73,"column":104}},"35":{"start":{"line":77,"column":4},"end":{"line":87,"column":9}},"36":{"start":{"line":81,"column":8},"end":{"line":81,"column":31}},"37":{"start":{"line":82,"column":8},"end":{"line":82,"column":109}},"38":{"start":{"line":82,"column":56},"end":{"line":82,"column":107}},"39":{"start":{"line":83,"column":8},"end":{"line":86,"column":67}},"40":{"start":{"line":86,"column":43},"end":{"line":86,"column":65}},"41":{"start":{"line":21,"column":13},"end":{"line":21,"column":28}},"42":{"start":{"line":21,"column":13},"end":{"line":89,"column":null}}},"fnMap":{"0":{"name":"(anonymous_0)","decl":{"start":{"line":38,"column":2},"end":{"line":38,"column":null}},"loc":{"start":{"line":38,"column":2},"end":{"line":42,"column":3}}},"1":{"name":"(anonymous_1)","decl":{"start":{"line":44,"column":2},"end":{"line":44,"column":10}},"loc":{"start":{"line":44,"column":10},"end":{"line":46,"column":3}}},"2":{"name":"(anonymous_2)","decl":{"start":{"line":48,"column":2},"end":{"line":48,"column":13}},"loc":{"start":{"line":48,"column":13},"end":{"line":51,"column":3}}},"3":{"name":"(anonymous_3)","decl":{"start":{"line":54,"column":9},"end":{"line":54,"column":13}},"loc":{"start":{"line":54,"column":13},"end":{"line":56,"column":3}}},"4":{"name":"(anonymous_4)","decl":{"start":{"line":58,"column":9},"end":{"line":58,"column":15}},"loc":{"start":{"line":58,"column":15},"end":{"line":66,"column":3}}},"5":{"name":"(anonymous_5)","decl":{"start":{"line":61,"column":17},"end":{"line":61,"column":20}},"loc":{"start":{"line":61,"column":22},"end":{"line":64,"column":7}}},"6":{"name":"(anonymous_6)","decl":{"start":{"line":68,"column":9},"end":{"line":68,"column":20}},"loc":{"start":{"line":68,"column":20},"end":{"line":70,"column":3}}},"7":{"name":"(anonymous_7)","decl":{"start":{"line":69,"column":78},"end":{"line":69,"column":79}},"loc":{"start":{"line":69,"column":83},"end":{"line":69,"column":102}}},"8":{"name":"(anonymous_8)","decl":{"start":{"line":72,"column":9},"end":{"line":72,"column":22}},"loc":{"start":{"line":72,"column":22},"end":{"line":74,"column":3}}},"9":{"name":"(anonymous_9)","decl":{"start":{"line":73,"column":80},"end":{"line":73,"column":81}},"loc":{"start":{"line":73,"column":85},"end":{"line":73,"column":104}}},"10":{"name":"(anonymous_10)","decl":{"start":{"line":76,"column":10},"end":{"line":76,"column":22}},"loc":{"start":{"line":76,"column":22},"end":{"line":88,"column":3}}},"11":{"name":"(anonymous_11)","decl":{"start":{"line":80,"column":17},"end":{"line":80,"column":18}},"loc":{"start":{"line":80,"column":38},"end":{"line":87,"column":7}}},"12":{"name":"(anonymous_12)","decl":{"start":{"line":82,"column":48},"end":{"line":82,"column":52}},"loc":{"start":{"line":82,"column":56},"end":{"line":82,"column":107}}},"13":{"name":"(anonymous_13)","decl":{"start":{"line":86,"column":21},"end":{"line":86,"column":22}},"loc":{"start":{"line":86,"column":43},"end":{"line":86,"column":65}}}},"branchMap":{},"s":{"0":2,"1":2,"2":2,"3":2,"4":2,"5":2,"6":2,"7":2,"8":2,"9":2,"10":2,"11":4,"12":4,"13":4,"14":4,"15":4,"16":4,"17":4,"18":4,"19":4,"20":4,"21":4,"22":4,"23":4,"24":5,"25":5,"26":5,"27":0,"28":1,"29":1,"30":1,"31":1,"32":1,"33":1,"34":1,"35":7,"36":7,"37":7,"38":9,"39":7,"40":7,"41":2,"42":2},"f":{"0":4,"1":5,"2":5,"3":0,"4":1,"5":1,"6":1,"7":1,"8":1,"9":1,"10":7,"11":7,"12":9,"13":7},"b":{}}
,"/home/vin_enault/OpenClassrooms/Testez-et-am-liorez-une-application-full-stack/front/src/app/pages/sessions/components/form/form.component.html": {"path":"/home/vin_enault/OpenClassrooms/Testez-et-am-liorez-une-application-full-stack/front/src/app/pages/sessions/components/form/form.component.html","statementMap":{"0":{"start":{"line":1,"column":0},"end":{"line":1,"column":1906}}},"fnMap":{},"branchMap":{},"s":{"0":2},"f":{},"b":{},"_coverageSchema":"1a1c01bbd47fc00a2c39e90264f33305004495a9","hash":"9e80037f55475ebfb62f96ba1385de9d4b5556e7"}
,"/home/vin_enault/OpenClassrooms/Testez-et-am-liorez-une-application-full-stack/front/src/app/pages/sessions/components/form/form.component.ts": {"path":"/home/vin_enault/OpenClassrooms/Testez-et-am-liorez-une-application-full-stack/front/src/app/pages/sessions/components/form/form.component.ts","statementMap":{"0":{"start":{"line":1,"column":0},"end":{"line":1,"column":69}},"1":{"start":{"line":2,"column":0},"end":{"line":2,"column":31}},"2":{"start":{"line":3,"column":0},"end":{"line":3,"column":43}},"3":{"start":{"line":4,"column":0},"end":{"line":4,"column":68}},"4":{"start":{"line":5,"column":0},"end":{"line":5,"column":58}},"5":{"start":{"line":6,"column":0},"end":{"line":6,"column":57}},"6":{"start":{"line":7,"column":0},"end":{"line":7,"column":74}},"7":{"start":{"line":8,"column":0},"end":{"line":8,"column":74}},"8":{"start":{"line":10,"column":0},"end":{"line":10,"column":81}},"9":{"start":{"line":11,"column":0},"end":{"line":11,"column":68}},"10":{"start":{"line":12,"column":0},"end":{"line":12,"column":47}},"11":{"start":{"line":20,"column":7},"end":{"line":99,"column":null}},"12":{"start":{"line":21,"column":10},"end":{"line":21,"column":41}},"13":{"start":{"line":22,"column":10},"end":{"line":22,"column":41}},"14":{"start":{"line":23,"column":10},"end":{"line":23,"column":35}},"15":{"start":{"line":24,"column":10},"end":{"line":24,"column":44}},"16":{"start":{"line":25,"column":10},"end":{"line":25,"column":56}},"17":{"start":{"line":26,"column":10},"end":{"line":26,"column":50}},"18":{"start":{"line":27,"column":10},"end":{"line":27,"column":50}},"19":{"start":{"line":28,"column":10},"end":{"line":28,"column":34}},"20":{"start":{"line":30,"column":9},"end":{"line":30,"column":35}},"21":{"start":{"line":32,"column":9},"end":{"line":32,"column":47}},"22":{"start":{"line":36,"column":4},"end":{"line":38,"column":5}},"23":{"start":{"line":37,"column":6},"end":{"line":37,"column":42}},"24":{"start":{"line":39,"column":16},"end":{"line":39,"column":31}},"25":{"start":{"line":40,"column":4},"end":{"line":49,"column":5}},"26":{"start":{"line":41,"column":6},"end":{"line":41,"column":27}},"27":{"start":{"line":42,"column":6},"end":{"line":42,"column":56}},"28":{"start":{"line":43,"column":6},"end":{"line":46,"column":65}},"29":{"start":{"line":46,"column":41},"end":{"line":46,"column":63}},"30":{"start":{"line":48,"column":6},"end":{"line":48,"column":22}},"31":{"start":{"line":53,"column":4},"end":{"line":53,"column":25}},"32":{"start":{"line":54,"column":4},"end":{"line":54,"column":29}},"33":{"start":{"line":58,"column":20},"end":{"line":58,"column":54}},"34":{"start":{"line":60,"column":4},"end":{"line":68,"column":5}},"35":{"start":{"line":61,"column":6},"end":{"line":63,"column":71}},"36":{"start":{"line":63,"column":35},"end":{"line":63,"column":69}},"37":{"start":{"line":65,"column":6},"end":{"line":67,"column":71}},"38":{"start":{"line":67,"column":35},"end":{"line":67,"column":69}},"39":{"start":{"line":72,"column":4},"end":{"line":92,"column":7}},"40":{"start":{"line":96,"column":4},"end":{"line":96,"column":64}},"41":{"start":{"line":97,"column":4},"end":{"line":97,"column":39}},"42":{"start":{"line":20,"column":13},"end":{"line":20,"column":26}},"43":{"start":{"line":20,"column":13},"end":{"line":99,"column":null}}},"fnMap":{"0":{"name":"(anonymous_0)","decl":{"start":{"line":20,"column":7},"end":{"line":20,"column":13}},"loc":{"start":{"line":20,"column":7},"end":{"line":99,"column":1}}},"1":{"name":"(anonymous_1)","decl":{"start":{"line":35,"column":2},"end":{"line":35,"column":10}},"loc":{"start":{"line":35,"column":10},"end":{"line":50,"column":3}}},"2":{"name":"(anonymous_2)","decl":{"start":{"line":46,"column":19},"end":{"line":46,"column":20}},"loc":{"start":{"line":46,"column":41},"end":{"line":46,"column":63}}},"3":{"name":"(anonymous_3)","decl":{"start":{"line":52,"column":2},"end":{"line":52,"column":13}},"loc":{"start":{"line":52,"column":13},"end":{"line":55,"column":3}}},"4":{"name":"(anonymous_4)","decl":{"start":{"line":57,"column":9},"end":{"line":57,"column":15}},"loc":{"start":{"line":57,"column":15},"end":{"line":69,"column":3}}},"5":{"name":"(anonymous_5)","decl":{"start":{"line":63,"column":19},"end":{"line":63,"column":20}},"loc":{"start":{"line":63,"column":35},"end":{"line":63,"column":69}}},"6":{"name":"(anonymous_6)","decl":{"start":{"line":67,"column":19},"end":{"line":67,"column":20}},"loc":{"start":{"line":67,"column":35},"end":{"line":67,"column":69}}},"7":{"name":"(anonymous_7)","decl":{"start":{"line":71,"column":10},"end":{"line":71,"column":18}},"loc":{"start":{"line":71,"column":36},"end":{"line":93,"column":3}}},"8":{"name":"(anonymous_8)","decl":{"start":{"line":95,"column":10},"end":{"line":95,"column":18}},"loc":{"start":{"line":95,"column":34},"end":{"line":98,"column":3}}}},"branchMap":{"0":{"loc":{"start":{"line":36,"column":4},"end":{"line":38,"column":5}},"type":"if","locations":[{"start":{"line":36,"column":4},"end":{"line":38,"column":5}}]},"1":{"loc":{"start":{"line":40,"column":4},"end":{"line":49,"column":5}},"type":"if","locations":[{"start":{"line":40,"column":4},"end":{"line":49,"column":5}},{"start":{"line":47,"column":11},"end":{"line":49,"column":5}}]},"2":{"loc":{"start":{"line":60,"column":4},"end":{"line":68,"column":5}},"type":"if","locations":[{"start":{"line":60,"column":4},"end":{"line":68,"column":5}},{"start":{"line":64,"column":11},"end":{"line":68,"column":5}}]},"3":{"loc":{"start":{"line":74,"column":8},"end":{"line":74,"column":35}},"type":"cond-expr","locations":[{"start":{"line":74,"column":18},"end":{"line":74,"column":30}},{"start":{"line":74,"column":33},"end":{"line":74,"column":35}}]},"4":{"loc":{"start":{"line":78,"column":8},"end":{"line":78,"column":73}},"type":"cond-expr","locations":[{"start":{"line":78,"column":18},"end":{"line":78,"column":68}},{"start":{"line":78,"column":71},"end":{"line":78,"column":73}}]},"5":{"loc":{"start":{"line":82,"column":8},"end":{"line":82,"column":41}},"type":"cond-expr","locations":[{"start":{"line":82,"column":18},"end":{"line":82,"column":36}},{"start":{"line":82,"column":39},"end":{"line":82,"column":41}}]},"6":{"loc":{"start":{"line":86,"column":8},"end":{"line":86,"column":42}},"type":"cond-expr","locations":[{"start":{"line":86,"column":18},"end":{"line":86,"column":37}},{"start":{"line":86,"column":40},"end":{"line":86,"column":42}}]}},"s":{"0":2,"1":2,"2":2,"3":2,"4":2,"5":2,"6":2,"7":2,"8":2,"9":2,"10":2,"11":2,"12":6,"13":6,"14":6,"15":6,"16":6,"17":6,"18":6,"19":6,"20":6,"21":6,"22":6,"23":0,"24":6,"25":6,"26":2,"27":2,"28":2,"29":2,"30":4,"31":7,"32":7,"33":2,"34":2,"35":1,"36":1,"37":1,"38":1,"39":6,"40":2,"41":2,"42":2,"43":2},"f":{"0":6,"1":6,"2":2,"3":7,"4":2,"5":1,"6":1,"7":6,"8":2},"b":{"0":[0],"1":[2,4],"2":[1,1],"3":[2,4],"4":[2,4],"5":[2,4],"6":[2,4]}}
,"/home/vin_enault/OpenClassrooms/Testez-et-am-liorez-une-application-full-stack/front/src/app/pages/sessions/components/list/list.component.html": {"path":"/home/vin_enault/OpenClassrooms/Testez-et-am-liorez-une-application-full-stack/front/src/app/pages/sessions/components/list/list.component.html","statementMap":{"0":{"start":{"line":1,"column":0},"end":{"line":1,"column":1714}}},"fnMap":{},"branchMap":{},"s":{"0":3},"f":{},"b":{},"_coverageSchema":"1a1c01bbd47fc00a2c39e90264f33305004495a9","hash":"60bdc558f8ae0046b918368c93365699c3e3b485"}
,"/home/vin_enault/OpenClassrooms/Testez-et-am-liorez-une-application-full-stack/front/src/app/pages/sessions/components/list/list.component.ts": {"path":"/home/vin_enault/OpenClassrooms/Testez-et-am-liorez-une-application-full-stack/front/src/app/pages/sessions/components/list/list.component.ts","statementMap":{"0":{"start":{"line":1,"column":0},"end":{"line":1,"column":50}},"1":{"start":{"line":4,"column":0},"end":{"line":4,"column":74}},"2":{"start":{"line":6,"column":0},"end":{"line":6,"column":81}},"3":{"start":{"line":7,"column":0},"end":{"line":7,"column":68}},"4":{"start":{"line":8,"column":0},"end":{"line":8,"column":47}},"5":{"start":{"line":9,"column":0},"end":{"line":9,"column":47}},"6":{"start":{"line":17,"column":7},"end":{"line":26,"column":null}},"7":{"start":{"line":18,"column":10},"end":{"line":18,"column":56}},"8":{"start":{"line":19,"column":10},"end":{"line":19,"column":50}},"9":{"start":{"line":21,"column":9},"end":{"line":21,"column":73}},"10":{"start":{"line":24,"column":4},"end":{"line":24,"column":50}},"11":{"start":{"line":17,"column":13},"end":{"line":17,"column":26}},"12":{"start":{"line":17,"column":13},"end":{"line":26,"column":null}}},"fnMap":{"0":{"name":"(anonymous_0)","decl":{"start":{"line":17,"column":7},"end":{"line":17,"column":13}},"loc":{"start":{"line":17,"column":7},"end":{"line":26,"column":1}}},"1":{"name":"(anonymous_1)","decl":{"start":{"line":23,"column":2},"end":{"line":23,"column":6}},"loc":{"start":{"line":23,"column":10},"end":{"line":25,"column":3}}}},"branchMap":{},"s":{"0":3,"1":3,"2":3,"3":3,"4":3,"5":3,"6":3,"7":1,"8":1,"9":1,"10":1,"11":3,"12":3},"f":{"0":1,"1":1},"b":{}}
,"/home/vin_enault/OpenClassrooms/Testez-et-am-liorez-une-application-full-stack/front/src/app/shared/material.module.ts": {"path":"/home/vin_enault/OpenClassrooms/Testez-et-am-liorez-une-application-full-stack/front/src/app/shared/material.module.ts","statementMap":{"0":{"start":{"line":1,"column":0},"end":{"line":1,"column":41}},"1":{"start":{"line":2,"column":0},"end":{"line":2,"column":53}},"2":{"start":{"line":3,"column":0},"end":{"line":3,"column":50}},"3":{"start":{"line":4,"column":0},"end":{"line":4,"column":51}},"4":{"start":{"line":5,"column":0},"end":{"line":5,"column":71}},"5":{"start":{"line":6,"column":0},"end":{"line":6,"column":59}},"6":{"start":{"line":7,"column":0},"end":{"line":7,"column":72}},"7":{"start":{"line":8,"column":0},"end":{"line":8,"column":55}},"8":{"start":{"line":9,"column":0},"end":{"line":9,"column":63}},"9":{"start":{"line":10,"column":0},"end":{"line":10,"column":57}},"10":{"start":{"line":11,"column":0},"end":{"line":11,"column":57}},"11":{"start":{"line":12,"column":0},"end":{"line":12,"column":61}},"12":{"start":{"line":13,"column":0},"end":{"line":13,"column":65}},"13":{"start":{"line":14,"column":0},"end":{"line":14,"column":66}},"14":{"start":{"line":15,"column":0},"end":{"line":15,"column":55}},"15":{"start":{"line":16,"column":0},"end":{"line":16,"column":57}},"16":{"start":{"line":17,"column":0},"end":{"line":17,"column":55}},"17":{"start":{"line":18,"column":0},"end":{"line":18,"column":55}},"18":{"start":{"line":19,"column":0},"end":{"line":19,"column":65}},"19":{"start":{"line":20,"column":0},"end":{"line":20,"column":78}},"20":{"start":{"line":21,"column":0},"end":{"line":21,"column":59}},"21":{"start":{"line":22,"column":0},"end":{"line":22,"column":61}},"22":{"start":{"line":23,"column":0},"end":{"line":23,"column":64}},"23":{"start":{"line":24,"column":0},"end":{"line":24,"column":55}},"24":{"start":{"line":25,"column":0},"end":{"line":25,"column":57}},"25":{"start":{"line":26,"column":0},"end":{"line":26,"column":55}},"26":{"start":{"line":27,"column":0},"end":{"line":27,"column":61}},"27":{"start":{"line":28,"column":0},"end":{"line":28,"column":55}},"28":{"start":{"line":29,"column":0},"end":{"line":29,"column":53}},"29":{"start":{"line":32,"column":24},"end":{"line":61,"column":2}},"30":{"start":{"line":71,"column":7},"end":{"line":71,"column":null}},"31":{"start":{"line":71,"column":13},"end":{"line":71,"column":27}},"32":{"start":{"line":71,"column":13},"end":{"line":71,"column":null}}},"fnMap":{},"branchMap":{},"s":{"0":11,"1":11,"2":11,"3":11,"4":11,"5":11,"6":11,"7":11,"8":11,"9":11,"10":11,"11":11,"12":11,"13":11,"14":11,"15":11,"16":11,"17":11,"18":11,"19":11,"20":11,"21":11,"22":11,"23":11,"24":11,"25":11,"26":11,"27":11,"28":11,"29":11,"30":11,"31":11,"32":11},"f":{},"b":{}}
}
